{"C:\\Users\\anshu\\OneDrive\\Desktop\\team task manager\\backend\\src\\app.js": {"path":"C:\\Users\\anshu\\OneDrive\\Desktop\\team task manager\\backend\\src\\app.js","statementMap":{"0":{"start":{"line":1,"column":16},"end":{"line":1,"column":34}},"1":{"start":{"line":2,"column":13},"end":{"line":2,"column":28}},"2":{"start":{"line":3,"column":15},"end":{"line":3,"column":32}},"3":{"start":{"line":4,"column":23},"end":{"line":4,"column":38}},"4":{"start":{"line":5,"column":19},"end":{"line":5,"column":43}},"5":{"start":{"line":6,"column":22},"end":{"line":6,"column":50}},"6":{"start":{"line":7,"column":19},"end":{"line":7,"column":44}},"7":{"start":{"line":8,"column":19},"end":{"line":8,"column":44}},"8":{"start":{"line":9,"column":13},"end":{"line":9,"column":28}},"9":{"start":{"line":11,"column":0},"end":{"line":11,"column":16}},"10":{"start":{"line":12,"column":0},"end":{"line":12,"column":13}},"11":{"start":{"line":14,"column":12},"end":{"line":14,"column":21}},"12":{"start":{"line":15,"column":0},"end":{"line":15,"column":16}},"13":{"start":{"line":16,"column":0},"end":{"line":16,"column":24}},"14":{"start":{"line":18,"column":0},"end":{"line":20,"column":3}},"15":{"start":{"line":19,"column":2},"end":{"line":19,"column":60}},"16":{"start":{"line":21,"column":0},"end":{"line":21,"column":33}},"17":{"start":{"line":22,"column":0},"end":{"line":22,"column":34}},"18":{"start":{"line":23,"column":0},"end":{"line":23,"column":40}},"19":{"start":{"line":24,"column":0},"end":{"line":24,"column":34}},"20":{"start":{"line":27,"column":19},"end":{"line":27,"column":56}},"21":{"start":{"line":28,"column":0},"end":{"line":28,"column":48}},"22":{"start":{"line":30,"column":0},"end":{"line":30,"column":21}}},"fnMap":{"0":{"name":"(anonymous_0)","decl":{"start":{"line":18,"column":16},"end":{"line":18,"column":17}},"loc":{"start":{"line":18,"column":30},"end":{"line":20,"column":1}},"line":18}},"branchMap":{},"s":{"0":2,"1":2,"2":2,"3":2,"4":2,"5":2,"6":2,"7":2,"8":2,"9":2,"10":2,"11":2,"12":2,"13":2,"14":2,"15":1,"16":2,"17":2,"18":2,"19":2,"20":2,"21":2,"22":2},"f":{"0":1},"b":{},"_coverageSchema":"1a1c01bbd47fc00a2c39e90264f33305004495a9","hash":"d466a3b3af561353182fe4ee4b13209df5a78b25"}
,"C:\\Users\\anshu\\OneDrive\\Desktop\\team task manager\\backend\\src\\db.js": {"path":"C:\\Users\\anshu\\OneDrive\\Desktop\\team task manager\\backend\\src\\db.js","statementMap":{"0":{"start":{"line":1,"column":17},"end":{"line":1,"column":36}},"1":{"start":{"line":2,"column":13},"end":{"line":2,"column":28}},"2":{"start":{"line":3,"column":15},"end":{"line":3,"column":34}},"3":{"start":{"line":5,"column":15},"end":{"line":5,"column":82}},"4":{"start":{"line":6,"column":15},"end":{"line":6,"column":82}},"5":{"start":{"line":7,"column":20},"end":{"line":7,"column":201}},"6":{"start":{"line":9,"column":13},"end":{"line":9,"column":24}},"7":{"start":{"line":10,"column":0},"end":{"line":14,"column":1}},"8":{"start":{"line":11,"column":2},"end":{"line":11,"column":41}},"9":{"start":{"line":16,"column":11},"end":{"line":20,"column":1}},"10":{"start":{"line":18,"column":15},"end":{"line":18,"column":69}},"11":{"start":{"line":19,"column":16},"end":{"line":19,"column":56}},"12":{"start":{"line":23,"column":2},"end":{"line":33,"column":3}},"13":{"start":{"line":23,"column":36},"end":{"line":23,"column":71}},"14":{"start":{"line":24,"column":4},"end":{"line":31,"column":7}},"15":{"start":{"line":32,"column":4},"end":{"line":32,"column":15}},"16":{"start":{"line":36,"column":0},"end":{"line":36,"column":36}}},"fnMap":{"0":{"name":"(anonymous_0)","decl":{"start":{"line":18,"column":9},"end":{"line":18,"column":10}},"loc":{"start":{"line":18,"column":15},"end":{"line":18,"column":69}},"line":18},"1":{"name":"(anonymous_1)","decl":{"start":{"line":19,"column":8},"end":{"line":19,"column":9}},"loc":{"start":{"line":19,"column":14},"end":{"line":19,"column":58}},"line":19},"2":{"name":"initialize","decl":{"start":{"line":22,"column":9},"end":{"line":22,"column":19}},"loc":{"start":{"line":22,"column":22},"end":{"line":34,"column":1}},"line":22},"3":{"name":"(anonymous_3)","decl":{"start":{"line":23,"column":26},"end":{"line":23,"column":27}},"loc":{"start":{"line":23,"column":36},"end":{"line":23,"column":71}},"line":23}},"branchMap":{"0":{"loc":{"start":{"line":5,"column":15},"end":{"line":5,"column":82}},"type":"binary-expr","locations":[{"start":{"line":5,"column":15},"end":{"line":5,"column":40}},{"start":{"line":5,"column":44},"end":{"line":5,"column":82}}],"line":5},"1":{"loc":{"start":{"line":6,"column":15},"end":{"line":6,"column":82}},"type":"cond-expr","locations":[{"start":{"line":6,"column":41},"end":{"line":6,"column":47}},{"start":{"line":6,"column":50},"end":{"line":6,"column":82}}],"line":6},"2":{"loc":{"start":{"line":23,"column":2},"end":{"line":33,"column":3}},"type":"if","locations":[{"start":{"line":23,"column":2},"end":{"line":33,"column":3}},{"start":{},"end":{}}],"line":23}},"s":{"0":2,"1":2,"2":2,"3":2,"4":2,"5":2,"6":2,"7":2,"8":2,"9":2,"10":1,"11":0,"12":2,"13":2,"14":0,"15":0,"16":2},"f":{"0":1,"1":0,"2":2,"3":2},"b":{"0":[2,2],"1":[2,0],"2":[0,2]},"_coverageSchema":"1a1c01bbd47fc00a2c39e90264f33305004495a9","hash":"fb7ffd3c40645aa43da99b884db2c6a454c6c11c"}
,"C:\\Users\\anshu\\OneDrive\\Desktop\\team task manager\\backend\\src\\middleware\\auth.js": {"path":"C:\\Users\\anshu\\OneDrive\\Desktop\\team task manager\\backend\\src\\middleware\\auth.js","statementMap":{"0":{"start":{"line":1,"column":12},"end":{"line":1,"column":35}},"1":{"start":{"line":4,"column":15},"end":{"line":4,"column":46}},"2":{"start":{"line":5,"column":16},"end":{"line":5,"column":65}},"3":{"start":{"line":6,"column":2},"end":{"line":6,"column":70}},"4":{"start":{"line":6,"column":14},"end":{"line":6,"column":70}},"5":{"start":{"line":8,"column":2},"end":{"line":14,"column":3}},"6":{"start":{"line":9,"column":20},"end":{"line":9,"column":73}},"7":{"start":{"line":10,"column":4},"end":{"line":10,"column":23}},"8":{"start":{"line":11,"column":4},"end":{"line":11,"column":11}},"9":{"start":{"line":13,"column":4},"end":{"line":13,"column":71}},"10":{"start":{"line":17,"column":0},"end":{"line":17,"column":30}}},"fnMap":{"0":{"name":"authenticate","decl":{"start":{"line":3,"column":9},"end":{"line":3,"column":21}},"loc":{"start":{"line":3,"column":38},"end":{"line":15,"column":1}},"line":3}},"branchMap":{"0":{"loc":{"start":{"line":4,"column":15},"end":{"line":4,"column":46}},"type":"binary-expr","locations":[{"start":{"line":4,"column":15},"end":{"line":4,"column":40}},{"start":{"line":4,"column":44},"end":{"line":4,"column":46}}],"line":4},"1":{"loc":{"start":{"line":5,"column":16},"end":{"line":5,"column":65}},"type":"cond-expr","locations":[{"start":{"line":5,"column":45},"end":{"line":5,"column":58}},{"start":{"line":5,"column":61},"end":{"line":5,"column":65}}],"line":5},"2":{"loc":{"start":{"line":6,"column":2},"end":{"line":6,"column":70}},"type":"if","locations":[{"start":{"line":6,"column":2},"end":{"line":6,"column":70}},{"start":{},"end":{}}],"line":6},"3":{"loc":{"start":{"line":9,"column":38},"end":{"line":9,"column":72}},"type":"binary-expr","locations":[{"start":{"line":9,"column":38},"end":{"line":9,"column":60}},{"start":{"line":9,"column":64},"end":{"line":9,"column":72}}],"line":9}},"s":{"0":2,"1":1,"2":1,"3":1,"4":0,"5":1,"6":1,"7":1,"8":1,"9":0,"10":2},"f":{"0":1},"b":{"0":[1,0],"1":[1,0],"2":[0,1],"3":[1,1]},"_coverageSchema":"1a1c01bbd47fc00a2c39e90264f33305004495a9","hash":"14c7b0ae73f227fca474b229303c74601b0909a3"}
,"C:\\Users\\anshu\\OneDrive\\Desktop\\team task manager\\backend\\src\\middleware\\roles.js": {"path":"C:\\Users\\anshu\\OneDrive\\Desktop\\team task manager\\backend\\src\\middleware\\roles.js","statementMap":{"0":{"start":{"line":2,"column":2},"end":{"line":4,"column":3}},"1":{"start":{"line":3,"column":4},"end":{"line":3,"column":68}},"2":{"start":{"line":5,"column":2},"end":{"line":5,"column":9}},"3":{"start":{"line":9,"column":2},"end":{"line":13,"column":4}},"4":{"start":{"line":10,"column":4},"end":{"line":10,"column":85}},"5":{"start":{"line":10,"column":19},"end":{"line":10,"column":85}},"6":{"start":{"line":11,"column":4},"end":{"line":11,"column":98}},"7":{"start":{"line":11,"column":42},"end":{"line":11,"column":98}},"8":{"start":{"line":12,"column":4},"end":{"line":12,"column":11}},"9":{"start":{"line":16,"column":0},"end":{"line":16,"column":47}}},"fnMap":{"0":{"name":"requireAdmin","decl":{"start":{"line":1,"column":9},"end":{"line":1,"column":21}},"loc":{"start":{"line":1,"column":38},"end":{"line":6,"column":1}},"line":1},"1":{"name":"requireRole","decl":{"start":{"line":8,"column":9},"end":{"line":8,"column":20}},"loc":{"start":{"line":8,"column":33},"end":{"line":14,"column":1}},"line":8},"2":{"name":"(anonymous_2)","decl":{"start":{"line":9,"column":9},"end":{"line":9,"column":10}},"loc":{"start":{"line":9,"column":29},"end":{"line":13,"column":3}},"line":9}},"branchMap":{"0":{"loc":{"start":{"line":2,"column":2},"end":{"line":4,"column":3}},"type":"if","locations":[{"start":{"line":2,"column":2},"end":{"line":4,"column":3}},{"start":{},"end":{}}],"line":2},"1":{"loc":{"start":{"line":10,"column":4},"end":{"line":10,"column":85}},"type":"if","locations":[{"start":{"line":10,"column":4},"end":{"line":10,"column":85}},{"start":{},"end":{}}],"line":10},"2":{"loc":{"start":{"line":11,"column":4},"end":{"line":11,"column":98}},"type":"if","locations":[{"start":{"line":11,"column":4},"end":{"line":11,"column":98}},{"start":{},"end":{}}],"line":11}},"s":{"0":0,"1":0,"2":0,"3":0,"4":0,"5":0,"6":0,"7":0,"8":0,"9":2},"f":{"0":0,"1":0,"2":0},"b":{"0":[0,0],"1":[0,0],"2":[0,0]},"_coverageSchema":"1a1c01bbd47fc00a2c39e90264f33305004495a9","hash":"81b832098616dfaa4616555aa8cf2ebc9272a01e"}
,"C:\\Users\\anshu\\OneDrive\\Desktop\\team task manager\\backend\\src\\routes\\auth.js": {"path":"C:\\Users\\anshu\\OneDrive\\Desktop\\team task manager\\backend\\src\\routes\\auth.js","statementMap":{"0":{"start":{"line":1,"column":16},"end":{"line":1,"column":34}},"1":{"start":{"line":2,"column":15},"end":{"line":2,"column":34}},"2":{"start":{"line":3,"column":15},"end":{"line":3,"column":32}},"3":{"start":{"line":4,"column":12},"end":{"line":4,"column":35}},"4":{"start":{"line":5,"column":21},"end":{"line":5,"column":50}},"5":{"start":{"line":6,"column":15},"end":{"line":6,"column":31}},"6":{"start":{"line":7,"column":81},"end":{"line":7,"column":109}},"7":{"start":{"line":9,"column":15},"end":{"line":9,"column":31}},"8":{"start":{"line":11,"column":0},"end":{"line":16,"column":3}},"9":{"start":{"line":12,"column":20},"end":{"line":12,"column":28}},"10":{"start":{"line":13,"column":2},"end":{"line":13,"column":74}},"11":{"start":{"line":13,"column":14},"end":{"line":13,"column":74}},"12":{"start":{"line":14,"column":19},"end":{"line":14,"column":69}},"13":{"start":{"line":14,"column":48},"end":{"line":14,"column":68}},"14":{"start":{"line":15,"column":2},"end":{"line":15,"column":33}},"15":{"start":{"line":18,"column":0},"end":{"line":44,"column":3}},"16":{"start":{"line":19,"column":27},"end":{"line":19,"column":58}},"17":{"start":{"line":20,"column":2},"end":{"line":20,"column":67}},"18":{"start":{"line":20,"column":13},"end":{"line":20,"column":67}},"19":{"start":{"line":22,"column":55},"end":{"line":22,"column":60}},"20":{"start":{"line":23,"column":19},"end":{"line":23,"column":69}},"21":{"start":{"line":23,"column":48},"end":{"line":23,"column":68}},"22":{"start":{"line":24,"column":2},"end":{"line":24,"column":83}},"23":{"start":{"line":24,"column":16},"end":{"line":24,"column":83}},"24":{"start":{"line":26,"column":17},"end":{"line":26,"column":46}},"25":{"start":{"line":27,"column":15},"end":{"line":27,"column":72}},"26":{"start":{"line":28,"column":13},"end":{"line":28,"column":32}},"27":{"start":{"line":29,"column":15},"end":{"line":37,"column":3}},"28":{"start":{"line":38,"column":2},"end":{"line":38,"column":27}},"29":{"start":{"line":39,"column":2},"end":{"line":39,"column":13}},"30":{"start":{"line":41,"column":18},"end":{"line":41,"column":107}},"31":{"start":{"line":42,"column":16},"end":{"line":42,"column":90}},"32":{"start":{"line":43,"column":2},"end":{"line":43,"column":37}},"33":{"start":{"line":46,"column":0},"end":{"line":60,"column":3}},"34":{"start":{"line":47,"column":27},"end":{"line":47,"column":57}},"35":{"start":{"line":48,"column":2},"end":{"line":48,"column":67}},"36":{"start":{"line":48,"column":13},"end":{"line":48,"column":67}},"37":{"start":{"line":50,"column":30},"end":{"line":50,"column":35}},"38":{"start":{"line":51,"column":15},"end":{"line":51,"column":75}},"39":{"start":{"line":51,"column":49},"end":{"line":51,"column":74}},"40":{"start":{"line":52,"column":2},"end":{"line":52,"column":75}},"41":{"start":{"line":52,"column":13},"end":{"line":52,"column":75}},"42":{"start":{"line":54,"column":16},"end":{"line":54,"column":59}},"43":{"start":{"line":55,"column":2},"end":{"line":55,"column":76}},"44":{"start":{"line":55,"column":14},"end":{"line":55,"column":76}},"45":{"start":{"line":57,"column":18},"end":{"line":57,"column":86}},"46":{"start":{"line":58,"column":16},"end":{"line":58,"column":90}},"47":{"start":{"line":59,"column":2},"end":{"line":59,"column":37}},"48":{"start":{"line":62,"column":0},"end":{"line":84,"column":3}},"49":{"start":{"line":63,"column":27},"end":{"line":63,"column":66}},"50":{"start":{"line":64,"column":2},"end":{"line":64,"column":67}},"51":{"start":{"line":64,"column":13},"end":{"line":64,"column":67}},"52":{"start":{"line":66,"column":20},"end":{"line":66,"column":25}},"53":{"start":{"line":67,"column":15},"end":{"line":67,"column":75}},"54":{"start":{"line":67,"column":49},"end":{"line":67,"column":74}},"55":{"start":{"line":68,"column":25},"end":{"line":68,"column":97}},"56":{"start":{"line":70,"column":2},"end":{"line":72,"column":3}},"57":{"start":{"line":71,"column":4},"end":{"line":71,"column":49}},"58":{"start":{"line":74,"column":21},"end":{"line":74,"column":59}},"59":{"start":{"line":75,"column":18},"end":{"line":75,"column":38}},"60":{"start":{"line":76,"column":2},"end":{"line":76,"column":39}},"61":{"start":{"line":77,"column":2},"end":{"line":77,"column":38}},"62":{"start":{"line":78,"column":2},"end":{"line":78,"column":13}},"63":{"start":{"line":80,"column":2},"end":{"line":83,"column":5}},"64":{"start":{"line":86,"column":0},"end":{"line":101,"column":3}},"65":{"start":{"line":87,"column":27},"end":{"line":87,"column":65}},"66":{"start":{"line":88,"column":2},"end":{"line":88,"column":67}},"67":{"start":{"line":88,"column":13},"end":{"line":88,"column":67}},"68":{"start":{"line":90,"column":30},"end":{"line":90,"column":35}},"69":{"start":{"line":91,"column":15},"end":{"line":91,"column":135}},"70":{"start":{"line":91,"column":49},"end":{"line":91,"column":134}},"71":{"start":{"line":93,"column":2},"end":{"line":93,"column":85}},"72":{"start":{"line":93,"column":13},"end":{"line":93,"column":85}},"73":{"start":{"line":95,"column":2},"end":{"line":95,"column":48}},"74":{"start":{"line":96,"column":2},"end":{"line":96,"column":33}},"75":{"start":{"line":97,"column":2},"end":{"line":97,"column":35}},"76":{"start":{"line":98,"column":2},"end":{"line":98,"column":13}},"77":{"start":{"line":100,"column":2},"end":{"line":100,"column":108}},"78":{"start":{"line":103,"column":0},"end":{"line":105,"column":3}},"79":{"start":{"line":104,"column":2},"end":{"line":104,"column":38}},"80":{"start":{"line":107,"column":0},"end":{"line":107,"column":24}}},"fnMap":{"0":{"name":"(anonymous_0)","decl":{"start":{"line":11,"column":28},"end":{"line":11,"column":29}},"loc":{"start":{"line":11,"column":42},"end":{"line":16,"column":1}},"line":11},"1":{"name":"(anonymous_1)","decl":{"start":{"line":14,"column":38},"end":{"line":14,"column":39}},"loc":{"start":{"line":14,"column":48},"end":{"line":14,"column":68}},"line":14},"2":{"name":"(anonymous_2)","decl":{"start":{"line":18,"column":23},"end":{"line":18,"column":24}},"loc":{"start":{"line":18,"column":43},"end":{"line":44,"column":1}},"line":18},"3":{"name":"(anonymous_3)","decl":{"start":{"line":23,"column":38},"end":{"line":23,"column":39}},"loc":{"start":{"line":23,"column":48},"end":{"line":23,"column":68}},"line":23},"4":{"name":"(anonymous_4)","decl":{"start":{"line":46,"column":22},"end":{"line":46,"column":23}},"loc":{"start":{"line":46,"column":42},"end":{"line":60,"column":1}},"line":46},"5":{"name":"(anonymous_5)","decl":{"start":{"line":51,"column":34},"end":{"line":51,"column":35}},"loc":{"start":{"line":51,"column":49},"end":{"line":51,"column":74}},"line":51},"6":{"name":"(anonymous_6)","decl":{"start":{"line":62,"column":32},"end":{"line":62,"column":33}},"loc":{"start":{"line":62,"column":46},"end":{"line":84,"column":1}},"line":62},"7":{"name":"(anonymous_7)","decl":{"start":{"line":67,"column":34},"end":{"line":67,"column":35}},"loc":{"start":{"line":67,"column":49},"end":{"line":67,"column":74}},"line":67},"8":{"name":"(anonymous_8)","decl":{"start":{"line":86,"column":31},"end":{"line":86,"column":32}},"loc":{"start":{"line":86,"column":45},"end":{"line":101,"column":1}},"line":86},"9":{"name":"(anonymous_9)","decl":{"start":{"line":91,"column":34},"end":{"line":91,"column":35}},"loc":{"start":{"line":91,"column":49},"end":{"line":91,"column":134}},"line":91},"10":{"name":"(anonymous_10)","decl":{"start":{"line":103,"column":32},"end":{"line":103,"column":33}},"loc":{"start":{"line":103,"column":46},"end":{"line":105,"column":1}},"line":103}},"branchMap":{"0":{"loc":{"start":{"line":13,"column":2},"end":{"line":13,"column":74}},"type":"if","locations":[{"start":{"line":13,"column":2},"end":{"line":13,"column":74}},{"start":{},"end":{}}],"line":13},"1":{"loc":{"start":{"line":20,"column":2},"end":{"line":20,"column":67}},"type":"if","locations":[{"start":{"line":20,"column":2},"end":{"line":20,"column":67}},{"start":{},"end":{}}],"line":20},"2":{"loc":{"start":{"line":24,"column":2},"end":{"line":24,"column":83}},"type":"if","locations":[{"start":{"line":24,"column":2},"end":{"line":24,"column":83}},{"start":{},"end":{}}],"line":24},"3":{"loc":{"start":{"line":27,"column":15},"end":{"line":27,"column":72}},"type":"cond-expr","locations":[{"start":{"line":27,"column":54},"end":{"line":27,"column":61}},{"start":{"line":27,"column":64},"end":{"line":27,"column":72}}],"line":27},"4":{"loc":{"start":{"line":42,"column":34},"end":{"line":42,"column":68}},"type":"binary-expr","locations":[{"start":{"line":42,"column":34},"end":{"line":42,"column":56}},{"start":{"line":42,"column":60},"end":{"line":42,"column":68}}],"line":42},"5":{"loc":{"start":{"line":48,"column":2},"end":{"line":48,"column":67}},"type":"if","locations":[{"start":{"line":48,"column":2},"end":{"line":48,"column":67}},{"start":{},"end":{}}],"line":48},"6":{"loc":{"start":{"line":52,"column":2},"end":{"line":52,"column":75}},"type":"if","locations":[{"start":{"line":52,"column":2},"end":{"line":52,"column":75}},{"start":{},"end":{}}],"line":52},"7":{"loc":{"start":{"line":55,"column":2},"end":{"line":55,"column":76}},"type":"if","locations":[{"start":{"line":55,"column":2},"end":{"line":55,"column":76}},{"start":{},"end":{}}],"line":55},"8":{"loc":{"start":{"line":58,"column":34},"end":{"line":58,"column":68}},"type":"binary-expr","locations":[{"start":{"line":58,"column":34},"end":{"line":58,"column":56}},{"start":{"line":58,"column":60},"end":{"line":58,"column":68}}],"line":58},"9":{"loc":{"start":{"line":64,"column":2},"end":{"line":64,"column":67}},"type":"if","locations":[{"start":{"line":64,"column":2},"end":{"line":64,"column":67}},{"start":{},"end":{}}],"line":64},"10":{"loc":{"start":{"line":70,"column":2},"end":{"line":72,"column":3}},"type":"if","locations":[{"start":{"line":70,"column":2},"end":{"line":72,"column":3}},{"start":{},"end":{}}],"line":70},"11":{"loc":{"start":{"line":88,"column":2},"end":{"line":88,"column":67}},"type":"if","locations":[{"start":{"line":88,"column":2},"end":{"line":88,"column":67}},{"start":{},"end":{}}],"line":88},"12":{"loc":{"start":{"line":91,"column":49},"end":{"line":91,"column":134}},"type":"binary-expr","locations":[{"start":{"line":91,"column":49},"end":{"line":91,"column":87}},{"start":{"line":91,"column":91},"end":{"line":91,"column":134}}],"line":91},"13":{"loc":{"start":{"line":93,"column":2},"end":{"line":93,"column":85}},"type":"if","locations":[{"start":{"line":93,"column":2},"end":{"line":93,"column":85}},{"start":{},"end":{}}],"line":93}},"s":{"0":2,"1":2,"2":2,"3":2,"4":2,"5":2,"6":2,"7":2,"8":2,"9":1,"10":1,"11":0,"12":1,"13":5,"14":1,"15":2,"16":1,"17":1,"18":0,"19":1,"20":1,"21":5,"22":1,"23":0,"24":1,"25":1,"26":1,"27":1,"28":1,"29":1,"30":1,"31":1,"32":1,"33":2,"34":1,"35":1,"36":0,"37":1,"38":1,"39":6,"40":1,"41":0,"42":1,"43":1,"44":0,"45":1,"46":1,"47":1,"48":2,"49":0,"50":0,"51":0,"52":0,"53":0,"54":0,"55":0,"56":0,"57":0,"58":0,"59":0,"60":0,"61":0,"62":0,"63":0,"64":2,"65":0,"66":0,"67":0,"68":0,"69":0,"70":0,"71":0,"72":0,"73":0,"74":0,"75":0,"76":0,"77":0,"78":2,"79":1,"80":2},"f":{"0":1,"1":5,"2":1,"3":5,"4":1,"5":6,"6":0,"7":0,"8":0,"9":0,"10":1},"b":{"0":[0,1],"1":[0,1],"2":[0,1],"3":[1,0],"4":[1,1],"5":[0,1],"6":[0,1],"7":[0,1],"8":[1,1],"9":[0,0],"10":[0,0],"11":[0,0],"12":[0,0],"13":[0,0]},"_coverageSchema":"1a1c01bbd47fc00a2c39e90264f33305004495a9","hash":"32f950520d979b7bf4a9f403d39dfa326b1a33ca"}
,"C:\\Users\\anshu\\OneDrive\\Desktop\\team task manager\\backend\\src\\routes\\projects.js": {"path":"C:\\Users\\anshu\\OneDrive\\Desktop\\team task manager\\backend\\src\\routes\\projects.js","statementMap":{"0":{"start":{"line":1,"column":16},"end":{"line":1,"column":34}},"1":{"start":{"line":2,"column":15},"end":{"line":2,"column":31}},"2":{"start":{"line":3,"column":40},"end":{"line":3,"column":68}},"3":{"start":{"line":4,"column":18},"end":{"line":4,"column":47}},"4":{"start":{"line":5,"column":25},"end":{"line":5,"column":55}},"5":{"start":{"line":7,"column":15},"end":{"line":7,"column":31}},"6":{"start":{"line":8,"column":0},"end":{"line":8,"column":22}},"7":{"start":{"line":10,"column":0},"end":{"line":30,"column":3}},"8":{"start":{"line":11,"column":19},"end":{"line":28,"column":6}},"9":{"start":{"line":12,"column":25},"end":{"line":12,"column":133}},"10":{"start":{"line":12,"column":66},"end":{"line":12,"column":132}},"11":{"start":{"line":14,"column":26},"end":{"line":14,"column":99}},"12":{"start":{"line":14,"column":64},"end":{"line":14,"column":91}},"13":{"start":{"line":15,"column":27},"end":{"line":15,"column":83}},"14":{"start":{"line":15,"column":55},"end":{"line":15,"column":82}},"15":{"start":{"line":16,"column":24},"end":{"line":16,"column":78}},"16":{"start":{"line":16,"column":51},"end":{"line":16,"column":70}},"17":{"start":{"line":17,"column":6},"end":{"line":27,"column":8}},"18":{"start":{"line":22,"column":45},"end":{"line":22,"column":70}},"19":{"start":{"line":29,"column":2},"end":{"line":29,"column":25}},"20":{"start":{"line":32,"column":0},"end":{"line":43,"column":3}},"21":{"start":{"line":33,"column":27},"end":{"line":33,"column":59}},"22":{"start":{"line":34,"column":2},"end":{"line":34,"column":67}},"23":{"start":{"line":34,"column":13},"end":{"line":34,"column":67}},"24":{"start":{"line":36,"column":13},"end":{"line":36,"column":35}},"25":{"start":{"line":37,"column":18},"end":{"line":37,"column":143}},"26":{"start":{"line":38,"column":2},"end":{"line":38,"column":33}},"27":{"start":{"line":39,"column":2},"end":{"line":39,"column":145}},"28":{"start":{"line":40,"column":2},"end":{"line":40,"column":13}},"29":{"start":{"line":42,"column":2},"end":{"line":42,"column":139}},"30":{"start":{"line":45,"column":0},"end":{"line":63,"column":3}},"31":{"start":{"line":46,"column":27},"end":{"line":46,"column":58}},"32":{"start":{"line":47,"column":2},"end":{"line":47,"column":67}},"33":{"start":{"line":47,"column":13},"end":{"line":47,"column":67}},"34":{"start":{"line":49,"column":20},"end":{"line":49,"column":48}},"35":{"start":{"line":50,"column":18},"end":{"line":50,"column":66}},"36":{"start":{"line":50,"column":47},"end":{"line":50,"column":65}},"37":{"start":{"line":51,"column":2},"end":{"line":51,"column":76}},"38":{"start":{"line":51,"column":16},"end":{"line":51,"column":76}},"39":{"start":{"line":53,"column":15},"end":{"line":53,"column":65}},"40":{"start":{"line":53,"column":41},"end":{"line":53,"column":64}},"41":{"start":{"line":54,"column":2},"end":{"line":54,"column":70}},"42":{"start":{"line":54,"column":13},"end":{"line":54,"column":70}},"43":{"start":{"line":56,"column":24},"end":{"line":56,"column":127}},"44":{"start":{"line":56,"column":65},"end":{"line":56,"column":126}},"45":{"start":{"line":57,"column":2},"end":{"line":60,"column":3}},"46":{"start":{"line":58,"column":4},"end":{"line":58,"column":150}},"47":{"start":{"line":59,"column":4},"end":{"line":59,"column":15}},"48":{"start":{"line":62,"column":2},"end":{"line":62,"column":68}},"49":{"start":{"line":65,"column":0},"end":{"line":81,"column":3}},"50":{"start":{"line":66,"column":20},"end":{"line":66,"column":48}},"51":{"start":{"line":67,"column":17},"end":{"line":67,"column":42}},"52":{"start":{"line":68,"column":18},"end":{"line":68,"column":66}},"53":{"start":{"line":68,"column":47},"end":{"line":68,"column":65}},"54":{"start":{"line":69,"column":2},"end":{"line":69,"column":76}},"55":{"start":{"line":69,"column":16},"end":{"line":69,"column":76}},"56":{"start":{"line":71,"column":2},"end":{"line":73,"column":3}},"57":{"start":{"line":72,"column":4},"end":{"line":72,"column":78}},"58":{"start":{"line":75,"column":14},"end":{"line":75,"column":106}},"59":{"start":{"line":75,"column":55},"end":{"line":75,"column":105}},"60":{"start":{"line":76,"column":2},"end":{"line":76,"column":88}},"61":{"start":{"line":76,"column":18},"end":{"line":76,"column":88}},"62":{"start":{"line":78,"column":2},"end":{"line":78,"column":41}},"63":{"start":{"line":79,"column":2},"end":{"line":79,"column":13}},"64":{"start":{"line":80,"column":2},"end":{"line":80,"column":42}},"65":{"start":{"line":83,"column":0},"end":{"line":113,"column":3}},"66":{"start":{"line":84,"column":20},"end":{"line":84,"column":48}},"67":{"start":{"line":85,"column":21},"end":{"line":85,"column":128}},"68":{"start":{"line":85,"column":62},"end":{"line":85,"column":127}},"69":{"start":{"line":86,"column":2},"end":{"line":86,"column":96}},"70":{"start":{"line":86,"column":19},"end":{"line":86,"column":96}},"71":{"start":{"line":88,"column":18},"end":{"line":88,"column":66}},"72":{"start":{"line":88,"column":47},"end":{"line":88,"column":65}},"73":{"start":{"line":89,"column":2},"end":{"line":89,"column":93}},"74":{"start":{"line":89,"column":16},"end":{"line":89,"column":93}},"75":{"start":{"line":91,"column":18},"end":{"line":95,"column":90}},"76":{"start":{"line":92,"column":24},"end":{"line":92,"column":55}},"77":{"start":{"line":93,"column":21},"end":{"line":93,"column":71}},"78":{"start":{"line":93,"column":47},"end":{"line":93,"column":70}},"79":{"start":{"line":95,"column":20},"end":{"line":95,"column":88}},"80":{"start":{"line":97,"column":23},"end":{"line":97,"column":78}},"81":{"start":{"line":97,"column":51},"end":{"line":97,"column":77}},"82":{"start":{"line":98,"column":20},"end":{"line":98,"column":39}},"83":{"start":{"line":99,"column":20},"end":{"line":99,"column":74}},"84":{"start":{"line":99,"column":47},"end":{"line":99,"column":66}},"85":{"start":{"line":101,"column":2},"end":{"line":112,"column":5}},"86":{"start":{"line":107,"column":43},"end":{"line":107,"column":68}},"87":{"start":{"line":115,"column":0},"end":{"line":115,"column":24}}},"fnMap":{"0":{"name":"(anonymous_0)","decl":{"start":{"line":10,"column":16},"end":{"line":10,"column":17}},"loc":{"start":{"line":10,"column":30},"end":{"line":30,"column":1}},"line":10},"1":{"name":"(anonymous_1)","decl":{"start":{"line":12,"column":12},"end":{"line":12,"column":13}},"loc":{"start":{"line":12,"column":25},"end":{"line":12,"column":133}},"line":12},"2":{"name":"(anonymous_2)","decl":{"start":{"line":12,"column":54},"end":{"line":12,"column":55}},"loc":{"start":{"line":12,"column":66},"end":{"line":12,"column":132}},"line":12},"3":{"name":"(anonymous_3)","decl":{"start":{"line":13,"column":9},"end":{"line":13,"column":10}},"loc":{"start":{"line":13,"column":22},"end":{"line":28,"column":5}},"line":13},"4":{"name":"(anonymous_4)","decl":{"start":{"line":14,"column":57},"end":{"line":14,"column":58}},"loc":{"start":{"line":14,"column":64},"end":{"line":14,"column":91}},"line":14},"5":{"name":"(anonymous_5)","decl":{"start":{"line":15,"column":48},"end":{"line":15,"column":49}},"loc":{"start":{"line":15,"column":55},"end":{"line":15,"column":82}},"line":15},"6":{"name":"(anonymous_6)","decl":{"start":{"line":16,"column":44},"end":{"line":16,"column":45}},"loc":{"start":{"line":16,"column":51},"end":{"line":16,"column":70}},"line":16},"7":{"name":"(anonymous_7)","decl":{"start":{"line":22,"column":38},"end":{"line":22,"column":39}},"loc":{"start":{"line":22,"column":45},"end":{"line":22,"column":70}},"line":22},"8":{"name":"(anonymous_8)","decl":{"start":{"line":32,"column":31},"end":{"line":32,"column":32}},"loc":{"start":{"line":32,"column":45},"end":{"line":43,"column":1}},"line":32},"9":{"name":"(anonymous_9)","decl":{"start":{"line":45,"column":49},"end":{"line":45,"column":50}},"loc":{"start":{"line":45,"column":63},"end":{"line":63,"column":1}},"line":45},"10":{"name":"(anonymous_10)","decl":{"start":{"line":50,"column":40},"end":{"line":50,"column":41}},"loc":{"start":{"line":50,"column":47},"end":{"line":50,"column":65}},"line":50},"11":{"name":"(anonymous_11)","decl":{"start":{"line":53,"column":34},"end":{"line":53,"column":35}},"loc":{"start":{"line":53,"column":41},"end":{"line":53,"column":64}},"line":53},"12":{"name":"(anonymous_12)","decl":{"start":{"line":56,"column":53},"end":{"line":56,"column":54}},"loc":{"start":{"line":56,"column":65},"end":{"line":56,"column":126}},"line":56},"13":{"name":"(anonymous_13)","decl":{"start":{"line":65,"column":59},"end":{"line":65,"column":60}},"loc":{"start":{"line":65,"column":73},"end":{"line":81,"column":1}},"line":65},"14":{"name":"(anonymous_14)","decl":{"start":{"line":68,"column":40},"end":{"line":68,"column":41}},"loc":{"start":{"line":68,"column":47},"end":{"line":68,"column":65}},"line":68},"15":{"name":"(anonymous_15)","decl":{"start":{"line":75,"column":48},"end":{"line":75,"column":49}},"loc":{"start":{"line":75,"column":55},"end":{"line":75,"column":105}},"line":75},"16":{"name":"(anonymous_16)","decl":{"start":{"line":83,"column":26},"end":{"line":83,"column":27}},"loc":{"start":{"line":83,"column":40},"end":{"line":113,"column":1}},"line":83},"17":{"name":"(anonymous_17)","decl":{"start":{"line":85,"column":50},"end":{"line":85,"column":51}},"loc":{"start":{"line":85,"column":62},"end":{"line":85,"column":127}},"line":85},"18":{"name":"(anonymous_18)","decl":{"start":{"line":88,"column":40},"end":{"line":88,"column":41}},"loc":{"start":{"line":88,"column":47},"end":{"line":88,"column":65}},"line":88},"19":{"name":"(anonymous_19)","decl":{"start":{"line":92,"column":12},"end":{"line":92,"column":13}},"loc":{"start":{"line":92,"column":24},"end":{"line":92,"column":55}},"line":92},"20":{"name":"(anonymous_20)","decl":{"start":{"line":93,"column":9},"end":{"line":93,"column":10}},"loc":{"start":{"line":93,"column":21},"end":{"line":93,"column":71}},"line":93},"21":{"name":"(anonymous_21)","decl":{"start":{"line":93,"column":40},"end":{"line":93,"column":41}},"loc":{"start":{"line":93,"column":47},"end":{"line":93,"column":70}},"line":93},"22":{"name":"(anonymous_22)","decl":{"start":{"line":95,"column":9},"end":{"line":95,"column":10}},"loc":{"start":{"line":95,"column":20},"end":{"line":95,"column":88}},"line":95},"23":{"name":"(anonymous_23)","decl":{"start":{"line":97,"column":44},"end":{"line":97,"column":45}},"loc":{"start":{"line":97,"column":51},"end":{"line":97,"column":77}},"line":97},"24":{"name":"(anonymous_24)","decl":{"start":{"line":99,"column":40},"end":{"line":99,"column":41}},"loc":{"start":{"line":99,"column":47},"end":{"line":99,"column":66}},"line":99},"25":{"name":"(anonymous_25)","decl":{"start":{"line":107,"column":36},"end":{"line":107,"column":37}},"loc":{"start":{"line":107,"column":43},"end":{"line":107,"column":68}},"line":107}},"branchMap":{"0":{"loc":{"start":{"line":12,"column":66},"end":{"line":12,"column":132}},"type":"binary-expr","locations":[{"start":{"line":12,"column":66},"end":{"line":12,"column":98}},{"start":{"line":12,"column":102},"end":{"line":12,"column":132}}],"line":12},"1":{"loc":{"start":{"line":22,"column":19},"end":{"line":22,"column":90}},"type":"binary-expr","locations":[{"start":{"line":22,"column":19},"end":{"line":22,"column":77}},{"start":{"line":22,"column":81},"end":{"line":22,"column":90}}],"line":22},"2":{"loc":{"start":{"line":34,"column":2},"end":{"line":34,"column":67}},"type":"if","locations":[{"start":{"line":34,"column":2},"end":{"line":34,"column":67}},{"start":{},"end":{}}],"line":34},"3":{"loc":{"start":{"line":37,"column":57},"end":{"line":37,"column":80}},"type":"binary-expr","locations":[{"start":{"line":37,"column":57},"end":{"line":37,"column":74}},{"start":{"line":37,"column":78},"end":{"line":37,"column":80}}],"line":37},"4":{"loc":{"start":{"line":47,"column":2},"end":{"line":47,"column":67}},"type":"if","locations":[{"start":{"line":47,"column":2},"end":{"line":47,"column":67}},{"start":{},"end":{}}],"line":47},"5":{"loc":{"start":{"line":51,"column":2},"end":{"line":51,"column":76}},"type":"if","locations":[{"start":{"line":51,"column":2},"end":{"line":51,"column":76}},{"start":{},"end":{}}],"line":51},"6":{"loc":{"start":{"line":54,"column":2},"end":{"line":54,"column":70}},"type":"if","locations":[{"start":{"line":54,"column":2},"end":{"line":54,"column":70}},{"start":{},"end":{}}],"line":54},"7":{"loc":{"start":{"line":56,"column":65},"end":{"line":56,"column":126}},"type":"binary-expr","locations":[{"start":{"line":56,"column":65},"end":{"line":56,"column":96}},{"start":{"line":56,"column":100},"end":{"line":56,"column":126}}],"line":56},"8":{"loc":{"start":{"line":57,"column":2},"end":{"line":60,"column":3}},"type":"if","locations":[{"start":{"line":57,"column":2},"end":{"line":60,"column":3}},{"start":{},"end":{}}],"line":57},"9":{"loc":{"start":{"line":69,"column":2},"end":{"line":69,"column":76}},"type":"if","locations":[{"start":{"line":69,"column":2},"end":{"line":69,"column":76}},{"start":{},"end":{}}],"line":69},"10":{"loc":{"start":{"line":71,"column":2},"end":{"line":73,"column":3}},"type":"if","locations":[{"start":{"line":71,"column":2},"end":{"line":73,"column":3}},{"start":{},"end":{}}],"line":71},"11":{"loc":{"start":{"line":75,"column":55},"end":{"line":75,"column":105}},"type":"binary-expr","locations":[{"start":{"line":75,"column":55},"end":{"line":75,"column":81}},{"start":{"line":75,"column":85},"end":{"line":75,"column":105}}],"line":75},"12":{"loc":{"start":{"line":76,"column":2},"end":{"line":76,"column":88}},"type":"if","locations":[{"start":{"line":76,"column":2},"end":{"line":76,"column":88}},{"start":{},"end":{}}],"line":76},"13":{"loc":{"start":{"line":85,"column":62},"end":{"line":85,"column":127}},"type":"binary-expr","locations":[{"start":{"line":85,"column":62},"end":{"line":85,"column":93}},{"start":{"line":85,"column":97},"end":{"line":85,"column":127}}],"line":85},"14":{"loc":{"start":{"line":86,"column":2},"end":{"line":86,"column":96}},"type":"if","locations":[{"start":{"line":86,"column":2},"end":{"line":86,"column":96}},{"start":{},"end":{}}],"line":86},"15":{"loc":{"start":{"line":89,"column":2},"end":{"line":89,"column":93}},"type":"if","locations":[{"start":{"line":89,"column":2},"end":{"line":89,"column":93}},{"start":{},"end":{}}],"line":89},"16":{"loc":{"start":{"line":107,"column":17},"end":{"line":107,"column":88}},"type":"binary-expr","locations":[{"start":{"line":107,"column":17},"end":{"line":107,"column":75}},{"start":{"line":107,"column":79},"end":{"line":107,"column":88}}],"line":107}},"s":{"0":2,"1":2,"2":2,"3":2,"4":2,"5":2,"6":2,"7":2,"8":0,"9":0,"10":0,"11":0,"12":0,"13":0,"14":0,"15":0,"16":0,"17":0,"18":0,"19":0,"20":2,"21":0,"22":0,"23":0,"24":0,"25":0,"26":0,"27":0,"28":0,"29":0,"30":2,"31":0,"32":0,"33":0,"34":0,"35":0,"36":0,"37":0,"38":0,"39":0,"40":0,"41":0,"42":0,"43":0,"44":0,"45":0,"46":0,"47":0,"48":0,"49":2,"50":0,"51":0,"52":0,"53":0,"54":0,"55":0,"56":0,"57":0,"58":0,"59":0,"60":0,"61":0,"62":0,"63":0,"64":0,"65":2,"66":0,"67":0,"68":0,"69":0,"70":0,"71":0,"72":0,"73":0,"74":0,"75":0,"76":0,"77":0,"78":0,"79":0,"80":0,"81":0,"82":0,"83":0,"84":0,"85":0,"86":0,"87":2},"f":{"0":0,"1":0,"2":0,"3":0,"4":0,"5":0,"6":0,"7":0,"8":0,"9":0,"10":0,"11":0,"12":0,"13":0,"14":0,"15":0,"16":0,"17":0,"18":0,"19":0,"20":0,"21":0,"22":0,"23":0,"24":0,"25":0},"b":{"0":[0,0],"1":[0,0],"2":[0,0],"3":[0,0],"4":[0,0],"5":[0,0],"6":[0,0],"7":[0,0],"8":[0,0],"9":[0,0],"10":[0,0],"11":[0,0],"12":[0,0],"13":[0,0],"14":[0,0],"15":[0,0],"16":[0,0]},"_coverageSchema":"1a1c01bbd47fc00a2c39e90264f33305004495a9","hash":"01ffedaf943adb24d2a3c2c00f1b3b038bdbc480"}
,"C:\\Users\\anshu\\OneDrive\\Desktop\\team task manager\\backend\\src\\routes\\tasks.js": {"path":"C:\\Users\\anshu\\OneDrive\\Desktop\\team task manager\\backend\\src\\routes\\tasks.js","statementMap":{"0":{"start":{"line":1,"column":16},"end":{"line":1,"column":34}},"1":{"start":{"line":2,"column":15},"end":{"line":2,"column":31}},"2":{"start":{"line":3,"column":23},"end":{"line":3,"column":51}},"3":{"start":{"line":4,"column":18},"end":{"line":4,"column":47}},"4":{"start":{"line":6,"column":15},"end":{"line":6,"column":31}},"5":{"start":{"line":7,"column":9},"end":{"line":7,"column":13}},"6":{"start":{"line":8,"column":0},"end":{"line":8,"column":44}},"7":{"start":{"line":8,"column":29},"end":{"line":8,"column":41}},"8":{"start":{"line":9,"column":0},"end":{"line":9,"column":22}},"9":{"start":{"line":11,"column":15},"end":{"line":11,"column":32}},"10":{"start":{"line":12,"column":13},"end":{"line":12,"column":28}},"11":{"start":{"line":13,"column":18},"end":{"line":13,"column":61}},"12":{"start":{"line":14,"column":16},"end":{"line":17,"column":2}},"13":{"start":{"line":15,"column":34},"end":{"line":15,"column":53}},"14":{"start":{"line":16,"column":31},"end":{"line":16,"column":111}},"15":{"start":{"line":18,"column":15},"end":{"line":18,"column":74}},"16":{"start":{"line":21,"column":2},"end":{"line":21,"column":112}},"17":{"start":{"line":21,"column":50},"end":{"line":21,"column":110}},"18":{"start":{"line":24,"column":0},"end":{"line":44,"column":3}},"19":{"start":{"line":25,"column":16},"end":{"line":42,"column":52}},"20":{"start":{"line":26,"column":22},"end":{"line":26,"column":103}},"21":{"start":{"line":27,"column":20},"end":{"line":41,"column":5}},"22":{"start":{"line":37,"column":46},"end":{"line":37,"column":71}},"23":{"start":{"line":38,"column":47},"end":{"line":38,"column":72}},"24":{"start":{"line":39,"column":49},"end":{"line":39,"column":73}},"25":{"start":{"line":42,"column":20},"end":{"line":42,"column":51}},"26":{"start":{"line":43,"column":2},"end":{"line":43,"column":22}},"27":{"start":{"line":46,"column":0},"end":{"line":90,"column":3}},"28":{"start":{"line":47,"column":16},"end":{"line":47,"column":93}},"29":{"start":{"line":47,"column":47},"end":{"line":47,"column":92}},"30":{"start":{"line":48,"column":18},"end":{"line":54,"column":3}},"31":{"start":{"line":50,"column":33},"end":{"line":50,"column":55}},"32":{"start":{"line":51,"column":39},"end":{"line":51,"column":68}},"33":{"start":{"line":52,"column":33},"end":{"line":52,"column":55}},"34":{"start":{"line":53,"column":36},"end":{"line":53,"column":132}},"35":{"start":{"line":56,"column":22},"end":{"line":56,"column":24}},"36":{"start":{"line":57,"column":2},"end":{"line":63,"column":5}},"37":{"start":{"line":58,"column":17},"end":{"line":58,"column":69}},"38":{"start":{"line":58,"column":43},"end":{"line":58,"column":68}},"39":{"start":{"line":59,"column":17},"end":{"line":59,"column":43}},"40":{"start":{"line":60,"column":4},"end":{"line":60,"column":70}},"41":{"start":{"line":60,"column":28},"end":{"line":60,"column":70}},"42":{"start":{"line":61,"column":4},"end":{"line":61,"column":30}},"43":{"start":{"line":62,"column":4},"end":{"line":62,"column":57}},"44":{"start":{"line":62,"column":32},"end":{"line":62,"column":57}},"45":{"start":{"line":65,"column":22},"end":{"line":77,"column":7}},"46":{"start":{"line":66,"column":20},"end":{"line":66,"column":74}},"47":{"start":{"line":68,"column":20},"end":{"line":77,"column":5}},"48":{"start":{"line":74,"column":49},"end":{"line":74,"column":73}},"49":{"start":{"line":75,"column":46},"end":{"line":75,"column":71}},"50":{"start":{"line":80,"column":15},"end":{"line":80,"column":17}},"51":{"start":{"line":81,"column":16},"end":{"line":81,"column":26}},"52":{"start":{"line":82,"column":16},"end":{"line":82,"column":18}},"53":{"start":{"line":83,"column":2},"end":{"line":86,"column":3}},"54":{"start":{"line":83,"column":15},"end":{"line":83,"column":23}},"55":{"start":{"line":84,"column":14},"end":{"line":84,"column":82}},"56":{"start":{"line":85,"column":4},"end":{"line":85,"column":45}},"57":{"start":{"line":87,"column":24},"end":{"line":87,"column":188}},"58":{"start":{"line":87,"column":43},"end":{"line":87,"column":186}},"59":{"start":{"line":87,"column":90},"end":{"line":87,"column":176}},"60":{"start":{"line":89,"column":2},"end":{"line":89,"column":65}},"61":{"start":{"line":92,"column":0},"end":{"line":113,"column":3}},"62":{"start":{"line":93,"column":20},"end":{"line":93,"column":48}},"63":{"start":{"line":94,"column":2},"end":{"line":96,"column":3}},"64":{"start":{"line":95,"column":4},"end":{"line":95,"column":60}},"65":{"start":{"line":98,"column":16},"end":{"line":110,"column":69}},"66":{"start":{"line":99,"column":22},"end":{"line":99,"column":51}},"67":{"start":{"line":100,"column":20},"end":{"line":109,"column":5}},"68":{"start":{"line":107,"column":46},"end":{"line":107,"column":71}},"69":{"start":{"line":108,"column":47},"end":{"line":108,"column":72}},"70":{"start":{"line":110,"column":20},"end":{"line":110,"column":68}},"71":{"start":{"line":112,"column":2},"end":{"line":112,"column":22}},"72":{"start":{"line":115,"column":0},"end":{"line":160,"column":3}},"73":{"start":{"line":116,"column":20},"end":{"line":116,"column":48}},"74":{"start":{"line":117,"column":2},"end":{"line":119,"column":3}},"75":{"start":{"line":118,"column":4},"end":{"line":118,"column":60}},"76":{"start":{"line":121,"column":27},"end":{"line":121,"column":56}},"77":{"start":{"line":122,"column":2},"end":{"line":122,"column":67}},"78":{"start":{"line":122,"column":13},"end":{"line":122,"column":67}},"79":{"start":{"line":124,"column":19},"end":{"line":124,"column":83}},"80":{"start":{"line":124,"column":48},"end":{"line":124,"column":82}},"81":{"start":{"line":125,"column":2},"end":{"line":125,"column":78}},"82":{"start":{"line":125,"column":17},"end":{"line":125,"column":78}},"83":{"start":{"line":127,"column":13},"end":{"line":127,"column":32}},"84":{"start":{"line":129,"column":21},"end":{"line":129,"column":117}},"85":{"start":{"line":129,"column":49},"end":{"line":129,"column":116}},"86":{"start":{"line":130,"column":19},"end":{"line":130,"column":91}},"87":{"start":{"line":130,"column":73},"end":{"line":130,"column":85}},"88":{"start":{"line":131,"column":15},"end":{"line":143,"column":3}},"89":{"start":{"line":144,"column":2},"end":{"line":144,"column":27}},"90":{"start":{"line":145,"column":2},"end":{"line":145,"column":13}},"91":{"start":{"line":147,"column":2},"end":{"line":157,"column":5}},"92":{"start":{"line":147,"column":10},"end":{"line":157,"column":5}},"93":{"start":{"line":159,"column":2},"end":{"line":159,"column":33}},"94":{"start":{"line":162,"column":0},"end":{"line":199,"column":3}},"95":{"start":{"line":163,"column":17},"end":{"line":163,"column":42}},"96":{"start":{"line":164,"column":15},"end":{"line":164,"column":63}},"97":{"start":{"line":164,"column":44},"end":{"line":164,"column":62}},"98":{"start":{"line":165,"column":2},"end":{"line":165,"column":70}},"99":{"start":{"line":165,"column":13},"end":{"line":165,"column":70}},"100":{"start":{"line":167,"column":2},"end":{"line":169,"column":3}},"101":{"start":{"line":168,"column":4},"end":{"line":168,"column":60}},"102":{"start":{"line":171,"column":2},"end":{"line":175,"column":3}},"103":{"start":{"line":172,"column":21},"end":{"line":172,"column":88}},"104":{"start":{"line":172,"column":50},"end":{"line":172,"column":87}},"105":{"start":{"line":173,"column":4},"end":{"line":173,"column":80}},"106":{"start":{"line":173,"column":19},"end":{"line":173,"column":80}},"107":{"start":{"line":174,"column":4},"end":{"line":174,"column":35}},"108":{"start":{"line":177,"column":2},"end":{"line":182,"column":3}},"109":{"start":{"line":178,"column":4},"end":{"line":180,"column":5}},"110":{"start":{"line":179,"column":6},"end":{"line":179,"column":63}},"111":{"start":{"line":181,"column":4},"end":{"line":181,"column":34}},"112":{"start":{"line":184,"column":2},"end":{"line":189,"column":3}},"113":{"start":{"line":185,"column":4},"end":{"line":187,"column":5}},"114":{"start":{"line":186,"column":6},"end":{"line":186,"column":65}},"115":{"start":{"line":188,"column":4},"end":{"line":188,"column":38}},"116":{"start":{"line":191,"column":2},"end":{"line":191,"column":50}},"117":{"start":{"line":191,"column":22},"end":{"line":191,"column":50}},"118":{"start":{"line":192,"column":2},"end":{"line":192,"column":82}},"119":{"start":{"line":192,"column":42},"end":{"line":192,"column":82}},"120":{"start":{"line":193,"column":2},"end":{"line":193,"column":79}},"121":{"start":{"line":193,"column":38},"end":{"line":193,"column":79}},"122":{"start":{"line":194,"column":2},"end":{"line":194,"column":45}},"123":{"start":{"line":196,"column":2},"end":{"line":196,"column":13}},"124":{"start":{"line":197,"column":2},"end":{"line":197,"column":91}},"125":{"start":{"line":197,"column":10},"end":{"line":197,"column":91}},"126":{"start":{"line":198,"column":2},"end":{"line":198,"column":21}},"127":{"start":{"line":202,"column":0},"end":{"line":219,"column":3}},"128":{"start":{"line":203,"column":16},"end":{"line":203,"column":30}},"129":{"start":{"line":204,"column":2},"end":{"line":204,"column":87}},"130":{"start":{"line":204,"column":29},"end":{"line":204,"column":87}},"131":{"start":{"line":206,"column":2},"end":{"line":214,"column":5}},"132":{"start":{"line":207,"column":17},"end":{"line":207,"column":66}},"133":{"start":{"line":207,"column":43},"end":{"line":207,"column":65}},"134":{"start":{"line":208,"column":4},"end":{"line":208,"column":22}},"135":{"start":{"line":208,"column":15},"end":{"line":208,"column":22}},"136":{"start":{"line":210,"column":4},"end":{"line":210,"column":63}},"137":{"start":{"line":210,"column":56},"end":{"line":210,"column":63}},"138":{"start":{"line":211,"column":4},"end":{"line":211,"column":43}},"139":{"start":{"line":211,"column":19},"end":{"line":211,"column":43}},"140":{"start":{"line":212,"column":4},"end":{"line":212,"column":71}},"141":{"start":{"line":212,"column":41},"end":{"line":212,"column":71}},"142":{"start":{"line":213,"column":4},"end":{"line":213,"column":47}},"143":{"start":{"line":216,"column":2},"end":{"line":216,"column":13}},"144":{"start":{"line":217,"column":2},"end":{"line":217,"column":48}},"145":{"start":{"line":217,"column":10},"end":{"line":217,"column":48}},"146":{"start":{"line":218,"column":2},"end":{"line":218,"column":41}},"147":{"start":{"line":221,"column":0},"end":{"line":241,"column":3}},"148":{"start":{"line":222,"column":17},"end":{"line":222,"column":42}},"149":{"start":{"line":223,"column":15},"end":{"line":223,"column":63}},"150":{"start":{"line":223,"column":44},"end":{"line":223,"column":62}},"151":{"start":{"line":224,"column":2},"end":{"line":224,"column":70}},"152":{"start":{"line":224,"column":13},"end":{"line":224,"column":70}},"153":{"start":{"line":225,"column":2},"end":{"line":227,"column":3}},"154":{"start":{"line":226,"column":4},"end":{"line":226,"column":60}},"155":{"start":{"line":229,"column":2},"end":{"line":240,"column":5}},"156":{"start":{"line":237,"column":47},"end":{"line":237,"column":72}},"157":{"start":{"line":243,"column":0},"end":{"line":256,"column":3}},"158":{"start":{"line":244,"column":17},"end":{"line":244,"column":42}},"159":{"start":{"line":245,"column":20},"end":{"line":245,"column":73}},"160":{"start":{"line":245,"column":54},"end":{"line":245,"column":72}},"161":{"start":{"line":246,"column":2},"end":{"line":246,"column":81}},"162":{"start":{"line":246,"column":24},"end":{"line":246,"column":81}},"163":{"start":{"line":247,"column":15},"end":{"line":247,"column":39}},"164":{"start":{"line":248,"column":2},"end":{"line":250,"column":3}},"165":{"start":{"line":249,"column":4},"end":{"line":249,"column":60}},"166":{"start":{"line":252,"column":2},"end":{"line":252,"column":37}},"167":{"start":{"line":253,"column":2},"end":{"line":253,"column":13}},"168":{"start":{"line":254,"column":2},"end":{"line":254,"column":50}},"169":{"start":{"line":254,"column":10},"end":{"line":254,"column":50}},"170":{"start":{"line":255,"column":2},"end":{"line":255,"column":40}},"171":{"start":{"line":259,"column":0},"end":{"line":269,"column":3}},"172":{"start":{"line":260,"column":17},"end":{"line":260,"column":42}},"173":{"start":{"line":261,"column":15},"end":{"line":261,"column":57}},"174":{"start":{"line":261,"column":41},"end":{"line":261,"column":56}},"175":{"start":{"line":262,"column":2},"end":{"line":262,"column":70}},"176":{"start":{"line":262,"column":13},"end":{"line":262,"column":70}},"177":{"start":{"line":263,"column":2},"end":{"line":263,"column":110}},"178":{"start":{"line":263,"column":54},"end":{"line":263,"column":110}},"179":{"start":{"line":265,"column":19},"end":{"line":267,"column":52}},"180":{"start":{"line":266,"column":19},"end":{"line":266,"column":39}},"181":{"start":{"line":267,"column":20},"end":{"line":267,"column":51}},"182":{"start":{"line":268,"column":2},"end":{"line":268,"column":25}},"183":{"start":{"line":272,"column":0},"end":{"line":280,"column":3}},"184":{"start":{"line":273,"column":17},"end":{"line":273,"column":42}},"185":{"start":{"line":274,"column":15},"end":{"line":274,"column":57}},"186":{"start":{"line":274,"column":41},"end":{"line":274,"column":56}},"187":{"start":{"line":275,"column":2},"end":{"line":275,"column":70}},"188":{"start":{"line":275,"column":13},"end":{"line":275,"column":70}},"189":{"start":{"line":276,"column":2},"end":{"line":276,"column":110}},"190":{"start":{"line":276,"column":54},"end":{"line":276,"column":110}},"191":{"start":{"line":278,"column":22},"end":{"line":278,"column":77}},"192":{"start":{"line":278,"column":56},"end":{"line":278,"column":76}},"193":{"start":{"line":279,"column":2},"end":{"line":279,"column":28}},"194":{"start":{"line":283,"column":0},"end":{"line":297,"column":3}},"195":{"start":{"line":284,"column":17},"end":{"line":284,"column":42}},"196":{"start":{"line":285,"column":15},"end":{"line":285,"column":57}},"197":{"start":{"line":285,"column":41},"end":{"line":285,"column":56}},"198":{"start":{"line":286,"column":2},"end":{"line":286,"column":70}},"199":{"start":{"line":286,"column":13},"end":{"line":286,"column":70}},"200":{"start":{"line":287,"column":2},"end":{"line":287,"column":110}},"201":{"start":{"line":287,"column":54},"end":{"line":287,"column":110}},"202":{"start":{"line":288,"column":2},"end":{"line":288,"column":76}},"203":{"start":{"line":288,"column":17},"end":{"line":288,"column":76}},"204":{"start":{"line":290,"column":13},"end":{"line":290,"column":38}},"205":{"start":{"line":291,"column":14},"end":{"line":291,"column":45}},"206":{"start":{"line":292,"column":21},"end":{"line":292,"column":153}},"207":{"start":{"line":293,"column":2},"end":{"line":293,"column":39}},"208":{"start":{"line":294,"column":2},"end":{"line":294,"column":13}},"209":{"start":{"line":295,"column":2},"end":{"line":295,"column":62}},"210":{"start":{"line":295,"column":10},"end":{"line":295,"column":62}},"211":{"start":{"line":296,"column":2},"end":{"line":296,"column":39}},"212":{"start":{"line":300,"column":0},"end":{"line":313,"column":3}},"213":{"start":{"line":301,"column":23},"end":{"line":301,"column":54}},"214":{"start":{"line":302,"column":14},"end":{"line":302,"column":73}},"215":{"start":{"line":302,"column":51},"end":{"line":302,"column":72}},"216":{"start":{"line":303,"column":2},"end":{"line":303,"column":81}},"217":{"start":{"line":303,"column":18},"end":{"line":303,"column":81}},"218":{"start":{"line":304,"column":17},"end":{"line":304,"column":41}},"219":{"start":{"line":305,"column":15},"end":{"line":305,"column":65}},"220":{"start":{"line":305,"column":41},"end":{"line":305,"column":64}},"221":{"start":{"line":306,"column":2},"end":{"line":306,"column":110}},"222":{"start":{"line":306,"column":54},"end":{"line":306,"column":110}},"223":{"start":{"line":308,"column":2},"end":{"line":308,"column":87}},"224":{"start":{"line":308,"column":8},"end":{"line":308,"column":72}},"225":{"start":{"line":309,"column":2},"end":{"line":309,"column":37}},"226":{"start":{"line":310,"column":2},"end":{"line":310,"column":13}},"227":{"start":{"line":311,"column":2},"end":{"line":311,"column":82}},"228":{"start":{"line":311,"column":10},"end":{"line":311,"column":82}},"229":{"start":{"line":312,"column":2},"end":{"line":312,"column":35}},"230":{"start":{"line":316,"column":0},"end":{"line":349,"column":3}},"231":{"start":{"line":317,"column":17},"end":{"line":317,"column":42}},"232":{"start":{"line":318,"column":15},"end":{"line":318,"column":57}},"233":{"start":{"line":318,"column":41},"end":{"line":318,"column":56}},"234":{"start":{"line":319,"column":2},"end":{"line":319,"column":70}},"235":{"start":{"line":319,"column":13},"end":{"line":319,"column":70}},"236":{"start":{"line":320,"column":2},"end":{"line":320,"column":110}},"237":{"start":{"line":320,"column":54},"end":{"line":320,"column":110}},"238":{"start":{"line":322,"column":14},"end":{"line":322,"column":46}},"239":{"start":{"line":323,"column":18},"end":{"line":323,"column":83}},"240":{"start":{"line":325,"column":16},"end":{"line":325,"column":18}},"241":{"start":{"line":326,"column":2},"end":{"line":329,"column":3}},"242":{"start":{"line":327,"column":14},"end":{"line":327,"column":37}},"243":{"start":{"line":328,"column":4},"end":{"line":328,"column":71}},"244":{"start":{"line":331,"column":16},"end":{"line":341,"column":3}},"245":{"start":{"line":342,"column":2},"end":{"line":342,"column":48}},"246":{"start":{"line":342,"column":15},"end":{"line":342,"column":48}},"247":{"start":{"line":343,"column":2},"end":{"line":343,"column":44}},"248":{"start":{"line":345,"column":18},"end":{"line":345,"column":36}},"249":{"start":{"line":346,"column":2},"end":{"line":346,"column":64}},"250":{"start":{"line":347,"column":2},"end":{"line":347,"column":85}},"251":{"start":{"line":348,"column":2},"end":{"line":348,"column":20}},"252":{"start":{"line":352,"column":0},"end":{"line":375,"column":3}},"253":{"start":{"line":353,"column":20},"end":{"line":353,"column":48}},"254":{"start":{"line":354,"column":2},"end":{"line":354,"column":104}},"255":{"start":{"line":354,"column":48},"end":{"line":354,"column":104}},"256":{"start":{"line":355,"column":16},"end":{"line":355,"column":85}},"257":{"start":{"line":355,"column":44},"end":{"line":355,"column":84}},"258":{"start":{"line":357,"column":18},"end":{"line":357,"column":83}},"259":{"start":{"line":358,"column":16},"end":{"line":358,"column":107}},"260":{"start":{"line":359,"column":2},"end":{"line":369,"column":5}},"261":{"start":{"line":360,"column":16},"end":{"line":360,"column":48}},"262":{"start":{"line":361,"column":20},"end":{"line":361,"column":98}},"263":{"start":{"line":362,"column":4},"end":{"line":362,"column":31}},"264":{"start":{"line":363,"column":4},"end":{"line":363,"column":29}},"265":{"start":{"line":364,"column":4},"end":{"line":364,"column":37}},"266":{"start":{"line":365,"column":4},"end":{"line":365,"column":60}},"267":{"start":{"line":366,"column":4},"end":{"line":366,"column":80}},"268":{"start":{"line":367,"column":4},"end":{"line":367,"column":37}},"269":{"start":{"line":368,"column":4},"end":{"line":368,"column":29}},"270":{"start":{"line":370,"column":2},"end":{"line":370,"column":30}},"271":{"start":{"line":371,"column":18},"end":{"line":371,"column":36}},"272":{"start":{"line":372,"column":2},"end":{"line":372,"column":64}},"273":{"start":{"line":373,"column":2},"end":{"line":373,"column":90}},"274":{"start":{"line":374,"column":2},"end":{"line":374,"column":20}},"275":{"start":{"line":378,"column":0},"end":{"line":408,"column":3}},"276":{"start":{"line":379,"column":17},"end":{"line":379,"column":42}},"277":{"start":{"line":380,"column":15},"end":{"line":380,"column":57}},"278":{"start":{"line":380,"column":41},"end":{"line":380,"column":56}},"279":{"start":{"line":381,"column":2},"end":{"line":381,"column":70}},"280":{"start":{"line":381,"column":13},"end":{"line":381,"column":70}},"281":{"start":{"line":382,"column":2},"end":{"line":382,"column":110}},"282":{"start":{"line":382,"column":54},"end":{"line":382,"column":110}},"283":{"start":{"line":384,"column":15},"end":{"line":384,"column":70}},"284":{"start":{"line":386,"column":16},"end":{"line":386,"column":76}},"285":{"start":{"line":386,"column":51},"end":{"line":386,"column":59}},"286":{"start":{"line":387,"column":2},"end":{"line":387,"column":93}},"287":{"start":{"line":387,"column":26},"end":{"line":387,"column":93}},"288":{"start":{"line":389,"column":18},"end":{"line":389,"column":20}},"289":{"start":{"line":390,"column":26},"end":{"line":390,"column":78}},"290":{"start":{"line":390,"column":57},"end":{"line":390,"column":77}},"291":{"start":{"line":391,"column":21},"end":{"line":391,"column":103}},"292":{"start":{"line":391,"column":85},"end":{"line":391,"column":97}},"293":{"start":{"line":392,"column":2},"end":{"line":404,"column":5}},"294":{"start":{"line":393,"column":15},"end":{"line":393,"column":37}},"295":{"start":{"line":394,"column":16},"end":{"line":401,"column":5}},"296":{"start":{"line":402,"column":4},"end":{"line":402,"column":31}},"297":{"start":{"line":403,"column":4},"end":{"line":403,"column":22}},"298":{"start":{"line":405,"column":2},"end":{"line":405,"column":13}},"299":{"start":{"line":406,"column":2},"end":{"line":406,"column":66}},"300":{"start":{"line":406,"column":10},"end":{"line":406,"column":66}},"301":{"start":{"line":407,"column":2},"end":{"line":407,"column":24}},"302":{"start":{"line":411,"column":0},"end":{"line":426,"column":3}},"303":{"start":{"line":412,"column":17},"end":{"line":412,"column":42}},"304":{"start":{"line":413,"column":15},"end":{"line":413,"column":57}},"305":{"start":{"line":413,"column":41},"end":{"line":413,"column":56}},"306":{"start":{"line":414,"column":2},"end":{"line":414,"column":70}},"307":{"start":{"line":414,"column":13},"end":{"line":414,"column":70}},"308":{"start":{"line":415,"column":2},"end":{"line":415,"column":110}},"309":{"start":{"line":415,"column":54},"end":{"line":415,"column":110}},"310":{"start":{"line":417,"column":16},"end":{"line":417,"column":45}},"311":{"start":{"line":418,"column":2},"end":{"line":418,"column":71}},"312":{"start":{"line":418,"column":14},"end":{"line":418,"column":71}},"313":{"start":{"line":419,"column":13},"end":{"line":419,"column":35}},"314":{"start":{"line":420,"column":16},"end":{"line":420,"column":86}},"315":{"start":{"line":420,"column":48},"end":{"line":420,"column":68}},"316":{"start":{"line":421,"column":14},"end":{"line":421,"column":107}},"317":{"start":{"line":422,"column":2},"end":{"line":422,"column":29}},"318":{"start":{"line":423,"column":2},"end":{"line":423,"column":13}},"319":{"start":{"line":424,"column":2},"end":{"line":424,"column":54}},"320":{"start":{"line":424,"column":10},"end":{"line":424,"column":54}},"321":{"start":{"line":425,"column":2},"end":{"line":425,"column":32}},"322":{"start":{"line":428,"column":0},"end":{"line":439,"column":3}},"323":{"start":{"line":429,"column":20},"end":{"line":429,"column":48}},"324":{"start":{"line":430,"column":14},"end":{"line":430,"column":67}},"325":{"start":{"line":430,"column":48},"end":{"line":430,"column":66}},"326":{"start":{"line":431,"column":2},"end":{"line":431,"column":78}},"327":{"start":{"line":431,"column":18},"end":{"line":431,"column":78}},"328":{"start":{"line":432,"column":14},"end":{"line":432,"column":35}},"329":{"start":{"line":433,"column":15},"end":{"line":433,"column":62}},"330":{"start":{"line":433,"column":41},"end":{"line":433,"column":61}},"331":{"start":{"line":434,"column":2},"end":{"line":434,"column":110}},"332":{"start":{"line":434,"column":54},"end":{"line":434,"column":110}},"333":{"start":{"line":435,"column":2},"end":{"line":435,"column":34}},"334":{"start":{"line":436,"column":2},"end":{"line":436,"column":13}},"335":{"start":{"line":437,"column":2},"end":{"line":437,"column":73}},"336":{"start":{"line":437,"column":10},"end":{"line":437,"column":73}},"337":{"start":{"line":438,"column":2},"end":{"line":438,"column":35}},"338":{"start":{"line":442,"column":0},"end":{"line":455,"column":3}},"339":{"start":{"line":443,"column":20},"end":{"line":443,"column":48}},"340":{"start":{"line":444,"column":14},"end":{"line":444,"column":62}},"341":{"start":{"line":444,"column":43},"end":{"line":444,"column":61}},"342":{"start":{"line":445,"column":2},"end":{"line":445,"column":72}},"343":{"start":{"line":445,"column":12},"end":{"line":445,"column":72}},"344":{"start":{"line":446,"column":15},"end":{"line":446,"column":62}},"345":{"start":{"line":446,"column":41},"end":{"line":446,"column":61}},"346":{"start":{"line":447,"column":2},"end":{"line":447,"column":110}},"347":{"start":{"line":447,"column":54},"end":{"line":447,"column":110}},"348":{"start":{"line":449,"column":2},"end":{"line":449,"column":86}},"349":{"start":{"line":449,"column":49},"end":{"line":449,"column":86}},"350":{"start":{"line":450,"column":2},"end":{"line":450,"column":87}},"351":{"start":{"line":450,"column":45},"end":{"line":450,"column":87}},"352":{"start":{"line":451,"column":2},"end":{"line":451,"column":44}},"353":{"start":{"line":452,"column":2},"end":{"line":452,"column":13}},"354":{"start":{"line":453,"column":2},"end":{"line":453,"column":76}},"355":{"start":{"line":453,"column":10},"end":{"line":453,"column":76}},"356":{"start":{"line":454,"column":2},"end":{"line":454,"column":20}},"357":{"start":{"line":457,"column":0},"end":{"line":457,"column":24}}},"fnMap":{"0":{"name":"(anonymous_0)","decl":{"start":{"line":8,"column":15},"end":{"line":8,"column":16}},"loc":{"start":{"line":8,"column":27},"end":{"line":8,"column":43}},"line":8},"1":{"name":"(anonymous_1)","decl":{"start":{"line":15,"column":15},"end":{"line":15,"column":16}},"loc":{"start":{"line":15,"column":34},"end":{"line":15,"column":53}},"line":15},"2":{"name":"(anonymous_2)","decl":{"start":{"line":16,"column":12},"end":{"line":16,"column":13}},"loc":{"start":{"line":16,"column":31},"end":{"line":16,"column":111}},"line":16},"3":{"name":"isProjectMember","decl":{"start":{"line":20,"column":9},"end":{"line":20,"column":24}},"loc":{"start":{"line":20,"column":44},"end":{"line":22,"column":1}},"line":20},"4":{"name":"(anonymous_4)","decl":{"start":{"line":21,"column":38},"end":{"line":21,"column":39}},"loc":{"start":{"line":21,"column":50},"end":{"line":21,"column":110}},"line":21},"5":{"name":"(anonymous_5)","decl":{"start":{"line":24,"column":16},"end":{"line":24,"column":17}},"loc":{"start":{"line":24,"column":30},"end":{"line":44,"column":1}},"line":24},"6":{"name":"(anonymous_6)","decl":{"start":{"line":26,"column":12},"end":{"line":26,"column":13}},"loc":{"start":{"line":26,"column":22},"end":{"line":26,"column":103}},"line":26},"7":{"name":"(anonymous_7)","decl":{"start":{"line":27,"column":9},"end":{"line":27,"column":10}},"loc":{"start":{"line":27,"column":20},"end":{"line":41,"column":5}},"line":27},"8":{"name":"(anonymous_8)","decl":{"start":{"line":37,"column":39},"end":{"line":37,"column":40}},"loc":{"start":{"line":37,"column":46},"end":{"line":37,"column":71}},"line":37},"9":{"name":"(anonymous_9)","decl":{"start":{"line":38,"column":40},"end":{"line":38,"column":41}},"loc":{"start":{"line":38,"column":47},"end":{"line":38,"column":72}},"line":38},"10":{"name":"(anonymous_10)","decl":{"start":{"line":39,"column":42},"end":{"line":39,"column":43}},"loc":{"start":{"line":39,"column":49},"end":{"line":39,"column":73}},"line":39},"11":{"name":"(anonymous_11)","decl":{"start":{"line":42,"column":10},"end":{"line":42,"column":11}},"loc":{"start":{"line":42,"column":20},"end":{"line":42,"column":51}},"line":42},"12":{"name":"(anonymous_12)","decl":{"start":{"line":46,"column":25},"end":{"line":46,"column":26}},"loc":{"start":{"line":46,"column":39},"end":{"line":90,"column":1}},"line":46},"13":{"name":"(anonymous_13)","decl":{"start":{"line":47,"column":37},"end":{"line":47,"column":38}},"loc":{"start":{"line":47,"column":47},"end":{"line":47,"column":92}},"line":47},"14":{"name":"(anonymous_14)","decl":{"start":{"line":50,"column":23},"end":{"line":50,"column":24}},"loc":{"start":{"line":50,"column":33},"end":{"line":50,"column":55}},"line":50},"15":{"name":"(anonymous_15)","decl":{"start":{"line":51,"column":29},"end":{"line":51,"column":30}},"loc":{"start":{"line":51,"column":39},"end":{"line":51,"column":68}},"line":51},"16":{"name":"(anonymous_16)","decl":{"start":{"line":52,"column":23},"end":{"line":52,"column":24}},"loc":{"start":{"line":52,"column":33},"end":{"line":52,"column":55}},"line":52},"17":{"name":"(anonymous_17)","decl":{"start":{"line":53,"column":26},"end":{"line":53,"column":27}},"loc":{"start":{"line":53,"column":36},"end":{"line":53,"column":132}},"line":53},"18":{"name":"(anonymous_18)","decl":{"start":{"line":57,"column":16},"end":{"line":57,"column":17}},"loc":{"start":{"line":57,"column":26},"end":{"line":63,"column":3}},"line":57},"19":{"name":"(anonymous_19)","decl":{"start":{"line":58,"column":36},"end":{"line":58,"column":37}},"loc":{"start":{"line":58,"column":43},"end":{"line":58,"column":68}},"line":58},"20":{"name":"(anonymous_20)","decl":{"start":{"line":66,"column":10},"end":{"line":66,"column":11}},"loc":{"start":{"line":66,"column":20},"end":{"line":66,"column":74}},"line":66},"21":{"name":"(anonymous_21)","decl":{"start":{"line":68,"column":9},"end":{"line":68,"column":10}},"loc":{"start":{"line":68,"column":20},"end":{"line":77,"column":5}},"line":68},"22":{"name":"(anonymous_22)","decl":{"start":{"line":74,"column":42},"end":{"line":74,"column":43}},"loc":{"start":{"line":74,"column":49},"end":{"line":74,"column":73}},"line":74},"23":{"name":"(anonymous_23)","decl":{"start":{"line":75,"column":39},"end":{"line":75,"column":40}},"loc":{"start":{"line":75,"column":46},"end":{"line":75,"column":71}},"line":75},"24":{"name":"(anonymous_24)","decl":{"start":{"line":87,"column":34},"end":{"line":87,"column":35}},"loc":{"start":{"line":87,"column":43},"end":{"line":87,"column":186}},"line":87},"25":{"name":"(anonymous_25)","decl":{"start":{"line":87,"column":83},"end":{"line":87,"column":84}},"loc":{"start":{"line":87,"column":90},"end":{"line":87,"column":176}},"line":87},"26":{"name":"(anonymous_26)","decl":{"start":{"line":92,"column":34},"end":{"line":92,"column":35}},"loc":{"start":{"line":92,"column":48},"end":{"line":113,"column":1}},"line":92},"27":{"name":"(anonymous_27)","decl":{"start":{"line":99,"column":12},"end":{"line":99,"column":13}},"loc":{"start":{"line":99,"column":22},"end":{"line":99,"column":51}},"line":99},"28":{"name":"(anonymous_28)","decl":{"start":{"line":100,"column":9},"end":{"line":100,"column":10}},"loc":{"start":{"line":100,"column":20},"end":{"line":109,"column":5}},"line":100},"29":{"name":"(anonymous_29)","decl":{"start":{"line":107,"column":39},"end":{"line":107,"column":40}},"loc":{"start":{"line":107,"column":46},"end":{"line":107,"column":71}},"line":107},"30":{"name":"(anonymous_30)","decl":{"start":{"line":108,"column":40},"end":{"line":108,"column":41}},"loc":{"start":{"line":108,"column":47},"end":{"line":108,"column":72}},"line":108},"31":{"name":"(anonymous_31)","decl":{"start":{"line":110,"column":10},"end":{"line":110,"column":11}},"loc":{"start":{"line":110,"column":20},"end":{"line":110,"column":68}},"line":110},"32":{"name":"(anonymous_32)","decl":{"start":{"line":115,"column":35},"end":{"line":115,"column":36}},"loc":{"start":{"line":115,"column":49},"end":{"line":160,"column":1}},"line":115},"33":{"name":"(anonymous_33)","decl":{"start":{"line":124,"column":38},"end":{"line":124,"column":39}},"loc":{"start":{"line":124,"column":48},"end":{"line":124,"column":82}},"line":124},"34":{"name":"(anonymous_34)","decl":{"start":{"line":129,"column":42},"end":{"line":129,"column":43}},"loc":{"start":{"line":129,"column":49},"end":{"line":129,"column":116}},"line":129},"35":{"name":"(anonymous_35)","decl":{"start":{"line":130,"column":66},"end":{"line":130,"column":67}},"loc":{"start":{"line":130,"column":73},"end":{"line":130,"column":85}},"line":130},"36":{"name":"(anonymous_36)","decl":{"start":{"line":162,"column":25},"end":{"line":162,"column":26}},"loc":{"start":{"line":162,"column":39},"end":{"line":199,"column":1}},"line":162},"37":{"name":"(anonymous_37)","decl":{"start":{"line":164,"column":34},"end":{"line":164,"column":35}},"loc":{"start":{"line":164,"column":44},"end":{"line":164,"column":62}},"line":164},"38":{"name":"(anonymous_38)","decl":{"start":{"line":172,"column":40},"end":{"line":172,"column":41}},"loc":{"start":{"line":172,"column":50},"end":{"line":172,"column":87}},"line":172},"39":{"name":"(anonymous_39)","decl":{"start":{"line":202,"column":24},"end":{"line":202,"column":25}},"loc":{"start":{"line":202,"column":38},"end":{"line":219,"column":1}},"line":202},"40":{"name":"(anonymous_40)","decl":{"start":{"line":206,"column":16},"end":{"line":206,"column":17}},"loc":{"start":{"line":206,"column":24},"end":{"line":214,"column":3}},"line":206},"41":{"name":"(anonymous_41)","decl":{"start":{"line":207,"column":36},"end":{"line":207,"column":37}},"loc":{"start":{"line":207,"column":43},"end":{"line":207,"column":65}},"line":207},"42":{"name":"(anonymous_42)","decl":{"start":{"line":221,"column":23},"end":{"line":221,"column":24}},"loc":{"start":{"line":221,"column":37},"end":{"line":241,"column":1}},"line":221},"43":{"name":"(anonymous_43)","decl":{"start":{"line":223,"column":34},"end":{"line":223,"column":35}},"loc":{"start":{"line":223,"column":44},"end":{"line":223,"column":62}},"line":223},"44":{"name":"(anonymous_44)","decl":{"start":{"line":237,"column":40},"end":{"line":237,"column":41}},"loc":{"start":{"line":237,"column":47},"end":{"line":237,"column":72}},"line":237},"45":{"name":"(anonymous_45)","decl":{"start":{"line":243,"column":26},"end":{"line":243,"column":27}},"loc":{"start":{"line":243,"column":40},"end":{"line":256,"column":1}},"line":243},"46":{"name":"(anonymous_46)","decl":{"start":{"line":245,"column":44},"end":{"line":245,"column":45}},"loc":{"start":{"line":245,"column":54},"end":{"line":245,"column":72}},"line":245},"47":{"name":"(anonymous_47)","decl":{"start":{"line":259,"column":32},"end":{"line":259,"column":33}},"loc":{"start":{"line":259,"column":46},"end":{"line":269,"column":1}},"line":259},"48":{"name":"(anonymous_48)","decl":{"start":{"line":261,"column":34},"end":{"line":261,"column":35}},"loc":{"start":{"line":261,"column":41},"end":{"line":261,"column":56}},"line":261},"49":{"name":"(anonymous_49)","decl":{"start":{"line":266,"column":12},"end":{"line":266,"column":13}},"loc":{"start":{"line":266,"column":19},"end":{"line":266,"column":39}},"line":266},"50":{"name":"(anonymous_50)","decl":{"start":{"line":267,"column":10},"end":{"line":267,"column":11}},"loc":{"start":{"line":267,"column":20},"end":{"line":267,"column":51}},"line":267},"51":{"name":"(anonymous_51)","decl":{"start":{"line":272,"column":35},"end":{"line":272,"column":36}},"loc":{"start":{"line":272,"column":49},"end":{"line":280,"column":1}},"line":272},"52":{"name":"(anonymous_52)","decl":{"start":{"line":274,"column":34},"end":{"line":274,"column":35}},"loc":{"start":{"line":274,"column":41},"end":{"line":274,"column":56}},"line":274},"53":{"name":"(anonymous_53)","decl":{"start":{"line":278,"column":49},"end":{"line":278,"column":50}},"loc":{"start":{"line":278,"column":56},"end":{"line":278,"column":76}},"line":278},"54":{"name":"(anonymous_54)","decl":{"start":{"line":283,"column":59},"end":{"line":283,"column":60}},"loc":{"start":{"line":283,"column":73},"end":{"line":297,"column":1}},"line":283},"55":{"name":"(anonymous_55)","decl":{"start":{"line":285,"column":34},"end":{"line":285,"column":35}},"loc":{"start":{"line":285,"column":41},"end":{"line":285,"column":56}},"line":285},"56":{"name":"(anonymous_56)","decl":{"start":{"line":300,"column":44},"end":{"line":300,"column":45}},"loc":{"start":{"line":300,"column":58},"end":{"line":313,"column":1}},"line":300},"57":{"name":"(anonymous_57)","decl":{"start":{"line":302,"column":44},"end":{"line":302,"column":45}},"loc":{"start":{"line":302,"column":51},"end":{"line":302,"column":72}},"line":302},"58":{"name":"(anonymous_58)","decl":{"start":{"line":305,"column":34},"end":{"line":305,"column":35}},"loc":{"start":{"line":305,"column":41},"end":{"line":305,"column":64}},"line":305},"59":{"name":"(anonymous_59)","decl":{"start":{"line":316,"column":27},"end":{"line":316,"column":28}},"loc":{"start":{"line":316,"column":41},"end":{"line":349,"column":1}},"line":316},"60":{"name":"(anonymous_60)","decl":{"start":{"line":318,"column":34},"end":{"line":318,"column":35}},"loc":{"start":{"line":318,"column":41},"end":{"line":318,"column":56}},"line":318},"61":{"name":"(anonymous_61)","decl":{"start":{"line":352,"column":38},"end":{"line":352,"column":39}},"loc":{"start":{"line":352,"column":52},"end":{"line":375,"column":1}},"line":352},"62":{"name":"(anonymous_62)","decl":{"start":{"line":355,"column":37},"end":{"line":355,"column":38}},"loc":{"start":{"line":355,"column":44},"end":{"line":355,"column":84}},"line":355},"63":{"name":"(anonymous_63)","decl":{"start":{"line":359,"column":16},"end":{"line":359,"column":17}},"loc":{"start":{"line":359,"column":26},"end":{"line":369,"column":3}},"line":359},"64":{"name":"(anonymous_64)","decl":{"start":{"line":378,"column":42},"end":{"line":378,"column":43}},"loc":{"start":{"line":378,"column":56},"end":{"line":408,"column":1}},"line":378},"65":{"name":"(anonymous_65)","decl":{"start":{"line":380,"column":34},"end":{"line":380,"column":35}},"loc":{"start":{"line":380,"column":41},"end":{"line":380,"column":56}},"line":380},"66":{"name":"(anonymous_66)","decl":{"start":{"line":386,"column":44},"end":{"line":386,"column":45}},"loc":{"start":{"line":386,"column":51},"end":{"line":386,"column":59}},"line":386},"67":{"name":"(anonymous_67)","decl":{"start":{"line":390,"column":50},"end":{"line":390,"column":51}},"loc":{"start":{"line":390,"column":57},"end":{"line":390,"column":77}},"line":390},"68":{"name":"(anonymous_68)","decl":{"start":{"line":391,"column":78},"end":{"line":391,"column":79}},"loc":{"start":{"line":391,"column":85},"end":{"line":391,"column":97}},"line":391},"69":{"name":"(anonymous_69)","decl":{"start":{"line":392,"column":16},"end":{"line":392,"column":17}},"loc":{"start":{"line":392,"column":28},"end":{"line":404,"column":3}},"line":392},"70":{"name":"(anonymous_70)","decl":{"start":{"line":411,"column":33},"end":{"line":411,"column":34}},"loc":{"start":{"line":411,"column":47},"end":{"line":426,"column":1}},"line":411},"71":{"name":"(anonymous_71)","decl":{"start":{"line":413,"column":34},"end":{"line":413,"column":35}},"loc":{"start":{"line":413,"column":41},"end":{"line":413,"column":56}},"line":413},"72":{"name":"(anonymous_72)","decl":{"start":{"line":420,"column":41},"end":{"line":420,"column":42}},"loc":{"start":{"line":420,"column":48},"end":{"line":420,"column":68}},"line":420},"73":{"name":"(anonymous_73)","decl":{"start":{"line":428,"column":38},"end":{"line":428,"column":39}},"loc":{"start":{"line":428,"column":52},"end":{"line":439,"column":1}},"line":428},"74":{"name":"(anonymous_74)","decl":{"start":{"line":430,"column":41},"end":{"line":430,"column":42}},"loc":{"start":{"line":430,"column":48},"end":{"line":430,"column":66}},"line":430},"75":{"name":"(anonymous_75)","decl":{"start":{"line":433,"column":34},"end":{"line":433,"column":35}},"loc":{"start":{"line":433,"column":41},"end":{"line":433,"column":61}},"line":433},"76":{"name":"(anonymous_76)","decl":{"start":{"line":442,"column":37},"end":{"line":442,"column":38}},"loc":{"start":{"line":442,"column":51},"end":{"line":455,"column":1}},"line":442},"77":{"name":"(anonymous_77)","decl":{"start":{"line":444,"column":36},"end":{"line":444,"column":37}},"loc":{"start":{"line":444,"column":43},"end":{"line":444,"column":61}},"line":444},"78":{"name":"(anonymous_78)","decl":{"start":{"line":446,"column":34},"end":{"line":446,"column":35}},"loc":{"start":{"line":446,"column":41},"end":{"line":446,"column":61}},"line":446}},"branchMap":{"0":{"loc":{"start":{"line":21,"column":50},"end":{"line":21,"column":110}},"type":"binary-expr","locations":[{"start":{"line":21,"column":50},"end":{"line":21,"column":81}},{"start":{"line":21,"column":85},"end":{"line":21,"column":110}}],"line":21},"1":{"loc":{"start":{"line":26,"column":22},"end":{"line":26,"column":103}},"type":"binary-expr","locations":[{"start":{"line":26,"column":22},"end":{"line":26,"column":54}},{"start":{"line":26,"column":58},"end":{"line":26,"column":103}}],"line":26},"2":{"loc":{"start":{"line":31,"column":13},"end":{"line":31,"column":28}},"type":"binary-expr","locations":[{"start":{"line":31,"column":13},"end":{"line":31,"column":23}},{"start":{"line":31,"column":27},"end":{"line":31,"column":28}}],"line":31},"3":{"loc":{"start":{"line":33,"column":16},"end":{"line":33,"column":41}},"type":"binary-expr","locations":[{"start":{"line":33,"column":16},"end":{"line":33,"column":29}},{"start":{"line":33,"column":33},"end":{"line":33,"column":41}}],"line":33},"4":{"loc":{"start":{"line":37,"column":20},"end":{"line":37,"column":91}},"type":"binary-expr","locations":[{"start":{"line":37,"column":20},"end":{"line":37,"column":78}},{"start":{"line":37,"column":82},"end":{"line":37,"column":91}}],"line":37},"5":{"loc":{"start":{"line":38,"column":21},"end":{"line":38,"column":93}},"type":"binary-expr","locations":[{"start":{"line":38,"column":21},"end":{"line":38,"column":80}},{"start":{"line":38,"column":84},"end":{"line":38,"column":93}}],"line":38},"6":{"loc":{"start":{"line":39,"column":20},"end":{"line":39,"column":94}},"type":"binary-expr","locations":[{"start":{"line":39,"column":20},"end":{"line":39,"column":81}},{"start":{"line":39,"column":85},"end":{"line":39,"column":94}}],"line":39},"7":{"loc":{"start":{"line":40,"column":15},"end":{"line":40,"column":111}},"type":"binary-expr","locations":[{"start":{"line":40,"column":15},"end":{"line":40,"column":28}},{"start":{"line":40,"column":32},"end":{"line":40,"column":85}},{"start":{"line":40,"column":89},"end":{"line":40,"column":111}}],"line":40},"8":{"loc":{"start":{"line":42,"column":21},"end":{"line":42,"column":33}},"type":"binary-expr","locations":[{"start":{"line":42,"column":21},"end":{"line":42,"column":28}},{"start":{"line":42,"column":32},"end":{"line":42,"column":33}}],"line":42},"9":{"loc":{"start":{"line":42,"column":38},"end":{"line":42,"column":50}},"type":"binary-expr","locations":[{"start":{"line":42,"column":38},"end":{"line":42,"column":45}},{"start":{"line":42,"column":49},"end":{"line":42,"column":50}}],"line":42},"10":{"loc":{"start":{"line":53,"column":36},"end":{"line":53,"column":132}},"type":"binary-expr","locations":[
[...]
e":192,"column":82}},{"start":{},"end":{}}],"line":192},"50":{"loc":{"start":{"line":193,"column":2},"end":{"line":193,"column":79}},"type":"if","locations":[{"start":{"line":193,"column":2},"end":{"line":193,"column":79}},{"start":{},"end":{}}],"line":193},"51":{"loc":{"start":{"line":193,"column":54},"end":{"line":193,"column":78}},"type":"binary-expr","locations":[{"start":{"line":193,"column":54},"end":{"line":193,"column":70}},{"start":{"line":193,"column":74},"end":{"line":193,"column":78}}],"line":193},"52":{"loc":{"start":{"line":197,"column":2},"end":{"line":197,"column":91}},"type":"if","locations":[{"start":{"line":197,"column":2},"end":{"line":197,"column":91}},{"start":{},"end":{}}],"line":197},"53":{"loc":{"start":{"line":204,"column":2},"end":{"line":204,"column":87}},"type":"if","locations":[{"start":{"line":204,"column":2},"end":{"line":204,"column":87}},{"start":{},"end":{}}],"line":204},"54":{"loc":{"start":{"line":208,"column":4},"end":{"line":208,"column":22}},"type":"if","locations":[{"start":{"line":208,"column":4},"end":{"line":208,"column":22}},{"start":{},"end":{}}],"line":208},"55":{"loc":{"start":{"line":210,"column":4},"end":{"line":210,"column":63}},"type":"if","locations":[{"start":{"line":210,"column":4},"end":{"line":210,"column":63}},{"start":{},"end":{}}],"line":210},"56":{"loc":{"start":{"line":211,"column":4},"end":{"line":211,"column":43}},"type":"if","locations":[{"start":{"line":211,"column":4},"end":{"line":211,"column":43}},{"start":{},"end":{}}],"line":211},"57":{"loc":{"start":{"line":212,"column":4},"end":{"line":212,"column":71}},"type":"if","locations":[{"start":{"line":212,"column":4},"end":{"line":212,"column":71}},{"start":{},"end":{}}],"line":212},"58":{"loc":{"start":{"line":217,"column":2},"end":{"line":217,"column":48}},"type":"if","locations":[{"start":{"line":217,"column":2},"end":{"line":217,"column":48}},{"start":{},"end":{}}],"line":217},"59":{"loc":{"start":{"line":224,"column":2},"end":{"line":224,"column":70}},"type":"if","locations":[{"start":{"line":224,"column":2},"end":{"line":224,"column":70}},{"start":{},"end":{}}],"line":224},"60":{"loc":{"start":{"line":225,"column":2},"end":{"line":227,"column":3}},"type":"if","locations":[{"start":{"line":225,"column":2},"end":{"line":227,"column":3}},{"start":{},"end":{}}],"line":225},"61":{"loc":{"start":{"line":235,"column":16},"end":{"line":235,"column":41}},"type":"binary-expr","locations":[{"start":{"line":235,"column":16},"end":{"line":235,"column":29}},{"start":{"line":235,"column":33},"end":{"line":235,"column":41}}],"line":235},"62":{"loc":{"start":{"line":237,"column":21},"end":{"line":237,"column":86}},"type":"binary-expr","locations":[{"start":{"line":237,"column":21},"end":{"line":237,"column":80}},{"start":{"line":237,"column":84},"end":{"line":237,"column":86}}],"line":237},"63":{"loc":{"start":{"line":246,"column":2},"end":{"line":246,"column":81}},"type":"if","locations":[{"start":{"line":246,"column":2},"end":{"line":246,"column":81}},{"start":{},"end":{}}],"line":246},"64":{"loc":{"start":{"line":248,"column":2},"end":{"line":250,"column":3}},"type":"if","locations":[{"start":{"line":248,"column":2},"end":{"line":250,"column":3}},{"start":{},"end":{}}],"line":248},"65":{"loc":{"start":{"line":254,"column":2},"end":{"line":254,"column":50}},"type":"if","locations":[{"start":{"line":254,"column":2},"end":{"line":254,"column":50}},{"start":{},"end":{}}],"line":254},"66":{"loc":{"start":{"line":262,"column":2},"end":{"line":262,"column":70}},"type":"if","locations":[{"start":{"line":262,"column":2},"end":{"line":262,"column":70}},{"start":{},"end":{}}],"line":262},"67":{"loc":{"start":{"line":263,"column":2},"end":{"line":263,"column":110}},"type":"if","locations":[{"start":{"line":263,"column":2},"end":{"line":263,"column":110}},{"start":{},"end":{}}],"line":263},"68":{"loc":{"start":{"line":267,"column":21},"end":{"line":267,"column":33}},"type":"binary-expr","locations":[{"start":{"line":267,"column":21},"end":{"line":267,"column":28}},{"start":{"line":267,"column":32},"end":{"line":267,"column":33}}],"line":267},"69":{"loc":{"start":{"line":267,"column":38},"end":{"line":267,"column":50}},"type":"binary-expr","locations":[{"start":{"line":267,"column":38},"end":{"line":267,"column":45}},{"start":{"line":267,"column":49},"end":{"line":267,"column":50}}],"line":267},"70":{"loc":{"start":{"line":275,"column":2},"end":{"line":275,"column":70}},"type":"if","locations":[{"start":{"line":275,"column":2},"end":{"line":275,"column":70}},{"start":{},"end":{}}],"line":275},"71":{"loc":{"start":{"line":276,"column":2},"end":{"line":276,"column":110}},"type":"if","locations":[{"start":{"line":276,"column":2},"end":{"line":276,"column":110}},{"start":{},"end":{}}],"line":276},"72":{"loc":{"start":{"line":286,"column":2},"end":{"line":286,"column":70}},"type":"if","locations":[{"start":{"line":286,"column":2},"end":{"line":286,"column":70}},{"start":{},"end":{}}],"line":286},"73":{"loc":{"start":{"line":287,"column":2},"end":{"line":287,"column":110}},"type":"if","locations":[{"start":{"line":287,"column":2},"end":{"line":287,"column":110}},{"start":{},"end":{}}],"line":287},"74":{"loc":{"start":{"line":288,"column":2},"end":{"line":288,"column":76}},"type":"if","locations":[{"start":{"line":288,"column":2},"end":{"line":288,"column":76}},{"start":{},"end":{}}],"line":288},"75":{"loc":{"start":{"line":295,"column":2},"end":{"line":295,"column":62}},"type":"if","locations":[{"start":{"line":295,"column":2},"end":{"line":295,"column":62}},{"start":{},"end":{}}],"line":295},"76":{"loc":{"start":{"line":303,"column":2},"end":{"line":303,"column":81}},"type":"if","locations":[{"start":{"line":303,"column":2},"end":{"line":303,"column":81}},{"start":{},"end":{}}],"line":303},"77":{"loc":{"start":{"line":306,"column":2},"end":{"line":306,"column":110}},"type":"if","locations":[{"start":{"line":306,"column":2},"end":{"line":306,"column":110}},{"start":{},"end":{}}],"line":306},"78":{"loc":{"start":{"line":311,"column":2},"end":{"line":311,"column":82}},"type":"if","locations":[{"start":{"line":311,"column":2},"end":{"line":311,"column":82}},{"start":{},"end":{}}],"line":311},"79":{"loc":{"start":{"line":319,"column":2},"end":{"line":319,"column":70}},"type":"if","locations":[{"start":{"line":319,"column":2},"end":{"line":319,"column":70}},{"start":{},"end":{}}],"line":319},"80":{"loc":{"start":{"line":320,"column":2},"end":{"line":320,"column":110}},"type":"if","locations":[{"start":{"line":320,"column":2},"end":{"line":320,"column":110}},{"start":{},"end":{}}],"line":320},"81":{"loc":{"start":{"line":326,"column":2},"end":{"line":329,"column":3}},"type":"if","locations":[{"start":{"line":326,"column":2},"end":{"line":329,"column":3}},{"start":{},"end":{}}],"line":326},"82":{"loc":{"start":{"line":340,"column":20},"end":{"line":340,"column":42}},"type":"binary-expr","locations":[{"start":{"line":340,"column":20},"end":{"line":340,"column":36}},{"start":{"line":340,"column":40},"end":{"line":340,"column":42}}],"line":340},"83":{"loc":{"start":{"line":342,"column":2},"end":{"line":342,"column":48}},"type":"if","locations":[{"start":{"line":342,"column":2},"end":{"line":342,"column":48}},{"start":{},"end":{}}],"line":342},"84":{"loc":{"start":{"line":354,"column":2},"end":{"line":354,"column":104}},"type":"if","locations":[{"start":{"line":354,"column":2},"end":{"line":354,"column":104}},{"start":{},"end":{}}],"line":354},"85":{"loc":{"start":{"line":355,"column":44},"end":{"line":355,"column":84}},"type":"binary-expr","locations":[{"start":{"line":355,"column":44},"end":{"line":355,"column":70}},{"start":{"line":355,"column":74},"end":{"line":355,"column":84}}],"line":355},"86":{"loc":{"start":{"line":366,"column":31},"end":{"line":366,"column":53}},"type":"binary-expr","locations":[{"start":{"line":366,"column":31},"end":{"line":366,"column":47}},{"start":{"line":366,"column":51},"end":{"line":366,"column":53}}],"line":366},"87":{"loc":{"start":{"line":381,"column":2},"end":{"line":381,"column":70}},"type":"if","locations":[{"start":{"line":381,"column":2},"end":{"line":381,"column":70}},{"start":{},"end":{}}],"line":381},"88":{"loc":{"start":{"line":382,"column":2},"end":{"line":382,"column":110}},"type":"if","locations":[{"start":{"line":382,"column":2},"end":{"line":382,"column":110}},{"start":{},"end":{}}],"line":382},"89":{"loc":{"start":{"line":384,"column":15},"end":{"line":384,"column":70}},"type":"binary-expr","locations":[{"start":{"line":384,"column":15},"end":{"line":384,"column":30}},{"start":{"line":384,"column":34},"end":{"line":384,"column":50}},{"start":{"line":384,"column":54},"end":{"line":384,"column":64}},{"start":{"line":384,"column":68},"end":{"line":384,"column":70}}],"line":384},"90":{"loc":{"start":{"line":387,"column":2},"end":{"line":387,"column":93}},"type":"if","locations":[{"start":{"line":387,"column":2},"end":{"line":387,"column":93}},{"start":{},"end":{}}],"line":387},"91":{"loc":{"start":{"line":391,"column":21},"end":{"line":391,"column":103}},"type":"cond-expr","locations":[{"start":{"line":391,"column":46},"end":{"line":391,"column":99}},{"start":{"line":391,"column":102},"end":{"line":391,"column":103}}],"line":391},"92":{"loc":{"start":{"line":391,"column":85},"end":{"line":391,"column":97}},"type":"binary-expr","locations":[{"start":{"line":391,"column":85},"end":{"line":391,"column":92}},{"start":{"line":391,"column":96},"end":{"line":391,"column":97}}],"line":391},"93":{"loc":{"start":{"line":397,"column":13},"end":{"line":397,"column":55}},"type":"cond-expr","locations":[{"start":{"line":397,"column":29},"end":{"line":397,"column":51}},{"start":{"line":397,"column":54},"end":{"line":397,"column":55}}],"line":397},"94":{"loc":{"start":{"line":406,"column":2},"end":{"line":406,"column":66}},"type":"if","locations":[{"start":{"line":406,"column":2},"end":{"line":406,"column":66}},{"start":{},"end":{}}],"line":406},"95":{"loc":{"start":{"line":414,"column":2},"end":{"line":414,"column":70}},"type":"if","locations":[{"start":{"line":414,"column":2},"end":{"line":414,"column":70}},{"start":{},"end":{}}],"line":414},"96":{"loc":{"start":{"line":415,"column":2},"end":{"line":415,"column":110}},"type":"if","locations":[{"start":{"line":415,"column":2},"end":{"line":415,"column":110}},{"start":{},"end":{}}],"line":415},"97":{"loc":{"start":{"line":417,"column":17},"end":{"line":417,"column":37}},"type":"binary-expr","locations":[{"start":{"line":417,"column":17},"end":{"line":417,"column":31}},{"start":{"line":417,"column":35},"end":{"line":417,"column":37}}],"line":417},"98":{"loc":{"start":{"line":418,"column":2},"end":{"line":418,"column":71}},"type":"if","locations":[{"start":{"line":418,"column":2},"end":{"line":418,"column":71}},{"start":{},"end":{}}],"line":418},"99":{"loc":{"start":{"line":420,"column":17},"end":{"line":420,"column":81}},"type":"binary-expr","locations":[{"start":{"line":420,"column":17},"end":{"line":420,"column":76}},{"start":{"line":420,"column":80},"end":{"line":420,"column":81}}],"line":420},"100":{"loc":{"start":{"line":424,"column":2},"end":{"line":424,"column":54}},"type":"if","locations":[{"start":{"line":424,"column":2},"end":{"line":424,"column":54}},{"start":{},"end":{}}],"line":424},"101":{"loc":{"start":{"line":431,"column":2},"end":{"line":431,"column":78}},"type":"if","locations":[{"start":{"line":431,"column":2},"end":{"line":431,"column":78}},{"start":{},"end":{}}],"line":431},"102":{"loc":{"start":{"line":434,"column":2},"end":{"line":434,"column":110}},"type":"if","locations":[{"start":{"line":434,"column":2},"end":{"line":434,"column":110}},{"start":{},"end":{}}],"line":434},"103":{"loc":{"start":{"line":437,"column":2},"end":{"line":437,"column":73}},"type":"if","locations":[{"start":{"line":437,"column":2},"end":{"line":437,"column":73}},{"start":{},"end":{}}],"line":437},"104":{"loc":{"start":{"line":445,"column":2},"end":{"line":445,"column":72}},"type":"if","locations":[{"start":{"line":445,"column":2},"end":{"line":445,"column":72}},{"start":{},"end":{}}],"line":445},"105":{"loc":{"start":{"line":447,"column":2},"end":{"line":447,"column":110}},"type":"if","locations":[{"start":{"line":447,"column":2},"end":{"line":447,"column":110}},{"start":{},"end":{}}],"line":447},"106":{"loc":{"start":{"line":449,"column":2},"end":{"line":449,"column":86}},"type":"if","locations":[{"start":{"line":449,"column":2},"end":{"line":449,"column":86}},{"start":{},"end":{}}],"line":449},"107":{"loc":{"start":{"line":450,"column":2},"end":{"line":450,"column":87}},"type":"if","locations":[{"start":{"line":450,"column":2},"end":{"line":450,"column":87}},{"start":{},"end":{}}],"line":450},"108":{"loc":{"start":{"line":453,"column":2},"end":{"line":453,"column":76}},"type":"if","locations":[{"start":{"line":453,"column":2},"end":{"line":453,"column":76}},{"start":{},"end":{}}],"line":453}},"s":{"0":2,"1":2,"2":2,"3":2,"4":2,"5":2,"6":2,"7":0,"8":2,"9":2,"10":2,"11":2,"12":2,"13":0,"14":0,"15":2,"16":0,"17":0,"18":2,"19":0,"20":0,"21":0,"22":0,"23":0,"24":0,"25":0,"26":0,"27":2,"28":0,"29":0,"30":0,"31":0,"32":0,"33":0,"34":0,"35":0,"36":0,"37":0,"38":0,"39":0,"40":0,"41":0,"42":0,"43":0,"44":0,"45":0,"46":0,"47":0,"48":0,"49":0,"50":0,"51":0,"52":0,"53":0,"54":0,"55":0,"56":0,"57":0,"58":0,"59":0,"60":0,"61":2,"62":0,"63":0,"64":0,"65":0,"66":0,"67":0,"68":0,"69":0,"70":0,"71":0,"72":2,"73":0,"74":0,"75":0,"76":0,"77":0,"78":0,"79":0,"80":0,"81":0,"82":0,"83":0,"84":0,"85":0,"86":0,"87":0,"88":0,"89":0,"90":0,"91":0,"92":0,"93":0,"94":2,"95":0,"96":0,"97":0,"98":0,"99":0,"100":0,"101":0,"102":0,"103":0,"104":0,"105":0,"106":0,"107":0,"108":0,"109":0,"110":0,"111":0,"112":0,"113":0,"114":0,"115":0,"116":0,"117":0,"118":0,"119":0,"120":0,"121":0,"122":0,"123":0,"124":0,"125":0,"126":0,"127":2,"128":0,"129":0,"130":0,"131":0,"132":0,"133":0,"134":0,"135":0,"136":0,"137":0,"138":0,"139":0,"140":0,"141":0,"142":0,"143":0,"144":0,"145":0,"146":0,"147":2,"148":0,"149":0,"150":0,"151":0,"152":0,"153":0,"154":0,"155":0,"156":0,"157":2,"158":0,"159":0,"160":0,"161":0,"162":0,"163":0,"164":0,"165":0,"166":0,"167":0,"168":0,"169":0,"170":0,"171":2,"172":0,"173":0,"174":0,"175":0,"176":0,"177":0,"178":0,"179":0,"180":0,"181":0,"182":0,"183":2,"184":0,"185":0,"186":0,"187":0,"188":0,"189":0,"190":0,"191":0,"192":0,"193":0,"194":2,"195":0,"196":0,"197":0,"198":0,"199":0,"200":0,"201":0,"202":0,"203":0,"204":0,"205":0,"206":0,"207":0,"208":0,"209":0,"210":0,"211":0,"212":2,"213":0,"214":0,"215":0,"216":0,"217":0,"218":0,"219":0,"220":0,"221":0,"222":0,"223":0,"224":0,"225":0,"226":0,"227":0,"228":0,"229":0,"230":2,"231":0,"232":0,"233":0,"234":0,"235":0,"236":0,"237":0,"238":0,"239":0,"240":0,"241":0,"242":0,"243":0,"244":0,"245":0,"246":0,"247":0,"248":0,"249":0,"250":0,"251":0,"252":2,"253":0,"254":0,"255":0,"256":0,"257":0,"258":0,"259":0,"260":0,"261":0,"262":0,"263":0,"264":0,"265":0,"266":0,"267":0,"268":0,"269":0,"270":0,"271":0,"272":0,"273":0,"274":0,"275":2,"276":0,"277":0,"278":0,"279":0,"280":0,"281":0,"282":0,"283":0,"284":0,"285":0,"286":0,"287":0,"288":0,"289":0,"290":0,"291":0,"292":0,"293":0,"294":0,"295":0,"296":0,"297":0,"298":0,"299":0,"300":0,"301":0,"302":2,"303":0,"304":0,"305":0,"306":0,"307":0,"308":0,"309":0,"310":0,"311":0,"312":0,"313":0,"314":0,"315":0,"316":0,"317":0,"318":0,"319":0,"320":0,"321":0,"322":2,"323":0,"324":0,"325":0,"326":0,"327":0,"328":0,"329":0,"330":0,"331":0,"332":0,"333":0,"334":0,"335":0,"336":0,"337":0,"338":2,"339":0,"340":0,"341":0,"342":0,"343":0,"344":0,"345":0,"346":0,"347":0,"348":0,"349":0,"350":0,"351":0,"352":0,"353":0,"354":0,"355":0,"356":0,"357":2},"f":{"0":0,"1":0,"2":0,"3":0,"4":0,"5":0,"6":0,"7":0,"8":0,"9":0,"10":0,"11":0,"12":0,"13":0,"14":0,"15":0,"16":0,"17":0,"18":0,"19":0,"20":0,"21":0,"22":0,"23":0,"24":0,"25":0,"26":0,"27":0,"28":0,"29":0,"30":0,"31":0,"32":0,"33":0,"34":0,"35":0,"36":0,"37":0,"38":0,"39":0,"40":0,"41":0,"42":0,"43":0,"44":0,"45":0,"46":0,"47":0,"48":0,"49":0,"50":0,"51":0,"52":0,"53":0,"54":0,"55":0,"56":0,"57":0,"58":0,"59":0,"60":0,"61":0,"62":0,"63":0,"64":0,"65":0,"66":0,"67":0,"68":0,"69":0,"70":0,"71":0,"72":0,"73":0,"74":0,"75":0,"76":0,"77":0,"78":0},"b":{"0":[0,0],"1":[0,0],"2":[0,0],"3":[0,0],"4":[0,0],"5":[0,0],"6":[0,0],"7":[0,0,0],"8":[0,0],"9":[0,0],"10":[0,0,0],"11":[0,0],"12":[0,0],"13":[0,0],"14":[0,0],"15":[0,0],"16":[0,0],"17":[0,0],"18":[0,0],"19":[0,0,0],"20":[0,0],"21":[0,0],"22":[0,0],"23":[0,0],"24":[0,0],"25":[0,0],"26":[0,0],"27":[0,0],"28":[0,0],"29":[0,0],"30":[0,0],"31":[0,0],"32":[0,0],"33":[0,0],"34":[0,0],"35":[0,0],"36":[0,0],"37":[0,0],"38":[0,0],"39":[0,0],"40":[0,0],"41":[0,0],"42":[0,0],"43":[0,0],"44":[0,0],"45":[0,0],"46":[0,0],"47":[0,0],"48":[0,0],"49":[0,0],"50":[0,0],"51":[0,0],"52":[0,0],"53":[0,0],"54":[0,0],"55":[0,0],"56":[0,0],"57":[0,0],"58":[0,0],"59":[0,0],"60":[0,0],"61":[0,0],"62":[0,0],"63":[0,0],"64":[0,0],"65":[0,0],"66":[0,0],"67":[0,0],"68":[0,0],"69":[0,0],"70":[0,0],"71":[0,0],"72":[0,0],"73":[0,0],"74":[0,0],"75":[0,0],"76":[0,0],"77":[0,0],"78":[0,0],"79":[0,0],"80":[0,0],"81":[0,0],"82":[0,0],"83":[0,0],"84":[0,0],"85":[0,0],"86":[0,0],"87":[0,0],"88":[0,0],"89":[0,0,0,0],"90":[0,0],"91":[0,0],"92":[0,0],"93":[0,0],"94":[0,0],"95":[0,0],"96":[0,0],"97":[0,0],"98":[0,0],"99":[0,0],"100":[0,0],"101":[0,0],"102":[0,0],"103":[0,0],"104":[0,0],"105":[0,0],"106":[0,0],"107":[0,0],"108":[0,0]},"_coverageSchema":"1a1c01bbd47fc00a2c39e90264f33305004495a9","hash":"ec3d227135a32c525650c55328c99faf6193470e"}
,"C:\\Users\\anshu\\OneDrive\\Desktop\\team task manager\\backend\\src\\routes\\users.js": {"path":"C:\\Users\\anshu\\OneDrive\\Desktop\\team task manager\\backend\\src\\routes\\users.js","statementMap":{"0":{"start":{"line":1,"column":16},"end":{"line":1,"column":34}},"1":{"start":{"line":2,"column":15},"end":{"line":2,"column":31}},"2":{"start":{"line":3,"column":21},"end":{"line":3,"column":50}},"3":{"start":{"line":5,"column":15},"end":{"line":5,"column":31}},"4":{"start":{"line":6,"column":0},"end":{"line":6,"column":25}},"5":{"start":{"line":8,"column":0},"end":{"line":11,"column":3}},"6":{"start":{"line":9,"column":16},"end":{"line":9,"column":98}},"7":{"start":{"line":9,"column":40},"end":{"line":9,"column":96}},"8":{"start":{"line":10,"column":2},"end":{"line":10,"column":22}},"9":{"start":{"line":13,"column":0},"end":{"line":13,"column":24}}},"fnMap":{"0":{"name":"(anonymous_0)","decl":{"start":{"line":8,"column":16},"end":{"line":8,"column":17}},"loc":{"start":{"line":8,"column":30},"end":{"line":11,"column":1}},"line":8},"1":{"name":"(anonymous_1)","decl":{"start":{"line":9,"column":34},"end":{"line":9,"column":35}},"loc":{"start":{"line":9,"column":40},"end":{"line":9,"column":96}},"line":9}},"branchMap":{},"s":{"0":2,"1":2,"2":2,"3":2,"4":2,"5":2,"6":0,"7":0,"8":0,"9":2},"f":{"0":0,"1":0},"b":{},"_coverageSchema":"1a1c01bbd47fc00a2c39e90264f33305004495a9","hash":"ad16d50bc7629a91ba44ca423a8ac742f5e57b65"}
,"C:\\Users\\anshu\\OneDrive\\Desktop\\team task manager\\backend\\src\\utils\\validate.js": {"path":"C:\\Users\\anshu\\OneDrive\\Desktop\\team task manager\\backend\\src\\utils\\validate.js","statementMap":{"0":{"start":{"line":1,"column":12},"end":{"line":1,"column":26}},"1":{"start":{"line":3,"column":21},"end":{"line":11,"column":2}},"2":{"start":{"line":13,"column":20},"end":{"line":16,"column":2}},"3":{"start":{"line":18,"column":29},"end":{"line":20,"column":2}},"4":{"start":{"line":22,"column":28},"end":{"line":25,"column":2}},"5":{"start":{"line":27,"column":22},"end":{"line":30,"column":2}},"6":{"start":{"line":32,"column":21},"end":{"line":34,"column":2}},"7":{"start":{"line":36,"column":19},"end":{"line":43,"column":2}},"8":{"start":{"line":45,"column":0},"end":{"line":53,"column":2}}},"fnMap":{},"branchMap":{},"s":{"0":2,"1":2,"2":2,"3":2,"4":2,"5":2,"6":2,"7":2,"8":2},"f":{},"b":{},"_coverageSchema":"1a1c01bbd47fc00a2c39e90264f33305004495a9","hash":"8c24aaf0e13098ca5b020e398fcd2fb3ee33f5d3"}
}
