{"C:\\Users\\anshu\\OneDrive\\Desktop\\team task manager\\backend\\src\\app.js": {"path":"C:\\Users\\anshu\\OneDrive\\Desktop\\team task manager\\backend\\src\\app.js","statementMap":{"0":{"start":{"line":1,"column":0},"end":{"line":3,"column":1}},"1":{"start":{"line":2,"column":2},"end":{"line":2,"column":40}},"2":{"start":{"line":4,"column":16},"end":{"line":4,"column":34}},"3":{"start":{"line":5,"column":13},"end":{"line":5,"column":28}},"4":{"start":{"line":6,"column":15},"end":{"line":6,"column":32}},"5":{"start":{"line":7,"column":13},"end":{"line":7,"column":28}},"6":{"start":{"line":8,"column":15},"end":{"line":8,"column":32}},"7":{"start":{"line":9,"column":18},"end":{"line":9,"column":47}},"8":{"start":{"line":10,"column":18},"end":{"line":10,"column":40}},"9":{"start":{"line":12,"column":0},"end":{"line":12,"column":16}},"10":{"start":{"line":13,"column":0},"end":{"line":13,"column":12}},"11":{"start":{"line":15,"column":19},"end":{"line":15,"column":43}},"12":{"start":{"line":16,"column":22},"end":{"line":16,"column":50}},"13":{"start":{"line":17,"column":19},"end":{"line":17,"column":44}},"14":{"start":{"line":18,"column":19},"end":{"line":18,"column":44}},"15":{"start":{"line":20,"column":12},"end":{"line":20,"column":21}},"16":{"start":{"line":22,"column":0},"end":{"line":22,"column":18}},"17":{"start":{"line":23,"column":0},"end":{"line":23,"column":70}},"18":{"start":{"line":24,"column":0},"end":{"line":24,"column":16}},"19":{"start":{"line":25,"column":0},"end":{"line":25,"column":24}},"20":{"start":{"line":27,"column":19},"end":{"line":32,"column":2}},"21":{"start":{"line":33,"column":0},"end":{"line":33,"column":28}},"22":{"start":{"line":35,"column":0},"end":{"line":37,"column":3}},"23":{"start":{"line":36,"column":2},"end":{"line":36,"column":60}},"24":{"start":{"line":38,"column":0},"end":{"line":38,"column":33}},"25":{"start":{"line":39,"column":0},"end":{"line":39,"column":34}},"26":{"start":{"line":40,"column":0},"end":{"line":40,"column":40}},"27":{"start":{"line":41,"column":0},"end":{"line":41,"column":34}},"28":{"start":{"line":44,"column":19},"end":{"line":44,"column":56}},"29":{"start":{"line":45,"column":0},"end":{"line":45,"column":48}},"30":{"start":{"line":47,"column":0},"end":{"line":47,"column":21}}},"fnMap":{"0":{"name":"(anonymous_0)","decl":{"start":{"line":35,"column":16},"end":{"line":35,"column":17}},"loc":{"start":{"line":35,"column":30},"end":{"line":37,"column":1}},"line":35}},"branchMap":{"0":{"loc":{"start":{"line":1,"column":0},"end":{"line":3,"column":1}},"type":"if","locations":[{"start":{"line":1,"column":0},"end":{"line":3,"column":1}},{"start":{},"end":{}}],"line":1}},"s":{"0":2,"1":0,"2":2,"3":2,"4":2,"5":2,"6":2,"7":2,"8":2,"9":2,"10":2,"11":2,"12":2,"13":2,"14":2,"15":2,"16":2,"17":2,"18":2,"19":2,"20":2,"21":2,"22":2,"23":1,"24":2,"25":2,"26":2,"27":2,"28":2,"29":2,"30":2},"f":{"0":1},"b":{"0":[0,2]},"_coverageSchema":"1a1c01bbd47fc00a2c39e90264f33305004495a9","hash":"98320ef50f0515969e8615d6cc33b1bd79a3568c"}
,"C:\\Users\\anshu\\OneDrive\\Desktop\\team task manager\\backend\\src\\db.js": {"path":"C:\\Users\\anshu\\OneDrive\\Desktop\\team task manager\\backend\\src\\db.js","statementMap":{"0":{"start":{"line":1,"column":17},"end":{"line":1,"column":36}},"1":{"start":{"line":2,"column":13},"end":{"line":2,"column":28}},"2":{"start":{"line":3,"column":15},"end":{"line":3,"column":34}},"3":{"start":{"line":5,"column":15},"end":{"line":5,"column":82}},"4":{"start":{"line":6,"column":15},"end":{"line":6,"column":82}},"5":{"start":{"line":7,"column":20},"end":{"line":7,"column":201}},"6":{"start":{"line":9,"column":13},"end":{"line":9,"column":24}},"7":{"start":{"line":10,"column":0},"end":{"line":14,"column":1}},"8":{"start":{"line":11,"column":2},"end":{"line":11,"column":41}},"9":{"start":{"line":16,"column":11},"end":{"line":20,"column":1}},"10":{"start":{"line":18,"column":15},"end":{"line":18,"column":69}},"11":{"start":{"line":19,"column":16},"end":{"line":19,"column":56}},"12":{"start":{"line":23,"column":2},"end":{"line":33,"column":3}},"13":{"start":{"line":23,"column":36},"end":{"line":23,"column":71}},"14":{"start":{"line":24,"column":4},"end":{"line":31,"column":7}},"15":{"start":{"line":32,"column":4},"end":{"line":32,"column":15}},"16":{"start":{"line":36,"column":0},"end":{"line":36,"column":36}}},"fnMap":{"0":{"name":"(anonymous_0)","decl":{"start":{"line":18,"column":9},"end":{"line":18,"column":10}},"loc":{"start":{"line":18,"column":15},"end":{"line":18,"column":69}},"line":18},"1":{"name":"(anonymous_1)","decl":{"start":{"line":19,"column":8},"end":{"line":19,"column":9}},"loc":{"start":{"line":19,"column":14},"end":{"line":19,"column":58}},"line":19},"2":{"name":"initialize","decl":{"start":{"line":22,"column":9},"end":{"line":22,"column":19}},"loc":{"start":{"line":22,"column":22},"end":{"line":34,"column":1}},"line":22},"3":{"name":"(anonymous_3)","decl":{"start":{"line":23,"column":26},"end":{"line":23,"column":27}},"loc":{"start":{"line":23,"column":36},"end":{"line":23,"column":71}},"line":23}},"branchMap":{"0":{"loc":{"start":{"line":5,"column":15},"end":{"line":5,"column":82}},"type":"binary-expr","locations":[{"start":{"line":5,"column":15},"end":{"line":5,"column":40}},{"start":{"line":5,"column":44},"end":{"line":5,"column":82}}],"line":5},"1":{"loc":{"start":{"line":6,"column":15},"end":{"line":6,"column":82}},"type":"cond-expr","locations":[{"start":{"line":6,"column":41},"end":{"line":6,"column":47}},{"start":{"line":6,"column":50},"end":{"line":6,"column":82}}],"line":6},"2":{"loc":{"start":{"line":23,"column":2},"end":{"line":33,"column":3}},"type":"if","locations":[{"start":{"line":23,"column":2},"end":{"line":33,"column":3}},{"start":{},"end":{}}],"line":23}},"s":{"0":1,"1":1,"2":1,"3":1,"4":1,"5":1,"6":1,"7":1,"8":1,"9":1,"10":0,"11":0,"12":0,"13":0,"14":0,"15":0,"16":1},"f":{"0":0,"1":0,"2":0,"3":0},"b":{"0":[1,1],"1":[1,0],"2":[0,0]},"_coverageSchema":"1a1c01bbd47fc00a2c39e90264f33305004495a9","hash":"fb7ffd3c40645aa43da99b884db2c6a454c6c11c"}
,"C:\\Users\\anshu\\OneDrive\\Desktop\\team task manager\\backend\\src\\config\\db.js": {"path":"C:\\Users\\anshu\\OneDrive\\Desktop\\team task manager\\backend\\src\\config\\db.js","statementMap":{"0":{"start":{"line":1,"column":0},"end":{"line":3,"column":1}},"1":{"start":{"line":2,"column":2},"end":{"line":2,"column":40}},"2":{"start":{"line":4,"column":17},"end":{"line":4,"column":36}},"3":{"start":{"line":6,"column":18},"end":{"line":14,"column":1}},"4":{"start":{"line":7,"column":2},"end":{"line":13,"column":3}},"5":{"start":{"line":8,"column":17},"end":{"line":8,"column":111}},"6":{"start":{"line":9,"column":4},"end":{"line":9,"column":62}},"7":{"start":{"line":11,"column":4},"end":{"line":11,"column":45}},"8":{"start":{"line":12,"column":4},"end":{"line":12,"column":20}},"9":{"start":{"line":16,"column":0},"end":{"line":16,"column":27}}},"fnMap":{"0":{"name":"(anonymous_0)","decl":{"start":{"line":6,"column":18},"end":{"line":6,"column":19}},"loc":{"start":{"line":6,"column":30},"end":{"line":14,"column":1}},"line":6}},"branchMap":{"0":{"loc":{"start":{"line":1,"column":0},"end":{"line":3,"column":1}},"type":"if","locations":[{"start":{"line":1,"column":0},"end":{"line":3,"column":1}},{"start":{},"end":{}}],"line":1},"1":{"loc":{"start":{"line":8,"column":40},"end":{"line":8,"column":110}},"type":"binary-expr","locations":[{"start":{"line":8,"column":40},"end":{"line":8,"column":61}},{"start":{"line":8,"column":65},"end":{"line":8,"column":110}}],"line":8}},"s":{"0":2,"1":0,"2":2,"3":2,"4":2,"5":2,"6":2,"7":0,"8":0,"9":2},"f":{"0":2},"b":{"0":[0,2],"1":[2,2]},"_coverageSchema":"1a1c01bbd47fc00a2c39e90264f33305004495a9","hash":"e8a2f6d3f9ff92759b7bcbd3227ab4c95139ce1c"}
,"C:\\Users\\anshu\\OneDrive\\Desktop\\team task manager\\backend\\src\\middleware\\auth.js": {"path":"C:\\Users\\anshu\\OneDrive\\Desktop\\team task manager\\backend\\src\\middleware\\auth.js","statementMap":{"0":{"start":{"line":1,"column":12},"end":{"line":1,"column":35}},"1":{"start":{"line":4,"column":15},"end":{"line":4,"column":46}},"2":{"start":{"line":5,"column":16},"end":{"line":5,"column":65}},"3":{"start":{"line":6,"column":2},"end":{"line":6,"column":70}},"4":{"start":{"line":6,"column":14},"end":{"line":6,"column":70}},"5":{"start":{"line":8,"column":2},"end":{"line":14,"column":3}},"6":{"start":{"line":9,"column":20},"end":{"line":9,"column":73}},"7":{"start":{"line":10,"column":4},"end":{"line":10,"column":23}},"8":{"start":{"line":11,"column":4},"end":{"line":11,"column":11}},"9":{"start":{"line":13,"column":4},"end":{"line":13,"column":71}},"10":{"start":{"line":17,"column":0},"end":{"line":17,"column":30}}},"fnMap":{"0":{"name":"authenticate","decl":{"start":{"line":3,"column":9},"end":{"line":3,"column":21}},"loc":{"start":{"line":3,"column":38},"end":{"line":15,"column":1}},"line":3}},"branchMap":{"0":{"loc":{"start":{"line":4,"column":15},"end":{"line":4,"column":46}},"type":"binary-expr","locations":[{"start":{"line":4,"column":15},"end":{"line":4,"column":40}},{"start":{"line":4,"column":44},"end":{"line":4,"column":46}}],"line":4},"1":{"loc":{"start":{"line":5,"column":16},"end":{"line":5,"column":65}},"type":"cond-expr","locations":[{"start":{"line":5,"column":45},"end":{"line":5,"column":58}},{"start":{"line":5,"column":61},"end":{"line":5,"column":65}}],"line":5},"2":{"loc":{"start":{"line":6,"column":2},"end":{"line":6,"column":70}},"type":"if","locations":[{"start":{"line":6,"column":2},"end":{"line":6,"column":70}},{"start":{},"end":{}}],"line":6},"3":{"loc":{"start":{"line":9,"column":38},"end":{"line":9,"column":72}},"type":"binary-expr","locations":[{"start":{"line":9,"column":38},"end":{"line":9,"column":60}},{"start":{"line":9,"column":64},"end":{"line":9,"column":72}}],"line":9}},"s":{"0":2,"1":1,"2":1,"3":1,"4":0,"5":1,"6":1,"7":1,"8":1,"9":0,"10":2},"f":{"0":1},"b":{"0":[1,0],"1":[1,0],"2":[0,1],"3":[1,1]},"_coverageSchema":"1a1c01bbd47fc00a2c39e90264f33305004495a9","hash":"14c7b0ae73f227fca474b229303c74601b0909a3"}
,"C:\\Users\\anshu\\OneDrive\\Desktop\\team task manager\\backend\\src\\middleware\\roles.js": {"path":"C:\\Users\\anshu\\OneDrive\\Desktop\\team task manager\\backend\\src\\middleware\\roles.js","statementMap":{"0":{"start":{"line":2,"column":2},"end":{"line":4,"column":3}},"1":{"start":{"line":3,"column":4},"end":{"line":3,"column":68}},"2":{"start":{"line":5,"column":2},"end":{"line":5,"column":9}},"3":{"start":{"line":9,"column":2},"end":{"line":13,"column":4}},"4":{"start":{"line":10,"column":4},"end":{"line":10,"column":85}},"5":{"start":{"line":10,"column":19},"end":{"line":10,"column":85}},"6":{"start":{"line":11,"column":4},"end":{"line":11,"column":98}},"7":{"start":{"line":11,"column":42},"end":{"line":11,"column":98}},"8":{"start":{"line":12,"column":4},"end":{"line":12,"column":11}},"9":{"start":{"line":16,"column":0},"end":{"line":16,"column":47}}},"fnMap":{"0":{"name":"requireAdmin","decl":{"start":{"line":1,"column":9},"end":{"line":1,"column":21}},"loc":{"start":{"line":1,"column":38},"end":{"line":6,"column":1}},"line":1},"1":{"name":"requireRole","decl":{"start":{"line":8,"column":9},"end":{"line":8,"column":20}},"loc":{"start":{"line":8,"column":33},"end":{"line":14,"column":1}},"line":8},"2":{"name":"(anonymous_2)","decl":{"start":{"line":9,"column":9},"end":{"line":9,"column":10}},"loc":{"start":{"line":9,"column":29},"end":{"line":13,"column":3}},"line":9}},"branchMap":{"0":{"loc":{"start":{"line":2,"column":2},"end":{"line":4,"column":3}},"type":"if","locations":[{"start":{"line":2,"column":2},"end":{"line":4,"column":3}},{"start":{},"end":{}}],"line":2},"1":{"loc":{"start":{"line":10,"column":4},"end":{"line":10,"column":85}},"type":"if","locations":[{"start":{"line":10,"column":4},"end":{"line":10,"column":85}},{"start":{},"end":{}}],"line":10},"2":{"loc":{"start":{"line":11,"column":4},"end":{"line":11,"column":98}},"type":"if","locations":[{"start":{"line":11,"column":4},"end":{"line":11,"column":98}},{"start":{},"end":{}}],"line":11}},"s":{"0":0,"1":0,"2":0,"3":0,"4":0,"5":0,"6":0,"7":0,"8":0,"9":2},"f":{"0":0,"1":0,"2":0},"b":{"0":[0,0],"1":[0,0],"2":[0,0]},"_coverageSchema":"1a1c01bbd47fc00a2c39e90264f33305004495a9","hash":"81b832098616dfaa4616555aa8cf2ebc9272a01e"}
,"C:\\Users\\anshu\\OneDrive\\Desktop\\team task manager\\backend\\src\\models\\Activity.js": {"path":"C:\\Users\\anshu\\OneDrive\\Desktop\\team task manager\\backend\\src\\models\\Activity.js","statementMap":{"0":{"start":{"line":1,"column":17},"end":{"line":1,"column":36}},"1":{"start":{"line":3,"column":23},"end":{"line":12,"column":24}},"2":{"start":{"line":14,"column":0},"end":{"line":14,"column":60}}},"fnMap":{},"branchMap":{},"s":{"0":2,"1":2,"2":2},"f":{},"b":{},"_coverageSchema":"1a1c01bbd47fc00a2c39e90264f33305004495a9","hash":"49959d498c21288bf22b44457acfc4b32dca57c1"}
,"C:\\Users\\anshu\\OneDrive\\Desktop\\team task manager\\backend\\src\\models\\Attachment.js": {"path":"C:\\Users\\anshu\\OneDrive\\Desktop\\team task manager\\backend\\src\\models\\Attachment.js","statementMap":{"0":{"start":{"line":1,"column":17},"end":{"line":1,"column":36}},"1":{"start":{"line":3,"column":25},"end":{"line":9,"column":24}},"2":{"start":{"line":11,"column":0},"end":{"line":11,"column":64}}},"fnMap":{},"branchMap":{},"s":{"0":2,"1":2,"2":2},"f":{},"b":{},"_coverageSchema":"1a1c01bbd47fc00a2c39e90264f33305004495a9","hash":"37150991d6247ecf09593dac89eede559bb8e454"}
,"C:\\Users\\anshu\\OneDrive\\Desktop\\team task manager\\backend\\src\\models\\Comment.js": {"path":"C:\\Users\\anshu\\OneDrive\\Desktop\\team task manager\\backend\\src\\models\\Comment.js","statementMap":{"0":{"start":{"line":1,"column":17},"end":{"line":1,"column":36}},"1":{"start":{"line":3,"column":22},"end":{"line":7,"column":24}},"2":{"start":{"line":9,"column":0},"end":{"line":9,"column":58}}},"fnMap":{},"branchMap":{},"s":{"0":2,"1":2,"2":2},"f":{},"b":{},"_coverageSchema":"1a1c01bbd47fc00a2c39e90264f33305004495a9","hash":"0bfe715eae1f8c4ea386450f8ce973dc05f37d85"}
,"C:\\Users\\anshu\\OneDrive\\Desktop\\team task manager\\backend\\src\\models\\Project.js": {"path":"C:\\Users\\anshu\\OneDrive\\Desktop\\team task manager\\backend\\src\\models\\Project.js","statementMap":{"0":{"start":{"line":1,"column":17},"end":{"line":1,"column":36}},"1":{"start":{"line":3,"column":22},"end":{"line":9,"column":24}},"2":{"start":{"line":11,"column":0},"end":{"line":11,"column":58}}},"fnMap":{},"branchMap":{},"s":{"0":2,"1":2,"2":2},"f":{},"b":{},"_coverageSchema":"1a1c01bbd47fc00a2c39e90264f33305004495a9","hash":"7f0a24fae8af722e1b07c4ab6fdee747aaf95aa9"}
,"C:\\Users\\anshu\\OneDrive\\Desktop\\team task manager\\backend\\src\\models\\Subtask.js": {"path":"C:\\Users\\anshu\\OneDrive\\Desktop\\team task manager\\backend\\src\\models\\Subtask.js","statementMap":{"0":{"start":{"line":1,"column":17},"end":{"line":1,"column":36}},"1":{"start":{"line":3,"column":22},"end":{"line":9,"column":24}},"2":{"start":{"line":11,"column":0},"end":{"line":11,"column":58}}},"fnMap":{},"branchMap":{},"s":{"0":2,"1":2,"2":2},"f":{},"b":{},"_coverageSchema":"1a1c01bbd47fc00a2c39e90264f33305004495a9","hash":"90fb89f651c8c45e50d6680019b3939c6f447c68"}
,"C:\\Users\\anshu\\OneDrive\\Desktop\\team task manager\\backend\\src\\models\\Task.js": {"path":"C:\\Users\\anshu\\OneDrive\\Desktop\\team task manager\\backend\\src\\models\\Task.js","statementMap":{"0":{"start":{"line":1,"column":17},"end":{"line":1,"column":36}},"1":{"start":{"line":3,"column":19},"end":{"line":14,"column":24}},"2":{"start":{"line":16,"column":0},"end":{"line":16,"column":52}}},"fnMap":{},"branchMap":{},"s":{"0":2,"1":2,"2":2},"f":{},"b":{},"_coverageSchema":"1a1c01bbd47fc00a2c39e90264f33305004495a9","hash":"760f568dad8860da90b133567aefb18774b9a988"}
,"C:\\Users\\anshu\\OneDrive\\Desktop\\team task manager\\backend\\src\\models\\User.js": {"path":"C:\\Users\\anshu\\OneDrive\\Desktop\\team task manager\\backend\\src\\models\\User.js","statementMap":{"0":{"start":{"line":1,"column":17},"end":{"line":1,"column":36}},"1":{"start":{"line":3,"column":19},"end":{"line":22,"column":24}},"2":{"start":{"line":24,"column":0},"end":{"line":24,"column":52}}},"fnMap":{},"branchMap":{},"s":{"0":2,"1":2,"2":2},"f":{},"b":{},"_coverageSchema":"1a1c01bbd47fc00a2c39e90264f33305004495a9","hash":"ce5b9d83e9d4f40e6dae41782454175af85db54d"}
,"C:\\Users\\anshu\\OneDrive\\Desktop\\team task manager\\backend\\src\\routes\\auth.js": {"path":"C:\\Users\\anshu\\OneDrive\\Desktop\\team task manager\\backend\\src\\routes\\auth.js","statementMap":{"0":{"start":{"line":1,"column":16},"end":{"line":1,"column":34}},"1":{"start":{"line":2,"column":15},"end":{"line":2,"column":34}},"2":{"start":{"line":3,"column":15},"end":{"line":3,"column":32}},"3":{"start":{"line":4,"column":12},"end":{"line":4,"column":35}},"4":{"start":{"line":5,"column":21},"end":{"line":5,"column":50}},"5":{"start":{"line":6,"column":13},"end":{"line":6,"column":38}},"6":{"start":{"line":7,"column":81},"end":{"line":7,"column":109}},"7":{"start":{"line":9,"column":15},"end":{"line":9,"column":31}},"8":{"start":{"line":12,"column":23},"end":{"line":39,"column":1}},"9":{"start":{"line":13,"column":18},"end":{"line":19,"column":3}},"10":{"start":{"line":22,"column":22},"end":{"line":22,"column":97}},"11":{"start":{"line":25,"column":26},"end":{"line":25,"column":64}},"12":{"start":{"line":26,"column":29},"end":{"line":26,"column":94}},"13":{"start":{"line":29,"column":2},"end":{"line":29,"column":48}},"14":{"start":{"line":32,"column":2},"end":{"line":34,"column":3}},"15":{"start":{"line":33,"column":4},"end":{"line":33,"column":31}},"16":{"start":{"line":35,"column":2},"end":{"line":35,"column":46}},"17":{"start":{"line":36,"column":2},"end":{"line":36,"column":20}},"18":{"start":{"line":38,"column":2},"end":{"line":38,"column":56}},"19":{"start":{"line":41,"column":0},"end":{"line":46,"column":3}},"20":{"start":{"line":42,"column":20},"end":{"line":42,"column":28}},"21":{"start":{"line":43,"column":2},"end":{"line":43,"column":74}},"22":{"start":{"line":43,"column":14},"end":{"line":43,"column":74}},"23":{"start":{"line":44,"column":19},"end":{"line":44,"column":48}},"24":{"start":{"line":45,"column":2},"end":{"line":45,"column":35}},"25":{"start":{"line":48,"column":0},"end":{"line":79,"column":3}},"26":{"start":{"line":49,"column":27},"end":{"line":49,"column":58}},"27":{"start":{"line":50,"column":2},"end":{"line":50,"column":67}},"28":{"start":{"line":50,"column":13},"end":{"line":50,"column":67}},"29":{"start":{"line":52,"column":55},"end":{"line":52,"column":60}},"30":{"start":{"line":53,"column":19},"end":{"line":53,"column":48}},"31":{"start":{"line":54,"column":2},"end":{"line":54,"column":83}},"32":{"start":{"line":54,"column":16},"end":{"line":54,"column":83}},"33":{"start":{"line":56,"column":17},"end":{"line":56,"column":46}},"34":{"start":{"line":57,"column":15},"end":{"line":57,"column":72}},"35":{"start":{"line":59,"column":15},"end":{"line":65,"column":4}},"36":{"start":{"line":67,"column":40},"end":{"line":67,"column":66}},"37":{"start":{"line":68,"column":2},"end":{"line":78,"column":5}},"38":{"start":{"line":81,"column":0},"end":{"line":104,"column":3}},"39":{"start":{"line":82,"column":27},"end":{"line":82,"column":57}},"40":{"start":{"line":83,"column":2},"end":{"line":83,"column":67}},"41":{"start":{"line":83,"column":13},"end":{"line":83,"column":67}},"42":{"start":{"line":85,"column":30},"end":{"line":85,"column":35}},"43":{"start":{"line":86,"column":15},"end":{"line":86,"column":44}},"44":{"start":{"line":87,"column":2},"end":{"line":87,"column":75}},"45":{"start":{"line":87,"column":13},"end":{"line":87,"column":75}},"46":{"start":{"line":89,"column":16},"end":{"line":89,"column":59}},"47":{"start":{"line":90,"column":2},"end":{"line":90,"column":76}},"48":{"start":{"line":90,"column":14},"end":{"line":90,"column":76}},"49":{"start":{"line":92,"column":40},"end":{"line":92,"column":66}},"50":{"start":{"line":93,"column":2},"end":{"line":103,"column":5}},"51":{"start":{"line":106,"column":0},"end":{"line":129,"column":3}},"52":{"start":{"line":107,"column":27},"end":{"line":107,"column":66}},"53":{"start":{"line":108,"column":2},"end":{"line":108,"column":67}},"54":{"start":{"line":108,"column":13},"end":{"line":108,"column":67}},"55":{"start":{"line":110,"column":20},"end":{"line":110,"column":25}},"56":{"start":{"line":111,"column":15},"end":{"line":111,"column":44}},"57":{"start":{"line":112,"column":25},"end":{"line":112,"column":97}},"58":{"start":{"line":114,"column":2},"end":{"line":116,"column":3}},"59":{"start":{"line":115,"column":4},"end":{"line":115,"column":49}},"60":{"start":{"line":118,"column":21},"end":{"line":118,"column":59}},"61":{"start":{"line":119,"column":18},"end":{"line":119,"column":38}},"62":{"start":{"line":121,"column":2},"end":{"line":121,"column":39}},"63":{"start":{"line":122,"column":2},"end":{"line":122,"column":38}},"64":{"start":{"line":123,"column":2},"end":{"line":123,"column":20}},"65":{"start":{"line":125,"column":2},"end":{"line":128,"column":5}},"66":{"start":{"line":131,"column":0},"end":{"line":154,"column":3}},"67":{"start":{"line":132,"column":27},"end":{"line":132,"column":65}},"68":{"start":{"line":133,"column":2},"end":{"line":133,"column":67}},"69":{"start":{"line":133,"column":13},"end":{"line":133,"column":67}},"70":{"start":{"line":135,"column":30},"end":{"line":135,"column":35}},"71":{"start":{"line":136,"column":15},"end":{"line":139,"column":4}},"72":{"start":{"line":141,"column":2},"end":{"line":143,"column":3}},"73":{"start":{"line":142,"column":4},"end":{"line":142,"column":94}},"74":{"start":{"line":145,"column":2},"end":{"line":145,"column":48}},"75":{"start":{"line":146,"column":2},"end":{"line":146,"column":38}},"76":{"start":{"line":147,"column":2},"end":{"line":147,"column":40}},"77":{"start":{"line":150,"column":2},"end":{"line":150,"column":26}},"78":{"start":{"line":151,"column":2},"end":{"line":151,"column":20}},"79":{"start":{"line":153,"column":2},"end":{"line":153,"column":87}},"80":{"start":{"line":156,"column":0},"end":{"line":190,"column":3}},"81":{"start":{"line":157,"column":27},"end":{"line":157,"column":35}},"82":{"start":{"line":158,"column":2},"end":{"line":160,"column":3}},"83":{"start":{"line":159,"column":4},"end":{"line":159,"column":72}},"84":{"start":{"line":162,"column":2},"end":{"line":189,"column":3}},"85":{"start":{"line":163,"column":24},"end":{"line":163,"column":86}},"86":{"start":{"line":164,"column":17},"end":{"line":164,"column":67}},"87":{"start":{"line":166,"column":4},"end":{"line":168,"column":5}},"88":{"start":{"line":167,"column":6},"end":{"line":167,"column":81}},"89":{"start":{"line":171,"column":4},"end":{"line":171,"column":75}},"90":{"start":{"line":171,"column":56},"end":{"line":171,"column":73}},"91":{"start":{"line":174,"column":19},"end":{"line":174,"column":45}},"92":{"start":{"line":176,"column":4},"end":{"line":186,"column":7}},"93":{"start":{"line":188,"column":4},"end":{"line":188,"column":67}},"94":{"start":{"line":192,"column":0},"end":{"line":200,"column":3}},"95":{"start":{"line":193,"column":2},"end":{"line":199,"column":3}},"96":{"start":{"line":194,"column":17},"end":{"line":194,"column":69}},"97":{"start":{"line":195,"column":4},"end":{"line":195,"column":72}},"98":{"start":{"line":195,"column":15},"end":{"line":195,"column":72}},"99":{"start":{"line":196,"column":4},"end":{"line":196,"column":30}},"100":{"start":{"line":198,"column":4},"end":{"line":198,"column":52}},"101":{"start":{"line":202,"column":0},"end":{"line":202,"column":24}}},"fnMap":{"0":{"name":"(anonymous_0)","decl":{"start":{"line":12,"column":23},"end":{"line":12,"column":24}},"loc":{"start":{"line":12,"column":39},"end":{"line":39,"column":1}},"line":12},"1":{"name":"(anonymous_1)","decl":{"start":{"line":41,"column":28},"end":{"line":41,"column":29}},"loc":{"start":{"line":41,"column":48},"end":{"line":46,"column":1}},"line":41},"2":{"name":"(anonymous_2)","decl":{"start":{"line":48,"column":23},"end":{"line":48,"column":24}},"loc":{"start":{"line":48,"column":43},"end":{"line":79,"column":1}},"line":48},"3":{"name":"(anonymous_3)","decl":{"start":{"line":81,"column":22},"end":{"line":81,"column":23}},"loc":{"start":{"line":81,"column":42},"end":{"line":104,"column":1}},"line":81},"4":{"name":"(anonymous_4)","decl":{"start":{"line":106,"column":32},"end":{"line":106,"column":33}},"loc":{"start":{"line":106,"column":52},"end":{"line":129,"column":1}},"line":106},"5":{"name":"(anonymous_5)","decl":{"start":{"line":131,"column":31},"end":{"line":131,"column":32}},"loc":{"start":{"line":131,"column":51},"end":{"line":154,"column":1}},"line":131},"6":{"name":"(anonymous_6)","decl":{"start":{"line":156,"column":24},"end":{"line":156,"column":25}},"loc":{"start":{"line":156,"column":44},"end":{"line":190,"column":1}},"line":156},"7":{"name":"(anonymous_7)","decl":{"start":{"line":171,"column":51},"end":{"line":171,"column":52}},"loc":{"start":{"line":171,"column":56},"end":{"line":171,"column":73}},"line":171},"8":{"name":"(anonymous_8)","decl":{"start":{"line":192,"column":32},"end":{"line":192,"column":33}},"loc":{"start":{"line":192,"column":52},"end":{"line":200,"column":1}},"line":192}},"branchMap":{"0":{"loc":{"start":{"line":22,"column":40},"end":{"line":22,"column":74}},"type":"binary-expr","locations":[{"start":{"line":22,"column":40},"end":{"line":22,"column":62}},{"start":{"line":22,"column":66},"end":{"line":22,"column":74}}],"line":22},"1":{"loc":{"start":{"line":29,"column":23},"end":{"line":29,"column":47}},"type":"binary-expr","locations":[{"start":{"line":29,"column":23},"end":{"line":29,"column":41}},{"start":{"line":29,"column":45},"end":{"line":29,"column":47}}],"line":29},"2":{"loc":{"start":{"line":32,"column":2},"end":{"line":34,"column":3}},"type":"if","locations":[{"start":{"line":32,"column":2},"end":{"line":34,"column":3}},{"start":{},"end":{}}],"line":32},"3":{"loc":{"start":{"line":43,"column":2},"end":{"line":43,"column":74}},"type":"if","locations":[{"start":{"line":43,"column":2},"end":{"line":43,"column":74}},{"start":{},"end":{}}],"line":43},"4":{"loc":{"start":{"line":50,"column":2},"end":{"line":50,"column":67}},"type":"if","locations":[{"start":{"line":50,"column":2},"end":{"line":50,"column":67}},{"start":{},"end":{}}],"line":50},"5":{"loc":{"start":{"line":54,"column":2},"end":{"line":54,"column":83}},"type":"if","locations":[{"start":{"line":54,"column":2},"end":{"line":54,"column":83}},{"start":{},"end":{}}],"line":54},"6":{"loc":{"start":{"line":57,"column":15},"end":{"line":57,"column":72}},"type":"cond-expr","locations":[{"start":{"line":57,"column":54},"end":{"line":57,"column":61}},{"start":{"line":57,"column":64},"end":{"line":57,"column":72}}],"line":57},"7":{"loc":{"start":{"line":83,"column":2},"end":{"line":83,"column":67}},"type":"if","locations":[{"start":{"line":83,"column":2},"end":{"line":83,"column":67}},{"start":{},"end":{}}],"line":83},"8":{"loc":{"start":{"line":87,"column":2},"end":{"line":87,"column":75}},"type":"if","locations":[{"start":{"line":87,"column":2},"end":{"line":87,"column":75}},{"start":{},"end":{}}],"line":87},"9":{"loc":{"start":{"line":90,"column":2},"end":{"line":90,"column":76}},"type":"if","locations":[{"start":{"line":90,"column":2},"end":{"line":90,"column":76}},{"start":{},"end":{}}],"line":90},"10":{"loc":{"start":{"line":108,"column":2},"end":{"line":108,"column":67}},"type":"if","locations":[{"start":{"line":108,"column":2},"end":{"line":108,"column":67}},{"start":{},"end":{}}],"line":108},"11":{"loc":{"start":{"line":114,"column":2},"end":{"line":116,"column":3}},"type":"if","locations":[{"start":{"line":114,"column":2},"end":{"line":116,"column":3}},{"start":{},"end":{}}],"line":114},"12":{"loc":{"start":{"line":133,"column":2},"end":{"line":133,"column":67}},"type":"if","locations":[{"start":{"line":133,"column":2},"end":{"line":133,"column":67}},{"start":{},"end":{}}],"line":133},"13":{"loc":{"start":{"line":141,"column":2},"end":{"line":143,"column":3}},"type":"if","locations":[{"start":{"line":141,"column":2},"end":{"line":143,"column":3}},{"start":{},"end":{}}],"line":141},"14":{"loc":{"start":{"line":158,"column":2},"end":{"line":160,"column":3}},"type":"if","locations":[{"start":{"line":158,"column":2},"end":{"line":160,"column":3}},{"start":{},"end":{}}],"line":158},"15":{"loc":{"start":{"line":166,"column":4},"end":{"line":168,"column":5}},"type":"if","locations":[{"start":{"line":166,"column":4},"end":{"line":168,"column":5}},{"start":{},"end":{}}],"line":166},"16":{"loc":{"start":{"line":195,"column":4},"end":{"line":195,"column":72}},"type":"if","locations":[{"start":{"line":195,"column":4},"end":{"line":195,"column":72}},{"start":{},"end":{}}],"line":195}},"s":{"0":2,"1":2,"2":2,"3":2,"4":2,"5":2,"6":2,"7":2,"8":2,"9":2,"10":2,"11":2,"12":2,"13":2,"14":2,"15":0,"16":2,"17":2,"18":2,"19":2,"20":1,"21":1,"22":0,"23":1,"24":1,"25":2,"26":1,"27":1,"28":0,"29":1,"30":1,"31":1,"32":0,"33":1,"34":1,"35":1,"36":1,"37":1,"38":2,"39":1,"40":1,"41":0,"42":1,"43":1,"44":1,"45":0,"46":1,"47":1,"48":0,"49":1,"50":1,"51":2,"52":0,"53":0,"54":0,"55":0,"56":0,"57":0,"58":0,"59":0,"60":0,"61":0,"62":0,"63":0,"64":0,"65":0,"66":2,"67":0,"68":0,"69":0,"70":0,"71":0,"72":0,"73":0,"74":0,"75":0,"76":0,"77":0,"78":0,"79":0,"80":2,"81":0,"82":0,"83":0,"84":0,"85":0,"86":0,"87":0,"88":0,"89":0,"90":0,"91":0,"92":0,"93":0,"94":2,"95":1,"96":1,"97":1,"98":0,"99":1,"100":0,"101":2},"f":{"0":2,"1":1,"2":1,"3":1,"4":0,"5":0,"6":0,"7":0,"8":1},"b":{"0":[2,2],"1":[2,0],"2":[0,2],"3":[0,1],"4":[0,1],"5":[0,1],"6":[1,0],"7":[0,1],"8":[0,1],"9":[0,1],"10":[0,0],"11":[0,0],"12":[0,0],"13":[0,0],"14":[0,0],"15":[0,0],"16":[0,1]},"_coverageSchema":"1a1c01bbd47fc00a2c39e90264f33305004495a9","hash":"0be064ee8bfa01ecd20ab3f5e5ed2e4f470a6b83"}
,"C:\\Users\\anshu\\OneDrive\\Desktop\\team task manager\\backend\\src\\routes\\projects.js": {"path":"C:\\Users\\anshu\\OneDrive\\Desktop\\team task manager\\backend\\src\\routes\\projects.js","statementMap":{"0":{"start":{"line":1,"column":16},"end":{"line":1,"column":34}},"1":{"start":{"line":2,"column":16},"end":{"line":2,"column":44}},"2":{"start":{"line":3,"column":13},"end":{"line":3,"column":38}},"3":{"start":{"line":4,"column":13},"end":{"line":4,"column":38}},"4":{"start":{"line":5,"column":40},"end":{"line":5,"column":68}},"5":{"start":{"line":6,"column":18},"end":{"line":6,"column":47}},"6":{"start":{"line":7,"column":25},"end":{"line":7,"column":55}},"7":{"start":{"line":8,"column":20},"end":{"line":8,"column":48}},"8":{"start":{"line":10,"column":15},"end":{"line":10,"column":31}},"9":{"start":{"line":11,"column":0},"end":{"line":11,"column":22}},"10":{"start":{"line":13,"column":0},"end":{"line":40,"column":3}},"11":{"start":{"line":14,"column":2},"end":{"line":39,"column":3}},"12":{"start":{"line":15,"column":21},"end":{"line":17,"column":13}},"13":{"start":{"line":19,"column":19},"end":{"line":34,"column":7}},"14":{"start":{"line":20,"column":24},"end":{"line":20,"column":75}},"15":{"start":{"line":21,"column":24},"end":{"line":21,"column":91}},"16":{"start":{"line":23,"column":6},"end":{"line":33,"column":8}},"17":{"start":{"line":36,"column":4},"end":{"line":36,"column":35}},"18":{"start":{"line":38,"column":4},"end":{"line":38,"column":52}},"19":{"start":{"line":42,"column":0},"end":{"line":60,"column":3}},"20":{"start":{"line":43,"column":27},"end":{"line":43,"column":59}},"21":{"start":{"line":44,"column":2},"end":{"line":44,"column":67}},"22":{"start":{"line":44,"column":13},"end":{"line":44,"column":67}},"23":{"start":{"line":46,"column":2},"end":{"line":59,"column":3}},"24":{"start":{"line":47,"column":20},"end":{"line":52,"column":6}},"25":{"start":{"line":54,"column":4},"end":{"line":54,"column":131}},"26":{"start":{"line":56,"column":4},"end":{"line":56,"column":139}},"27":{"start":{"line":58,"column":4},"end":{"line":58,"column":52}},"28":{"start":{"line":62,"column":0},"end":{"line":92,"column":3}},"29":{"start":{"line":63,"column":27},"end":{"line":63,"column":58}},"30":{"start":{"line":64,"column":2},"end":{"line":64,"column":67}},"31":{"start":{"line":64,"column":13},"end":{"line":64,"column":67}},"32":{"start":{"line":66,"column":2},"end":{"line":91,"column":3}},"33":{"start":{"line":67,"column":20},"end":{"line":67,"column":64}},"34":{"start":{"line":68,"column":4},"end":{"line":68,"column":78}},"35":{"start":{"line":68,"column":18},"end":{"line":68,"column":78}},"36":{"start":{"line":70,"column":17},"end":{"line":70,"column":59}},"37":{"start":{"line":71,"column":4},"end":{"line":71,"column":72}},"38":{"start":{"line":71,"column":15},"end":{"line":71,"column":72}},"39":{"start":{"line":73,"column":4},"end":{"line":86,"column":5}},"40":{"start":{"line":74,"column":6},"end":{"line":74,"column":37}},"41":{"start":{"line":75,"column":6},"end":{"line":75,"column":27}},"42":{"start":{"line":77,"column":6},"end":{"line":85,"column":8}},"43":{"start":{"line":88,"column":4},"end":{"line":88,"column":84}},"44":{"start":{"line":90,"column":4},"end":{"line":90,"column":52}},"45":{"start":{"line":94,"column":0},"end":{"line":123,"column":3}},"46":{"start":{"line":95,"column":2},"end":{"line":122,"column":3}},"47":{"start":{"line":96,"column":20},"end":{"line":96,"column":64}},"48":{"start":{"line":97,"column":4},"end":{"line":97,"column":78}},"49":{"start":{"line":97,"column":18},"end":{"line":97,"column":78}},"50":{"start":{"line":99,"column":4},"end":{"line":101,"column":5}},"51":{"start":{"line":100,"column":6},"end":{"line":100,"column":80}},"52":{"start":{"line":103,"column":17},"end":{"line":103,"column":55}},"53":{"start":{"line":104,"column":4},"end":{"line":104,"column":72}},"54":{"start":{"line":104,"column":15},"end":{"line":104,"column":72}},"55":{"start":{"line":106,"column":4},"end":{"line":106,"column":86}},"56":{"start":{"line":106,"column":50},"end":{"line":106,"column":84}},"57":{"start":{"line":107,"column":4},"end":{"line":107,"column":25}},"58":{"start":{"line":109,"column":4},"end":{"line":117,"column":6}},"59":{"start":{"line":119,"column":4},"end":{"line":119,"column":44}},"60":{"start":{"line":121,"column":4},"end":{"line":121,"column":52}},"61":{"start":{"line":125,"column":0},"end":{"line":151,"column":3}},"62":{"start":{"line":126,"column":2},"end":{"line":150,"column":3}},"63":{"start":{"line":127,"column":20},"end":{"line":129,"column":58}},"64":{"start":{"line":131,"column":4},"end":{"line":131,"column":95}},"65":{"start":{"line":131,"column":18},"end":{"line":131,"column":95}},"66":{"start":{"line":133,"column":22},"end":{"line":133,"column":73}},"67":{"start":{"line":134,"column":22},"end":{"line":134,"column":89}},"68":{"start":{"line":136,"column":4},"end":{"line":147,"column":7}},"69":{"start":{"line":146,"column":41},"end":{"line":146,"column":128}},"70":{"start":{"line":149,"column":4},"end":{"line":149,"column":52}},"71":{"start":{"line":153,"column":0},"end":{"line":153,"column":24}}},"fnMap":{"0":{"name":"(anonymous_0)","decl":{"start":{"line":13,"column":16},"end":{"line":13,"column":17}},"loc":{"start":{"line":13,"column":36},"end":{"line":40,"column":1}},"line":13},"1":{"name":"(anonymous_1)","decl":{"start":{"line":19,"column":50},"end":{"line":19,"column":51}},"loc":{"start":{"line":19,"column":69},"end":{"line":34,"column":5}},"line":19},"2":{"name":"(anonymous_2)","decl":{"start":{"line":42,"column":31},"end":{"line":42,"column":32}},"loc":{"start":{"line":42,"column":51},"end":{"line":60,"column":1}},"line":42},"3":{"name":"(anonymous_3)","decl":{"start":{"line":62,"column":49},"end":{"line":62,"column":50}},"loc":{"start":{"line":62,"column":69},"end":{"line":92,"column":1}},"line":62},"4":{"name":"(anonymous_4)","decl":{"start":{"line":94,"column":59},"end":{"line":94,"column":60}},"loc":{"start":{"line":94,"column":79},"end":{"line":123,"column":1}},"line":94},"5":{"name":"(anonymous_5)","decl":{"start":{"line":106,"column":45},"end":{"line":106,"column":46}},"loc":{"start":{"line":106,"column":50},"end":{"line":106,"column":84}},"line":106},"6":{"name":"(anonymous_6)","decl":{"start":{"line":125,"column":26},"end":{"line":125,"column":27}},"loc":{"start":{"line":125,"column":46},"end":{"line":151,"column":1}},"line":125},"7":{"name":"(anonymous_7)","decl":{"start":{"line":146,"column":35},"end":{"line":146,"column":36}},"loc":{"start":{"line":146,"column":41},"end":{"line":146,"column":128}},"line":146}},"branchMap":{"0":{"loc":{"start":{"line":44,"column":2},"end":{"line":44,"column":67}},"type":"if","locations":[{"start":{"line":44,"column":2},"end":{"line":44,"column":67}},{"start":{},"end":{}}],"line":44},"1":{"loc":{"start":{"line":49,"column":19},"end":{"line":49,"column":42}},"type":"binary-expr","locations":[{"start":{"line":49,"column":19},"end":{"line":49,"column":36}},{"start":{"line":49,"column":40},"end":{"line":49,"column":42}}],"line":49},"2":{"loc":{"start":{"line":64,"column":2},"end":{"line":64,"column":67}},"type":"if","locations":[{"start":{"line":64,"column":2},"end":{"line":64,"column":67}},{"start":{},"end":{}}],"line":64},"3":{"loc":{"start":{"line":68,"column":4},"end":{"line":68,"column":78}},"type":"if","locations":[{"start":{"line":68,"column":4},"end":{"line":68,"column":78}},{"start":{},"end":{}}],"line":68},"4":{"loc":{"start":{"line":71,"column":4},"end":{"line":71,"column":72}},"type":"if","locations":[{"start":{"line":71,"column":4},"end":{"line":71,"column":72}},{"start":{},"end":{}}],"line":71},"5":{"loc":{"start":{"line":73,"column":4},"end":{"line":86,"column":5}},"type":"if","locations":[{"start":{"line":73,"column":4},"end":{"line":86,"column":5}},{"start":{},"end":{}}],"line":73},"6":{"loc":{"start":{"line":97,"column":4},"end":{"line":97,"column":78}},"type":"if","locations":[{"start":{"line":97,"column":4},"end":{"line":97,"column":78}},{"start":{},"end":{}}],"line":97},"7":{"loc":{"start":{"line":99,"column":4},"end":{"line":101,"column":5}},"type":"if","locations":[{"start":{"line":99,"column":4},"end":{"line":101,"column":5}},{"start":{},"end":{}}],"line":99},"8":{"loc":{"start":{"line":104,"column":4},"end":{"line":104,"column":72}},"type":"if","locations":[{"start":{"line":104,"column":4},"end":{"line":104,"column":72}},{"start":{},"end":{}}],"line":104},"9":{"loc":{"start":{"line":131,"column":4},"end":{"line":131,"column":95}},"type":"if","locations":[{"start":{"line":131,"column":4},"end":{"line":131,"column":95}},{"start":{},"end":{}}],"line":131}},"s":{"0":2,"1":2,"2":2,"3":2,"4":2,"5":2,"6":2,"7":2,"8":2,"9":2,"10":2,"11":0,"12":0,"13":0,"14":0,"15":0,"16":0,"17":0,"18":0,"19":2,"20":0,"21":0,"22":0,"23":0,"24":0,"25":0,"26":0,"27":0,"28":2,"29":0,"30":0,"31":0,"32":0,"33":0,"34":0,"35":0,"36":0,"37":0,"38":0,"39":0,"40":0,"41":0,"42":0,"43":0,"44":0,"45":2,"46":0,"47":0,"48":0,"49":0,"50":0,"51":0,"52":0,"53":0,"54":0,"55":0,"56":0,"57":0,"58":0,"59":0,"60":0,"61":2,"62":0,"63":0,"64":0,"65":0,"66":0,"67":0,"68":0,"69":0,"70":0,"71":2},"f":{"0":0,"1":0,"2":0,"3":0,"4":0,"5":0,"6":0,"7":0},"b":{"0":[0,0],"1":[0,0],"2":[0,0],"3":[0,0],"4":[0,0],"5":[0,0],"6":[0,0],"7":[0,0],"8":[0,0],"9":[0,0]},"_coverageSchema":"1a1c01bbd47fc00a2c39e90264f33305004495a9","hash":"d046cd340e9bba50d3d31528ac0fcb206cf28715"}
,"C:\\Users\\anshu\\OneDrive\\Desktop\\team task manager\\backend\\src\\routes\\tasks.js": {"path":"C:\\Users\\anshu\\OneDrive\\Desktop\\team task manager\\backend\\src\\routes\\tasks.js","statementMap":{"0":{"start":{"line":1,"column":16},"end":{"line":1,"column":34}},"1":{"start":{"line":2,"column":15},"end":{"line":2,"column":32}},"2":{"start":{"line":3,"column":13},"end":{"line":3,"column":28}},"3":{"start":{"line":4,"column":11},"end":{"line":4,"column":24}},"4":{"start":{"line":6,"column":16},"end":{"line":6,"column":44}},"5":{"start":{"line":7,"column":13},"end":{"line":7,"column":38}},"6":{"start":{"line":8,"column":13},"end":{"line":8,"column":38}},"7":{"start":{"line":9,"column":16},"end":{"line":9,"column":44}},"8":{"start":{"line":10,"column":19},"end":{"line":10,"column":50}},"9":{"start":{"line":11,"column":16},"end":{"line":11,"column":44}},"10":{"start":{"line":13,"column":23},"end":{"line":13,"column":51}},"11":{"start":{"line":14,"column":18},"end":{"line":14,"column":47}},"12":{"start":{"line":15,"column":20},"end":{"line":15,"column":48}},"13":{"start":{"line":17,"column":15},"end":{"line":17,"column":31}},"14":{"start":{"line":18,"column":9},"end":{"line":18,"column":13}},"15":{"start":{"line":19,"column":0},"end":{"line":19,"column":44}},"16":{"start":{"line":19,"column":29},"end":{"line":19,"column":41}},"17":{"start":{"line":20,"column":0},"end":{"line":20,"column":22}},"18":{"start":{"line":22,"column":18},"end":{"line":22,"column":61}},"19":{"start":{"line":23,"column":0},"end":{"line":25,"column":1}},"20":{"start":{"line":24,"column":2},"end":{"line":24,"column":47}},"21":{"start":{"line":27,"column":16},"end":{"line":30,"column":2}},"22":{"start":{"line":28,"column":34},"end":{"line":28,"column":53}},"23":{"start":{"line":29,"column":31},"end":{"line":29,"column":111}},"24":{"start":{"line":31,"column":15},"end":{"line":31,"column":74}},"25":{"start":{"line":35,"column":2},"end":{"line":40,"column":3}},"26":{"start":{"line":36,"column":20},"end":{"line":36,"column":78}},"27":{"start":{"line":37,"column":4},"end":{"line":37,"column":21}},"28":{"start":{"line":39,"column":4},"end":{"line":39,"column":17}},"29":{"start":{"line":43,"column":0},"end":{"line":82,"column":3}},"30":{"start":{"line":44,"column":2},"end":{"line":81,"column":3}},"31":{"start":{"line":46,"column":25},"end":{"line":46,"column":83}},"32":{"start":{"line":47,"column":23},"end":{"line":47,"column":51}},"33":{"start":{"line":47,"column":45},"end":{"line":47,"column":50}},"34":{"start":{"line":50,"column":18},"end":{"line":59,"column":11}},"35":{"start":{"line":61,"column":27},"end":{"line":76,"column":7}},"36":{"start":{"line":61,"column":46},"end":{"line":76,"column":5}},"37":{"start":{"line":78,"column":4},"end":{"line":78,"column":40}},"38":{"start":{"line":80,"column":4},"end":{"line":80,"column":52}},"39":{"start":{"line":84,"column":0},"end":{"line":142,"column":3}},"40":{"start":{"line":85,"column":2},"end":{"line":141,"column":3}},"41":{"start":{"line":86,"column":25},"end":{"line":86,"column":89}},"42":{"start":{"line":87,"column":23},"end":{"line":87,"column":51}},"43":{"start":{"line":87,"column":45},"end":{"line":87,"column":50}},"44":{"start":{"line":88,"column":28},"end":{"line":88,"column":95}},"45":{"start":{"line":88,"column":61},"end":{"line":88,"column":89}},"46":{"start":{"line":90,"column":18},"end":{"line":92,"column":13}},"47":{"start":{"line":94,"column":21},"end":{"line":94,"column":58}},"48":{"start":{"line":95,"column":20},"end":{"line":101,"column":5}},"49":{"start":{"line":97,"column":32},"end":{"line":97,"column":51}},"50":{"start":{"line":98,"column":38},"end":{"line":98,"column":64}},"51":{"start":{"line":99,"column":32},"end":{"line":99,"column":51}},"52":{"start":{"line":100,"column":35},"end":{"line":100,"column":118}},"53":{"start":{"line":103,"column":24},"end":{"line":103,"column":26}},"54":{"start":{"line":104,"column":4},"end":{"line":109,"column":7}},"55":{"start":{"line":105,"column":19},"end":{"line":105,"column":62}},"56":{"start":{"line":106,"column":6},"end":{"line":106,"column":72}},"57":{"start":{"line":106,"column":30},"end":{"line":106,"column":72}},"58":{"start":{"line":107,"column":6},"end":{"line":107,"column":32}},"59":{"start":{"line":108,"column":6},"end":{"line":108,"column":56}},"60":{"start":{"line":108,"column":31},"end":{"line":108,"column":56}},"61":{"start":{"line":111,"column":24},"end":{"line":123,"column":9}},"62":{"start":{"line":112,"column":22},"end":{"line":112,"column":67}},"63":{"start":{"line":114,"column":19},"end":{"line":123,"column":7}},"64":{"start":{"line":126,"column":17},"end":{"line":126,"column":19}},"65":{"start":{"line":127,"column":18},"end":{"line":127,"column":28}},"66":{"start":{"line":128,"column":18},"end":{"line":128,"column":20}},"67":{"start":{"line":129,"column":4},"end":{"line":132,"column":5}},"68":{"start":{"line":129,"column":17},"end":{"line":129,"column":25}},"69":{"start":{"line":130,"column":16},"end":{"line":130,"column":84}},"70":{"start":{"line":131,"column":6},"end":{"line":131,"column":47}},"71":{"start":{"line":133,"column":26},"end":{"line":136,"column":7}},"72":{"start":{"line":133,"column":45},"end":{"line":136,"column":5}},"73":{"start":{"line":135,"column":33},"end":{"line":135,"column":78}},"74":{"start":{"line":138,"column":4},"end":{"line":138,"column":67}},"75":{"start":{"line":140,"column":4},"end":{"line":140,"column":52}},"76":{"start":{"line":144,"column":0},"end":{"line":173,"column":3}},"77":{"start":{"line":145,"column":2},"end":{"line":172,"column":3}},"78":{"start":{"line":146,"column":22},"end":{"line":146,"column":42}},"79":{"start":{"line":147,"column":4},"end":{"line":149,"column":5}},"80":{"start":{"line":148,"column":6},"end":{"line":148,"column":62}},"81":{"start":{"line":151,"column":18},"end":{"line":154,"column":13}},"82":{"start":{"line":156,"column":27},"end":{"line":167,"column":7}},"83":{"start":{"line":156,"column":46},"end":{"line":167,"column":5}},"84":{"start":{"line":169,"column":4},"end":{"line":169,"column":40}},"85":{"start":{"line":171,"column":4},"end":{"line":171,"column":52}},"86":{"start":{"line":175,"column":0},"end":{"line":226,"column":3}},"87":{"start":{"line":176,"column":2},"end":{"line":225,"column":3}},"88":{"start":{"line":177,"column":22},"end":{"line":177,"column":42}},"89":{"start":{"line":178,"column":4},"end":{"line":180,"column":5}},"90":{"start":{"line":179,"column":6},"end":{"line":179,"column":62}},"91":{"start":{"line":182,"column":29},"end":{"line":182,"column":58}},"92":{"start":{"line":183,"column":4},"end":{"line":183,"column":69}},"93":{"start":{"line":183,"column":15},"end":{"line":183,"column":69}},"94":{"start":{"line":185,"column":21},"end":{"line":185,"column":25}},"95":{"start":{"line":186,"column":4},"end":{"line":190,"column":5}},"96":{"start":{"line":187,"column":23},"end":{"line":187,"column":73}},"97":{"start":{"line":188,"column":6},"end":{"line":188,"column":82}},"98":{"start":{"line":188,"column":21},"end":{"line":188,"column":82}},"99":{"start":{"line":189,"column":6},"end":{"line":189,"column":32}},"100":{"start":{"line":192,"column":23},"end":{"line":192,"column":94}},"101":{"start":{"line":193,"column":21},"end":{"line":193,"column":93}},"102":{"start":{"line":193,"column":75},"end":{"line":193,"column":87}},"103":{"start":{"line":195,"column":17},"end":{"line":205,"column":6}},"104":{"start":{"line":207,"column":4},"end":{"line":218,"column":7}},"105":{"start":{"line":207,"column":12},"end":{"line":218,"column":7}},"106":{"start":{"line":220,"column":4},"end":{"line":220,"column":107}},"107":{"start":{"line":222,"column":4},"end":{"line":222,"column":73}},"108":{"start":{"line":224,"column":4},"end":{"line":224,"column":52}},"109":{"start":{"line":228,"column":0},"end":{"line":275,"column":3}},"110":{"start":{"line":229,"column":2},"end":{"line":274,"column":3}},"111":{"start":{"line":230,"column":19},"end":{"line":230,"column":36}},"112":{"start":{"line":231,"column":17},"end":{"line":231,"column":44}},"113":{"start":{"line":232,"column":4},"end":{"line":232,"column":72}},"114":{"start":{"line":232,"column":15},"end":{"line":232,"column":72}},"115":{"start":{"line":234,"column":4},"end":{"line":236,"column":5}},"116":{"start":{"line":235,"column":6},"end":{"line":235,"column":62}},"117":{"start":{"line":238,"column":22},"end":{"line":238,"column":33}},"118":{"start":{"line":239,"column":24},"end":{"line":239,"column":37}},"119":{"start":{"line":241,"column":4},"end":{"line":245,"column":5}},"120":{"start":{"line":242,"column":23},"end":{"line":242,"column":76}},"121":{"start":{"line":243,"column":6},"end":{"line":243,"column":82}},"122":{"start":{"line":243,"column":21},"end":{"line":243,"column":82}},"123":{"start":{"line":244,"column":6},"end":{"line":244,"column":35}},"124":{"start":{"line":247,"column":4},"end":{"line":249,"column":5}},"125":{"start":{"line":248,"column":6},"end":{"line":248,"column":36}},"126":{"start":{"line":251,"column":4},"end":{"line":253,"column":5}},"127":{"start":{"line":252,"column":6},"end":{"line":252,"column":40}},"128":{"start":{"line":255,"column":4},"end":{"line":255,"column":52}},"129":{"start":{"line":255,"column":24},"end":{"line":255,"column":52}},"130":{"start":{"line":256,"column":4},"end":{"line":256,"column":84}},"131":{"start":{"line":256,"column":44},"end":{"line":256,"column":84}},"132":{"start":{"line":257,"column":4},"end":{"line":257,"column":80}},"133":{"start":{"line":257,"column":40},"end":{"line":257,"column":80}},"134":{"start":{"line":258,"column":4},"end":{"line":258,"column":69}},"135":{"start":{"line":258,"column":39},"end":{"line":258,"column":69}},"136":{"start":{"line":260,"column":4},"end":{"line":260,"column":22}},"137":{"start":{"line":262,"column":4},"end":{"line":262,"column":115}},"138":{"start":{"line":262,"column":12},"end":{"line":262,"column":115}},"139":{"start":{"line":264,"column":20},"end":{"line":264,"column":42}},"140":{"start":{"line":265,"column":4},"end":{"line":269,"column":5}},"141":{"start":{"line":266,"column":6},"end":{"line":266,"column":62}},"142":{"start":{"line":267,"column":11},"end":{"line":269,"column":5}},"143":{"start":{"line":268,"column":6},"end":{"line":268,"column":68}},"144":{"start":{"line":270,"column":4},"end":{"line":270,"column":101}},"145":{"start":{"line":271,"column":4},"end":{"line":271,"column":61}},"146":{"start":{"line":273,"column":4},"end":{"line":273,"column":52}},"147":{"start":{"line":277,"column":0},"end":{"line":313,"column":3}},"148":{"start":{"line":278,"column":16},"end":{"line":278,"column":30}},"149":{"start":{"line":279,"column":2},"end":{"line":279,"column":87}},"150":{"start":{"line":279,"column":29},"end":{"line":279,"column":87}},"151":{"start":{"line":281,"column":2},"end":{"line":312,"column":3}},"152":{"start":{"line":283,"column":20},"end":{"line":283,"column":22}},"153":{"start":{"line":285,"column":4},"end":{"line":302,"column":5}},"154":{"start":{"line":287,"column":20},"end":{"line":287,"column":46}},"155":{"start":{"line":288,"column":7},"end":{"line":301,"column":8}},"156":{"start":{"line":289,"column":27},"end":{"line":289,"column":29}},"157":{"start":{"line":290,"column":11},"end":{"line":290,"column":55}},"158":{"start":{"line":290,"column":26},"end":{"line":290,"column":55}},"159":{"start":{"line":291,"column":11},"end":{"line":291,"column":83}},"160":{"start":{"line":291,"column":48},"end":{"line":291,"column":83}},"161":{"start":{"line":293,"column":11},"end":{"line":300,"column":12}},"162":{"start":{"line":294,"column":15},"end":{"line":299,"column":18}},"163":{"start":{"line":304,"column":4},"end":{"line":306,"column":5}},"164":{"start":{"line":305,"column":6},"end":{"line":305,"column":36}},"165":{"start":{"line":308,"column":4},"end":{"line":308,"column":50}},"166":{"start":{"line":308,"column":12},"end":{"line":308,"column":50}},"167":{"start":{"line":309,"column":4},"end":{"line":309,"column":43}},"168":{"start":{"line":311,"column":4},"end":{"line":311,"column":52}},"169":{"start":{"line":315,"column":0},"end":{"line":337,"column":3}},"170":{"start":{"line":316,"column":2},"end":{"line":336,"column":3}},"171":{"start":{"line":317,"column":17},"end":{"line":317,"column":85}},"172":{"start":{"line":318,"column":4},"end":{"line":318,"column":72}},"173":{"start":{"line":318,"column":15},"end":{"line":318,"column":72}},"174":{"start":{"line":319,"column":4},"end":{"line":319,"column":117}},"175":{"start":{"line":319,"column":61},"end":{"line":319,"column":117}},"176":{"start":{"line":321,"column":4},"end":{"line":333,"column":7}},"177":{"start":{"line":335,"column":4},"end":{"line":335,"column":52}},"178":{"start":{"line":339,"column":0},"end":{"line":358,"column":3}},"179":{"start":{"line":340,"column":2},"end":{"line":357,"column":3}},"180":{"start":{"line":341,"column":19},"end":{"line":341,"column":36}},"181":{"start":{"line":342,"column":17},"end":{"line":342,"column":44}},"182":{"start":{"line":343,"column":4},"end":{"line":343,"column":72}},"183":{"start":{"line":343,"column":15},"end":{"line":343,"column":72}},"184":{"start":{"line":344,"column":4},"end":{"line":344,"column":117}},"185":{"start":{"line":344,"column":61},"end":{"line":344,"column":117}},"186":{"start":{"line":346,"column":4},"end":{"line":346,"column":106}},"187":{"start":{"line":348,"column":4},"end":{"line":348,"column":41}},"188":{"start":{"line":350,"column":4},"end":{"line":350,"column":47}},"189":{"start":{"line":351,"column":4},"end":{"line":351,"column":50}},"190":{"start":{"line":353,"column":4},"end":{"line":353,"column":52}},"191":{"start":{"line":353,"column":12},"end":{"line":353,"column":52}},"192":{"start":{"line":354,"column":4},"end":{"line":354,"column":42}},"193":{"start":{"line":356,"column":4},"end":{"line":356,"column":52}},"194":{"start":{"line":361,"column":0},"end":{"line":372,"column":3}},"195":{"start":{"line":362,"column":2},"end":{"line":371,"column":3}},"196":{"start":{"line":363,"column":17},"end":{"line":363,"column":55}},"197":{"start":{"line":364,"column":4},"end":{"line":364,"column":72}},"198":{"start":{"line":364,"column":15},"end":{"line":364,"column":72}},"199":{"start":{"line":365,"column":4},"end":{"line":365,"column":117}},"200":{"start":{"line":365,"column":61},"end":{"line":365,"column":117}},"201":{"start":{"line":367,"column":21},"end":{"line":367,"column":73}},"202":{"start":{"line":368,"column":4},"end":{"line":368,"column":80}},"203":{"start":{"line":368,"column":44},"end":{"line":368,"column":74}},"204":{"start":{"line":370,"column":4},"end":{"line":370,"column":52}},"205":{"start":{"line":374,"column":0},"end":{"line":398,"column":3}},"206":{"start":{"line":375,"column":2},"end":{"line":397,"column":3}},"207":{"start":{"line":376,"column":17},"end":{"line":376,"column":55}},"208":{"start":{"line":377,"column":4},"end":{"line":377,"column":72}},"209":{"start":{"line":377,"column":15},"end":{"line":377,"column":72}},"210":{"start":{"line":378,"column":4},"end":{"line":378,"column":117}},"211":{"start":{"line":378,"column":61},"end":{"line":378,"column":117}},"212":{"start":{"line":380,"column":18},"end":{"line":380,"column":47}},"213":{"start":{"line":381,"column":4},"end":{"line":381,"column":73}},"214":{"start":{"line":381,"column":16},"end":{"line":381,"column":73}},"215":{"start":{"line":383,"column":18},"end":{"line":383,"column":66}},"216":{"start":{"line":384,"column":16},"end":{"line":388,"column":6}},"217":{"start":{"line":390,"column":4},"end":{"line":390,"column":66}},"218":{"start":{"line":390,"column":12},"end":{"line":390,"column":66}},"219":{"start":{"line":392,"column":4},"end":{"line":392,"column":125}},"220":{"start":{"line":394,"column":4},"end":{"line":394,"column":70}},"221":{"start":{"line":396,"column":4},"end":{"line":396,"column":52}},"222":{"start":{"line":400,"column":0},"end":{"line":420,"column":3}},"223":{"start":{"line":401,"column":2},"end":{"line":419,"column":3}},"224":{"start":{"line":402,"column":16},"end":{"line":402,"column":77}},"225":{"start":{"line":403,"column":4},"end":{"line":403,"column":74}},"226":{"start":{"line":403,"column":14},"end":{"line":403,"column":74}},"227":{"start":{"line":404,"column":4},"end":{"line":404,"column":121}},"228":{"start":{"line":404,"column":65},"end":{"line":404,"column":121}},"229":{"start":{"line":406,"column":4},"end":{"line":406,"column":88}},"230":{"start":{"line":406,"column":51},"end":{"line":406,"column":88}},"231":{"start":{"line":407,"column":4},"end":{"line":407,"column":89}},"232":{"start":{"line":407,"column":47},"end":{"line":407,"column":89}},"233":{"start":{"line":409,"column":4},"end":{"line":409,"column":21}},"234":{"start":{"line":411,"column":4},"end":{"line":411,"column":79}},"235":{"start":{"line":411,"column":12},"end":{"line":411,"column":79}},"236":{"start":{"line":413,"column":22},"end":{"line":413,"column":109}},"237":{"start":{"line":414,"column":4},"end":{"line":414,"column":113}},"238":{"start":{"line":416,"column":4},"end":{"line":416,"column":58}},"239":{"start":{"line":418,"column":4},"end":{"line":418,"column":52}},"240":{"start":{"line":422,"column":0},"end":{"line":434,"column":3}},"241":{"start":{"line":423,"column":2},"end":{"line":433,"column":3}},"242":{"start":{"line":424,"column":16},"end":{"line":424,"column":77}},"243":{"start":{"line":425,"column":4},"end":{"line":425,"column":74}},"244":{"start":{"line":425,"column":14},"end":{"line":425,"column":74}},"245":{"start":{"line":426,"column":4},"end":{"line":426,"column":121}},"246":{"start":{"line":426,"column":65},"end":{"line":426,"column":121}},"247":{"start":{"line":428,"column":4},"end":{"line":428,"column":58}},"248":{"start":{"line":429,"column":4},"end":{"line":429,"column":85}},"249":{"start":{"line":429,"column":12},"end":{"line":429,"column":85}},"250":{"start":{"line":430,"column":4},"end":{"line":430,"column":37}},"251":{"start":{"line":432,"column":4},"end":{"line":432,"column":52}},"252":{"start":{"line":437,"column":0},"end":{"line":450,"column":3}},"253":{"start":{"line":438,"column":2},"end":{"line":449,"column":3}},"254":{"start":{"line":439,"column":17},"end":{"line":439,"column":55}},"255":{"start":{"line":440,"column":4},"end":{"line":440,"column":72}},"256":{"start":{"line":440,"column":15},"end":{"line":440,"column":72}},"257":{"start":{"line":441,"column":4},"end":{"line":441,"column":117}},"258":{"start":{"line":441,"column":61},"end":{"line":441,"column":117}},"259":{"start":{"line":443,"column":21},"end":{"line":445,"column":24}},"260":{"start":{"line":446,"column":4},"end":{"line":446,"column":27}},"261":{"start":{"line":448,"column":4},"end":{"line":448,"column":52}},"262":{"start":{"line":452,"column":0},"end":{"line":477,"column":3}},"263":{"start":{"line":453,"column":2},"end":{"line":476,"column":3}},"264":{"start":{"line":454,"column":17},"end":{"line":454,"column":55}},"265":{"start":{"line":455,"column":4},"end":{"line":455,"column":72}},"266":{"start":{"line":455,"column":15},"end":{"line":455,"column":72}},"267":{"start":{"line":456,"column":4},"end":{"line":456,"column":117}},"268":{"start":{"line":456,"column":61},"end":{"line":456,"column":117}},"269":{"start":{"line":458,"column":20},"end":{"line":458,"column":51}},"270":{"start":{"line":459,"column":4},"end":{"line":459,"column":88}},"271":{"start":{"line":459,"column":18},"end":{"line":459,"column":88}},"272":{"start":{"line":461,"column":20},"end":{"line":465,"column":6}},"273":{"start":{"line":467,"column":29},"end":{"line":467,"column":108}},"274":{"start":{"line":469,"column":4},"end":{"line":469,"column":88}},"275":{"start":{"line":469,"column":12},"end":{"line":469,"column":88}},"276":{"start":{"line":471,"column":4},"end":{"line":471,"column":175}},"277":{"start":{"line":473,"column":4},"end":{"line":473,"column":56}},"278":{"start":{"line":475,"column":4},"end":{"line":475,"column":52}},"279":{"start":{"line":479,"column":0},"end":{"line":498,"column":3}},"280":{"start":{"line":480,"column":2},"end":{"line":497,"column":3}},"281":{"start":{"line":481,"column":20},"end":{"line":481,"column":81}},"282":{"start":{"line":482,"column":4},"end":{"line":482,"column":78}},"283":{"start":{"line":482,"column":18},"end":{"line":482,"column":78}},"284":{"start":{"line":484,"column":4},"end":{"line":486,"column":5}},"285":{"start":{"line":485,"column":6},"end":{"line":485,"column":102}},"286":{"start":{"line":488,"column":4},"end":{"line":488,"column":58}},"287":{"start":{"line":490,"column":4},"end":{"line":490,"column":93}},"288":{"start":{"line":490,"column":12},"end":{"line":490,"column":93}},"289":{"start":{"line":492,"column":4},"end":{"line":492,"column":135}},"290":{"start":{"line":494,"column":4},"end":{"line":494,"column":45}},"291":{"start":{"line":496,"column":4},"end":{"line":496,"column":52}},"292":{"start":{"line":501,"column":0},"end":{"line":512,"column":3}},"293":{"start":{"line":502,"column":2},"end":{"line":511,"column":3}},"294":{"start":{"line":503,"column":17},"end":{"line":503,"column":55}},"295":{"start":{"line":504,"column":4},"end":{"line":504,"column":72}},"296":{"start":{"line":504,"column":15},"end":{"line":504,"column":72}},"297":{"start":{"line":505,"column":4},"end":{"line":505,"column":117}},"298":{"start":{"line":505,"column":61},"end":{"line":505,"column":117}},"299":{"start":{"line":507,"column":24},"end":{"line":507,"column":83}},"300":{"start":{"line":508,"column":4},"end":{"line":508,"column":86}},"301":{"start":{"line":508,"column":50},"end":{"line":508,"column":80}},"302":{"start":{"line":510,"column":4},"end":{"line":510,"column":52}},"303":{"start":{"line":514,"column":0},"end":{"line":540,"column":3}},"304":{"start":{"line":515,"column":2},"end":{"line":539,"column":3}},"305":{"start":{"line":516,"column":17},"end":{"line":516,"column":55}},"306":{"start":{"line":517,"column":4},"end":{"line":517,"column":72}},"307":{"start":{"line":517,"column":15},"end":{"line":517,"column":72}},"308":{"start":{"line":518,"column":4},"end":{"line":518,"column":117}},"309":{"start":{"line":518,"column":61},"end":{"line":518,"column":117}},"310":{"start":{"line":520,"column":4},"end":{"line":520,"column":78}},"311":{"start":{"line":520,"column":19},"end":{"line":520,"column":78}},"312":{"start":{"line":522,"column":16},"end":{"line":522,"column":47}},"313":{"start":{"line":523,"column":23},"end":{"line":528,"column":6}},"314":{"start":{"line":530,"column":32},"end":{"line":530,"column":80}},"315":{"start":{"line":532,"column":4},"end":{"line":532,"column":97}},"316":{"start":{"line":532,"column":12},"end":{"line":532,"column":97}},"317":{"start":{"line":534,"column":4},"end":{"line":534,"column":143}},"318":{"start":{"line":536,"column":4},"end":{"line":536,"column":62}},"319":{"start":{"line":538,"column":4},"end":{"line":538,"column":52}},"320":{"start":{"line":542,"column":0},"end":{"line":563,"column":3}},"321":{"start":{"line":543,"column":2},"end":{"line":562,"column":3}},"322":{"start":{"line":544,"column":23},"end":{"line":544,"column":90}},"323":{"start":{"line":545,"column":4},"end":{"line":545,"column":84}},"324":{"start":{"line":545,"column":21},"end":{"line":545,"column":84}},"325":{"start":{"line":546,"column":4},"end":{"line":546,"column":128}},"326":{"start":{"line":546,"column":72},"end":{"line":546,"column":128}},"327":{"start":{"line":548,"column":21},"end":{"line":548,"column":62}},"328":{"start":{"line":549,"column":4},"end":{"line":551,"column":7}},"329":{"start":{"line":550,"column":6},"end":{"line":550,"column":69}},"330":{"start":{"line":550,"column":15},"end":{"line":550,"column":69}},"331":{"start":{"line":553,"column":4},"end":{"line":553,"column":64}},"332":{"start":{"line":555,"column":4},"end":{"line":555,"column":105}},"333":{"start":{"line":555,"column":12},"end":{"line":555,"column":105}},"334":{"start":{"line":557,"column":4},"end":{"line":557,"column":175}},"335":{"start":{"line":559,"column":4},"end":{"line":559,"column":48}},"336":{"start":{"line":561,"column":4},"end":{"line":561,"column":52}},"337":{"start":{"line":565,"column":0},"end":{"line":565,"column":24}}},"fnMap":{"0":{"name":"(anonymous_0)","decl":{"start":{"line":19,"column":15},"end":{"line":19,"column":16}},"loc":{"start":{"line":19,"column":27},"end":{"line":19,"column":43}},"line":19},"1":{"name":"(anonymous_1)","decl":{"start":{"line":28,"column":15},"end":{"line":28,"column":16}},"loc":{"start":{"line":28,"column":34},"end":{"line":28,"column":53}},"line":28},"2":{"name":"(anonymous_2)","decl":{"start":{"line":29,"column":12},"end":{"line":29,"column":13}},"loc":{"start":{"line":29,"column":31},"end":{"line":29,"column":111}},"line":29},"3":{"name":"isProjectMember","decl":{"start":{"line":34,"column":15},"end":{"line":34,"column":30}},"loc":{"start":{"line":34,"column":50},"end":{"line":41,"column":1}},"line":34},"4":{"name":"(anonymous_4)","decl":{"start":{"line":43,"column":16},"end":{"line":43,"column":17}},"loc":{"start":{"line":43,"column":36},"end":{"line":82,"column":1}},"line":43},"5":{"name":"(anonymous_5)","decl":{"start":{"line":47,"column":40},"end":{"line":47,"column":41}},"loc":{"start":{"line":47,"column":45},"end":{"line":47,"column":50}},"line":47},"6":{"name":"(anonymous_6)","decl":{"start":{"line":61,"column":37},"end":{"line":61,"column":38}},"loc":{"start":{"line":61,"column":46},"end":{"line":76,"column":5}},"line":61},"7":{"name":"(anonymous_7)","decl":{"start":{"line":84,"column":25},"end":{"line":84,"column":26}},"loc":{"start":{"line":84,"column":45},"end":{"line":142,"column":1}},"line":84},"8":{"name":"(anonymous_8)","decl":{"start":{"line":87,"column":40},"end":{"line":87,"column":41}},"loc":{"start":{"line":87,"column":45},"end":{"line":87,"column":50}},"line":87},"9":{"name":"(anonymous_9)","decl":{"start":{"line":88,"column":48},"end":{"line":88,"column":49}},"loc":{"start":{"line":88,"column":61},"end":{"line":88,"column":89}},"line":88},"10":{"name":"(anonymous_10)","decl":{"start":{"line":97,"column":25},"end":{"line":97,"column":26}},"loc":{"start":{"line":97,"column":32},"end":{"line":97,"column":51}},"line":97},"11":{"name":"(anonymous_11)","decl":{"start":{"line":98,"column":31},"end":{"line":98,"column":32}},"loc":{"start":{"line":98,"column":38},"end":{"line":98,"column":64}},"line":98},"12":{"name":"(anonymous_12)","decl":{"start":{"line":99,"column":25},"end":{"line":99,"column":26}},"loc":{"start":{"line":99,"column":32},"end":{"line":99,"column":51}},"line":99},"13":{"name":"(anonymous_13)","decl":{"start":{"line":100,"column":28},"end":{"line":100,"column":29}},"loc":{"start":{"line":100,"column":35},"end":{"line":100,"column":118}},"line":100},"14":{"name":"(anonymous_14)","decl":{"start":{"line":104,"column":18},"end":{"line":104,"column":19}},"loc":{"start":{"line":104,"column":25},"end":{"line":109,"column":5}},"line":104},"15":{"name":"(anonymous_15)","decl":{"start":{"line":112,"column":12},"end":{"line":112,"column":13}},"loc":{"start":{"line":112,"column":22},"end":{"line":112,"column":67}},"line":112},"16":{"name":"(anonymous_16)","decl":{"start":{"line":114,"column":11},"end":{"line":114,"column":12}},"loc":{"start":{"line":114,"column":19},"end":{"line":123,"column":7}},"line":114},"17":{"name":"(anonymous_17)","decl":{"start":{"line":133,"column":36},"end":{"line":133,"column":37}},"loc":{"start":{"line":133,"column":45},"end":{"line":136,"column":5}},"line":133},"18":{"name":"(anonymous_18)","decl":{"start":{"line":135,"column":26},"end":{"line":135,"column":27}},"loc":{"start":{"line":135,"column":33},"end":{"line":135,"column":78}},"line":135},"19":{"name":"(anonymous_19)","decl":{"start":{"line":144,"column":34},"end":{"line":144,"column":35}},"loc":{"start":{"line":144,"column":54},"end":{"line":173,"column":1}},"line":144},"20":{"name":"(anonymous_20)","decl":{"start":{"line":156,"column":37},"end":{"line":156,"column":38}},"loc":{"start":{"line":156,"column":46},"end":{"line":167,"column":5}},"line":156},"21":{"name":"(anonymous_21)","decl":{"start":{"line":175,"column":35},"end":{"line":175,"column":36}},"loc":{"start":{"line":175,"column":55},"end":{"line":226,"column":1}},"line":175},"22":{"name":"(anonymous_22)","decl":{"start":{"line":193,"column":68},"end":{"line":193,"column":69}},"loc":{"start":{"line":193,"column":75},"end":{"line":193,"column":87}},"line":193},"23":{"name":"(anonymous_23)","decl":{"start":{"line":228,"column":25},"end":{"line":228,"column":26}},"loc":{"start":{"line":228,"column":45},"end":{"line":275,"column":1}},"line":228},"24":{"name":"(anonymous_24)","decl":{"start":{"line":277,"column":24},"end":{"line":277,"column":25}},"loc":{"start":{"line":277,"column":44},"end":{"line":313,"column":1}},"line":277},"25":{"name":"(anonymous_25)","decl":{"start":{"line":315,"column":23},"end":{"line":315,"column":24}},"loc":{"start":{"line":315,"column":43},"end":{"line":337,"column":1}},"line":315},"26":{"name":"(anonymous_26)","decl":{"start":{"line":339,"column":26},"end":{"line":339,"column":27}},"loc":{"start":{"line":339,"column":46},"end":{"line":358,"column":1}},"line":339},"27":{"name":"(anonymous_27)","decl":{"start":{"line":361,"column":32},"end":{"line":361,"column":33}},"loc":{"start":{"line":361,"column":52},"end":{"line":372,"column":1}},"line":361},"28":{"name":"(anonymous_28)","decl":{"start":{"line":368,"column":38},"end":{"line":368,"column":39}},"loc":{"start":{"line":368,"column":44},"end":{"line":368,"column":74}},"line":368},"29":{"name":"(anonymous_29)","decl":{"start":{"line":374,"column":33},"end":{"line":374,"column":34}},"loc":{"start":{"line":374,"column":53},"end":{"line":398,"column":1}},"line":374},"30":{"name":"(anonymous_30)","decl":{"start":{"line":400,"column":37},"end":{"line":400,"column":38}},"loc":{"start":{"line":400,"column":57},"end":{"line":420,"column":1}},"line":400},"31":{"name":"(anonymous_31)","decl":{"start":{"line":422,"column":38},"end":{"line":422,"column":39}},"loc":{"start":{"line":422,"column":58},"end":{"line":434,"column":1}},"line":422},"32":{"name":"(anonymous_32)","decl":{"start":{"line":437,"column":32},"end":{"line":437,"column":33}},"loc":{"start":{"line":437,"column":52},"end":{"line":450,"column":1}},"line":437},"33":{"name":"(anonymous_33)","decl":{"start":{"line":452,"column":33},"end":{"line":452,"column":34}},"loc":{"start":{"line":452,"column":53},"end":{"line":477,"column":1}},"line":452},"34":{"name":"(anonymous_34)","decl":{"start":{"line":479,"column":38},"end":{"line":479,"column":39}},"loc":{"start":{"line":479,"column":58},"end":{"line":498,"column":1}},"line":479},"35":{"name":"(anonymous_35)","decl":{"start":{"line":501,"column":35},"end":{"line":501,"column":36}},"loc":{"start":{"line":501,"column":55},"end":{"line":512,"column":1}},"line":501},"36":{"name":"(anonymous_36)","decl":{"start":{"line":508,"column":44},"end":{"line":508,"column":45}},"loc":{"start":{"line":508,"column":50},"end":{"line":508,"column":80}},"line":508},"37":{"name":"(anonymous_37)","decl":{"start":{"line":514,"column":59},"end":{"line":514,"column":60}},"loc":{"start":{"line":514,"column":79},"end":{"line":540,"column":1}},"line":514},"38":{"name":"(anonymous_38)","decl":{"start":{"line":542,"column":44},"end":{"line":542,"column":45}},"loc":{"start":{"line":542,"column":64},"end":{"line":563,"column":1}},"line":542},"39":{"name":"(anonymous_39)","decl":{"start":{"line":549,"column":24},"end":{"line":549,"column":25}},"loc":{"start":{"line":549,"column":33},"end":{"line":551,"column":5}},"line":549}},"branchMap":{"0":{"loc":{"start":{"line":23,"column":0},"end":{"line":25,"column":1}},"type":"if","locations":[{"start":{"line":23,"column":0},"end":{"line":25,"column":1}},{"start":{},"end":{}}],"line":23},"1":{"loc":{"start":{"line":65,"column":13},"end":{"line":65,"column":28}},"type":"binary-expr","locations":[{"start":{"line":65,"column":13},"end":{"line":65,"column":23}},{"start":{"line":65,"column":27},"end":{"line":65,"column":28}}],"line":65},"2":{"loc":{"start":{"line":67,"column":16},"end":{"line":67,"column":41}},"type":"binary-expr","locations":[{"start":{"line":67,"column":16},"end":{"line":67,"column":29}},{"start":{"line":67,"column":33},"end":{"line":67,"column":41}}],"line":67},"3":{"loc":{"start":{"line":69,"column":17},"end":{"line":69,"column":55}},"type":"cond-expr","locations":[{"start":{"line":69,"column":32},"end":{"line":69,"column":48}},{"start":{"line":69,"column":51},"end":{"line":69,"column":55}}],"line":69},"4":{"loc":{"start":{"line":70,"column":20},"end":{"line":70,"column":65}},"type":"cond-expr","locations":[{"start":{"line":70,"column":35},"end":{"line":70,"column":53}},{"start":{"line":70,"column":56},"end":{"line":70,"column":65}}],"line":70},"5":{"loc":{"start":{"line":71,"column":18},"end":{"line":71,"column":58}},"type":"cond-expr","locations":[{"start":{"line":71,"column":34},"end":{"line":71,"column":51}},{"start":{"line":71,"column":54},"end":{"line":71,"column":58}}],"line":71},"6":{"loc":{"start":{"line":72,"column":20},"end":{"line":72,"column":69}},"type":"cond-expr","locations":[{"start":{"line":72,"column":36},"end":{"line":72,"column":54}},{"start":{"line":72,"column":57},"end":{"line":72,"column":69}}],"line":72},"7":{"loc":{"start":{"line":73,"column":21},"end":{"line":73,"column":71}},"type":"cond-expr","locations":[{"start":{"line":73,"column":37},"end":{"line":73,"column":56}},{"start":{"line":73,"column":59},"end":{"line":73,"column":71}}],"line":73},"8":{"loc":{"start":{"line":74,"column":15},"end":{"line":74,"column":120}},"type":"binary-expr","locations":[{"start":{"line":74,"column":15},"end":{"line":74,"column":27}},{"start":{"line":74,"column":31},"end":{"line":74,"column":94}},{"start":{"line":74,"column":98},"end":{"line":74,"column":120}}],"line":74},"9":{"loc":{"start":{"line":75,"column":14},"end":{"line":75,"column":31}},"type":"binary-expr","locations":[{"start":{"line":75,"column":14},"end":{"line":75,"column":25}},{"start":{"line":75,"column":29},"end":{"line":75,"column":31}}],"line":75},"10":{"loc":{"start":{"line":100,"column":35},"end":{"line":100,"column":118}},"type":"binary-expr","locations":[{"start":{"line":100,"column":35},"end":{"line":100,"column":44}},{"start":{"line":100,"column":48},"end":{"line":100,"column":95}},{"start":{"line":100,"column":99},"end":{"line":100,"column":118}}],"line":100},"11":{"loc":{"start":{"line":105,"column":19},"end":{"line":105,"column":62}},"type":"cond-expr","locations":[{"start":{"line":105,"column":32},"end":{"line":105,"column":47}},{"start":{"line":105,"column":50},"end":{"line":105,"column":62}}],"line":105},"12":{"loc":{"start":{"line":106,"column":6},"end":{"line":106,"column":72}},"type":"if","locations":[{"start":{"line":106,"column":6},"end":{"line":106,"column":72}},{"start":{},"end":{}}],"line":106},"13":{"loc":{"start":{"line":108,"column":6},"end":{"line":108,"column":56}},"type":"if","locations":[{"start":{"line":108,"column":6},"end":{"line":108,"column":56}},{"start":{},"end":{}}],"line":108},"14":{"loc":{"start":{"line":118,"column":18},"end":{"line":118,"column":40}},"type":"binary-expr","locations":[{"start":{"line":118,"column":18},"end":{"line":118,"column":28}},{"start":{"line":118,"column":32},"end":{"line":118,"column":40}}],"line":118},"15":{"loc":{"start":{"line":120,"column":22},"end":{"line":120,"column":61}},"type":"binary-expr","locations":[{"start":{"line":120,"column":22},"end":{"line":120,"column":48}},{"start":{"line":120,"column":52},"end":{"line":120,"column":61}}],"line":120},"16":{"loc":{"start":{"line":121,"column":22},"end":{"line":121,"column":65}},"type":"cond-expr","locations":[{"start":{"line":121,"column":35},"end":{"line":121,"column":50}},{"start":{"line":121,"column":53},"end":{"line":121,"column":65}}],"line":121},"17":{"loc":{"start":{"line":122,"column":17},"end":{"line":122,"column":100}},"type":"binary-expr","locations":[{"start":{"line":122,"column":17},"end":{"line":122,"column":26}},{"start":{"line":122,"column":30},"end":{"line":122,"column":77}},{"start":{"line":122,"column":81},"end":{"line":122,"column":100}}],"line":122},"18":{"loc":{"start":{"line":147,"column":4},"end":{"line":149,"column":5}},"type":"if","locations":[{"start":{"line":147,"column":4},"end":{"line":149,"column":5}},{"start":{},"end":{}}],"line":147},"19":{"loc":{"start":{"line":161,"column":16},"end":{"line":161,"column":41}},"type":"binary-expr","locations":[{"start":{"line":161,"column":16},"end":{"line":161,"column":29}},{"start":{"line":161,"column":33},"end":{"line":161,"column":41}}],"line":161},"20":{"loc":{"start":{"line":163,"column":20},"end":{"line":163,"column":69}},"type":"cond-expr","locations":[{"start":{"line":163,"column":36},"end":{"line":163,"column":54}},{"start":{"line":163,"column":57},"end":{"line":163,"column":69}}],"line":163},"21":{"loc":{"start":{"line":164,"column":21},"end":{"line":164,"column":71}},"type":"cond-expr","locations":[{"start":{"line":164,"column":37},"end":{"line":164,"column":56}},{"start":{"line":164,"column":59},"end":{"line":164,"column":71}}],"line":164},"22":{"loc":{"start":{"line":166,"column":14},"end":{"line":166,"column":31}},"type":"binary-expr","locations":[{"start":{"line":166,"column":14},"end":{"line":166,"column":25}},{"start":{"line":166,"column":29},"end":{"line":166,"column":31}}],"line":166},"23":{"loc":{"start":{"line":178,"column":4},"end":{"line":180,"column":5}},"type":"if","locations":[{"start":{"line":178,"column":4},"end":{"line":180,"column":5}},{"start":{},"end":{}}],"line":178},"24":{"loc":{"start":{"line":183,"column":4},"end":{"line":183,"column":69}},"type":"if","locations":[{"start":{"line":183,"column":4},"end":{"line":183,"column":69}},{"start":{},"end":{}}],"line":183},"25":{"loc":{"start":{"line":186,"column":4},"end":{"line":190,"column":5}},"type":"if","locations":[{"start":{"line":186,"column":4},"end":{"line":190,"column":5}},{"start":{},"end":{}}],"line":186},"26":{"loc":{"start":{"line":188,"column":6},"end":{"line":188,"column":82}},"type":"if","locations":[{"start":{"line":188,"column":6},"end":{"line":188,"column":82}},{"start":{},"end":{}}],"line":188},"27":{"loc":{"start":{"line":192,"column":69},"end":{"line":192,"column":91}},"type":"binary-expr","locations":[{"start":{"line":192,"column":69},"end":{"line":192,"column":81}},{"start":{"line":192,"column":85},"end":{"line":192,"column":91}}],"line":192},"28":{"loc":{"start":{"line":193,"column":21},"end":{"line":193,"column":93}},"type":"cond-expr","locations":[{"start":{"line":193,"column":41},"end":{"line":193,"column":89}},{"start":{"line":193,"column":92},"end":{"line":193,"column":93}}],"line":193},"29":{"loc":{"start":{"line":193,"column":75},"end":{"line":193,"column":87}},"type":"binary-expr","locations":[{"start":{"line":193,"column":75},"end":{"line":193,"column":82}},{"start":{"line":193,"column":86},"end":{"line":193,"column":87}}],"line":193},"30":{"loc":{"start":{"line":198,"column":19},"end":{"line":198,"column":42}},"type":"binary-expr","locations":[{"start":{"line":198,"column":19},"end":{"line":198,"column":36}},{"start":{"line":198,"column":40},"end":{"line":198,"column":42}}],"line":198},"31":{"loc":{"start":{"line":200,"column":14},"end":{"line":200,"column":36}},"type":"binary-expr","locations":[{"start":{"line":200,"column":14},"end":{"line":200,"column":26}},{"start":{"line":200,"column":30},"end":{"line":200,"column":36}}],"line":200},"32":{"loc":{"start":{"line":202,"column":16},"end":{"line":202,"column":42}},"type":"binary-expr","locations":[{"start":{"line":202,"column":16},"end":{"line":202,"column":30}},{"start":{"line":202,"column":34},"end":{"line":202,"column":42}}],"line":202},"33":{"loc":{"start":{"line":203,"column":15},"end":{"line":203,"column":36}},"type":"binary-expr","locations":[{"start":{"line":203,"column":15},"end":{"line":203,"column":28}},{"start":{"line":203,"column":32},"end":{"line":203,"column":36}}],"line":203},"34":{"loc":{"start":{"line":204,"column":14},"end":{"line":204,"column":32}},"type":"binary-expr","locations":[{"start":{"line":204,"column":14},"end":{"line":204,"column":26}},{"start":{"line":204,"column":30},"end":{"line":204,"column":32}}],"line":204},"35":{"loc":{"start":{"line":207,"column":4},"end":{"line":218,"column":7}},"type":"if","locations":[{"start":{"line":207,"column":4},"end":{"line":218,"column":7}},{"start":{},"end":{}}],"line":207},"36":{"loc":{"start":{"line":232,"column":4},"end":{"line":232,"column":72}},"type":"if","locations":[{"start":{"line":232,"column":4},"end":{"line":232,"column":72}},{"start":{},"end":{}}],"line":232},"37":{"loc":{"start":{"line":234,"column":4},"end":{"line":236,"column":5}},"type":"if","locations":[{"start":{"line":234,"column":4},"end":{"line":236,"column"
[...]
":0,"230":0,"231":0,"232":0,"233":0,"234":0,"235":0,"236":0,"237":0,"238":0,"239":0,"240":2,"241":0,"242":0,"243":0,"244":0,"245":0,"246":0,"247":0,"248":0,"249":0,"250":0,"251":0,"252":2,"253":0,"254":0,"255":0,"256":0,"257":0,"258":0,"259":0,"260":0,"261":0,"262":2,"263":0,"264":0,"265":0,"266":0,"267":0,"268":0,"269":0,"270":0,"271":0,"272":0,"273":0,"274":0,"275":0,"276":0,"277":0,"278":0,"279":2,"280":0,"281":0,"282":0,"283":0,"284":0,"285":0,"286":0,"287":0,"288":0,"289":0,"290":0,"291":0,"292":2,"293":0,"294":0,"295":0,"296":0,"297":0,"298":0,"299":0,"300":0,"301":0,"302":0,"303":2,"304":0,"305":0,"306":0,"307":0,"308":0,"309":0,"310":0,"311":0,"312":0,"313":0,"314":0,"315":0,"316":0,"317":0,"318":0,"319":0,"320":2,"321":0,"322":0,"323":0,"324":0,"325":0,"326":0,"327":0,"328":0,"329":0,"330":0,"331":0,"332":0,"333":0,"334":0,"335":0,"336":0,"337":2},"f":{"0":0,"1":0,"2":0,"3":0,"4":0,"5":0,"6":0,"7":0,"8":0,"9":0,"10":0,"11":0,"12":0,"13":0,"14":0,"15":0,"16":0,"17":0,"18":0,"19":0,"20":0,"21":0,"22":0,"23":0,"24":0,"25":0,"26":0,"27":0,"28":0,"29":0,"30":0,"31":0,"32":0,"33":0,"34":0,"35":0,"36":0,"37":0,"38":0,"39":0},"b":{"0":[0,2],"1":[0,0],"2":[0,0],"3":[0,0],"4":[0,0],"5":[0,0],"6":[0,0],"7":[0,0],"8":[0,0,0],"9":[0,0],"10":[0,0,0],"11":[0,0],"12":[0,0],"13":[0,0],"14":[0,0],"15":[0,0],"16":[0,0],"17":[0,0,0],"18":[0,0],"19":[0,0],"20":[0,0],"21":[0,0],"22":[0,0],"23":[0,0],"24":[0,0],"25":[0,0],"26":[0,0],"27":[0,0],"28":[0,0],"29":[0,0],"30":[0,0],"31":[0,0],"32":[0,0],"33":[0,0],"34":[0,0],"35":[0,0],"36":[0,0],"37":[0,0],"38":[0,0],"39":[0,0],"40":[0,0],"41":[0,0],"42":[0,0],"43":[0,0],"44":[0,0],"45":[0,0],"46":[0,0],"47":[0,0],"48":[0,0],"49":[0,0],"50":[0,0],"51":[0,0],"52":[0,0],"53":[0,0],"54":[0,0],"55":[0,0],"56":[0,0],"57":[0,0],"58":[0,0],"59":[0,0],"60":[0,0],"61":[0,0],"62":[0,0],"63":[0,0],"64":[0,0],"65":[0,0],"66":[0,0],"67":[0,0],"68":[0,0],"69":[0,0],"70":[0,0],"71":[0,0],"72":[0,0],"73":[0,0],"74":[0,0],"75":[0,0],"76":[0,0],"77":[0,0],"78":[0,0],"79":[0,0],"80":[0,0],"81":[0,0],"82":[0,0],"83":[0,0],"84":[0,0],"85":[0,0],"86":[0,0],"87":[0,0],"88":[0,0],"89":[0,0],"90":[0,0],"91":[0,0],"92":[0,0],"93":[0,0],"94":[0,0],"95":[0,0],"96":[0,0],"97":[0,0],"98":[0,0],"99":[0,0],"100":[0,0],"101":[0,0],"102":[0,0],"103":[0,0],"104":[0,0],"105":[0,0],"106":[0,0]},"_coverageSchema":"1a1c01bbd47fc00a2c39e90264f33305004495a9","hash":"979cc2f0d24b6e8070e778f31530d24ebb75574d"}
,"C:\\Users\\anshu\\OneDrive\\Desktop\\team task manager\\backend\\src\\routes\\users.js": {"path":"C:\\Users\\anshu\\OneDrive\\Desktop\\team task manager\\backend\\src\\routes\\users.js","statementMap":{"0":{"start":{"line":1,"column":16},"end":{"line":1,"column":34}},"1":{"start":{"line":2,"column":15},"end":{"line":2,"column":32}},"2":{"start":{"line":3,"column":13},"end":{"line":3,"column":28}},"3":{"start":{"line":4,"column":11},"end":{"line":4,"column":24}},"4":{"start":{"line":5,"column":15},"end":{"line":5,"column":34}},"5":{"start":{"line":6,"column":13},"end":{"line":6,"column":38}},"6":{"start":{"line":7,"column":17},"end":{"line":7,"column":46}},"7":{"start":{"line":8,"column":16},"end":{"line":8,"column":44}},"8":{"start":{"line":9,"column":21},"end":{"line":9,"column":50}},"9":{"start":{"line":10,"column":20},"end":{"line":10,"column":48}},"10":{"start":{"line":12,"column":15},"end":{"line":12,"column":31}},"11":{"start":{"line":13,"column":0},"end":{"line":13,"column":25}},"12":{"start":{"line":16,"column":18},"end":{"line":16,"column":61}},"13":{"start":{"line":17,"column":0},"end":{"line":19,"column":1}},"14":{"start":{"line":18,"column":2},"end":{"line":18,"column":47}},"15":{"start":{"line":21,"column":16},"end":{"line":26,"column":2}},"16":{"start":{"line":22,"column":34},"end":{"line":22,"column":53}},"17":{"start":{"line":24,"column":4},"end":{"line":24,"column":86}},"18":{"start":{"line":28,"column":15},"end":{"line":40,"column":2}},"19":{"start":{"line":32,"column":22},"end":{"line":32,"column":41}},"20":{"start":{"line":33,"column":21},"end":{"line":33,"column":50}},"21":{"start":{"line":34,"column":20},"end":{"line":34,"column":81}},"22":{"start":{"line":35,"column":4},"end":{"line":37,"column":5}},"23":{"start":{"line":36,"column":6},"end":{"line":36,"column":28}},"24":{"start":{"line":38,"column":4},"end":{"line":38,"column":69}},"25":{"start":{"line":43,"column":0},"end":{"line":50,"column":3}},"26":{"start":{"line":44,"column":2},"end":{"line":49,"column":3}},"27":{"start":{"line":45,"column":18},"end":{"line":45,"column":74}},"28":{"start":{"line":46,"column":4},"end":{"line":46,"column":131}},"29":{"start":{"line":46,"column":38},"end":{"line":46,"column":125}},"30":{"start":{"line":48,"column":4},"end":{"line":48,"column":52}},"31":{"start":{"line":53,"column":0},"end":{"line":77,"column":3}},"32":{"start":{"line":54,"column":2},"end":{"line":76,"column":3}},"33":{"start":{"line":55,"column":17},"end":{"line":55,"column":69}},"34":{"start":{"line":56,"column":4},"end":{"line":56,"column":72}},"35":{"start":{"line":56,"column":15},"end":{"line":56,"column":72}},"36":{"start":{"line":58,"column":4},"end":{"line":73,"column":7}},"37":{"start":{"line":75,"column":4},"end":{"line":75,"column":52}},"38":{"start":{"line":80,"column":0},"end":{"line":118,"column":3}},"39":{"start":{"line":81,"column":2},"end":{"line":117,"column":3}},"40":{"start":{"line":82,"column":17},"end":{"line":82,"column":49}},"41":{"start":{"line":83,"column":4},"end":{"line":83,"column":72}},"42":{"start":{"line":83,"column":15},"end":{"line":83,"column":72}},"43":{"start":{"line":85,"column":103},"end":{"line":85,"column":111}},"44":{"start":{"line":87,"column":4},"end":{"line":87,"column":45}},"45":{"start":{"line":87,"column":28},"end":{"line":87,"column":45}},"46":{"start":{"line":88,"column":4},"end":{"line":88,"column":51}},"47":{"start":{"line":88,"column":30},"end":{"line":88,"column":51}},"48":{"start":{"line":89,"column":4},"end":{"line":89,"column":69}},"49":{"start":{"line":89,"column":36},"end":{"line":89,"column":69}},"50":{"start":{"line":91,"column":4},"end":{"line":91,"column":90}},"51":{"start":{"line":91,"column":43},"end":{"line":91,"column":90}},"52":{"start":{"line":92,"column":4},"end":{"line":92,"column":54}},"53":{"start":{"line":92,"column":31},"end":{"line":92,"column":54}},"54":{"start":{"line":93,"column":4},"end":{"line":93,"column":63}},"55":{"start":{"line":93,"column":34},"end":{"line":93,"column":63}},"56":{"start":{"line":94,"column":4},"end":{"line":94,"column":51}},"57":{"start":{"line":94,"column":30},"end":{"line":94,"column":51}},"58":{"start":{"line":95,"column":4},"end":{"line":95,"column":57}},"59":{"start":{"line":95,"column":32},"end":{"line":95,"column":57}},"60":{"start":{"line":97,"column":4},"end":{"line":97,"column":22}},"61":{"start":{"line":99,"column":4},"end":{"line":114,"column":7}},"62":{"start":{"line":116,"column":4},"end":{"line":116,"column":52}},"63":{"start":{"line":121,"column":0},"end":{"line":160,"column":3}},"64":{"start":{"line":122,"column":2},"end":{"line":159,"column":5}},"65":{"start":{"line":123,"column":4},"end":{"line":125,"column":5}},"66":{"start":{"line":124,"column":6},"end":{"line":124,"column":58}},"67":{"start":{"line":126,"column":4},"end":{"line":128,"column":5}},"68":{"start":{"line":127,"column":6},"end":{"line":127,"column":76}},"69":{"start":{"line":130,"column":4},"end":{"line":158,"column":5}},"70":{"start":{"line":131,"column":19},"end":{"line":131,"column":51}},"71":{"start":{"line":132,"column":6},"end":{"line":132,"column":74}},"72":{"start":{"line":132,"column":17},"end":{"line":132,"column":74}},"73":{"start":{"line":134,"column":6},"end":{"line":134,"column":58}},"74":{"start":{"line":135,"column":6},"end":{"line":135,"column":24}},"75":{"start":{"line":137,"column":6},"end":{"line":137,"column":107}},"76":{"start":{"line":139,"column":6},"end":{"line":155,"column":9}},"77":{"start":{"line":157,"column":6},"end":{"line":157,"column":75}},"78":{"start":{"line":163,"column":0},"end":{"line":188,"column":3}},"79":{"start":{"line":164,"column":43},"end":{"line":164,"column":51}},"80":{"start":{"line":165,"column":2},"end":{"line":167,"column":3}},"81":{"start":{"line":166,"column":4},"end":{"line":166,"column":93}},"82":{"start":{"line":169,"column":2},"end":{"line":187,"column":3}},"83":{"start":{"line":170,"column":17},"end":{"line":170,"column":49}},"84":{"start":{"line":171,"column":4},"end":{"line":171,"column":72}},"85":{"start":{"line":171,"column":15},"end":{"line":171,"column":72}},"86":{"start":{"line":173,"column":20},"end":{"line":173,"column":70}},"87":{"start":{"line":174,"column":4},"end":{"line":176,"column":5}},"88":{"start":{"line":175,"column":6},"end":{"line":175,"column":75}},"89":{"start":{"line":178,"column":4},"end":{"line":178,"column":53}},"90":{"start":{"line":179,"column":4},"end":{"line":179,"column":28}},"91":{"start":{"line":180,"column":4},"end":{"line":180,"column":22}},"92":{"start":{"line":182,"column":4},"end":{"line":182,"column":109}},"93":{"start":{"line":184,"column":4},"end":{"line":184,"column":59}},"94":{"start":{"line":186,"column":4},"end":{"line":186,"column":52}},"95":{"start":{"line":191,"column":0},"end":{"line":209,"column":3}},"96":{"start":{"line":192,"column":2},"end":{"line":208,"column":3}},"97":{"start":{"line":193,"column":25},"end":{"line":193,"column":83}},"98":{"start":{"line":194,"column":23},"end":{"line":194,"column":51}},"99":{"start":{"line":194,"column":45},"end":{"line":194,"column":50}},"100":{"start":{"line":196,"column":23},"end":{"line":203,"column":16}},"101":{"start":{"line":205,"column":4},"end":{"line":205,"column":29}},"102":{"start":{"line":207,"column":4},"end":{"line":207,"column":74}},"103":{"start":{"line":211,"column":0},"end":{"line":211,"column":24}}},"fnMap":{"0":{"name":"(anonymous_0)","decl":{"start":{"line":22,"column":15},"end":{"line":22,"column":16}},"loc":{"start":{"line":22,"column":34},"end":{"line":22,"column":53}},"line":22},"1":{"name":"(anonymous_1)","decl":{"start":{"line":23,"column":12},"end":{"line":23,"column":13}},"loc":{"start":{"line":23,"column":31},"end":{"line":25,"column":3}},"line":23},"2":{"name":"(anonymous_2)","decl":{"start":{"line":31,"column":14},"end":{"line":31,"column":15}},"loc":{"start":{"line":31,"column":33},"end":{"line":39,"column":3}},"line":31},"3":{"name":"(anonymous_3)","decl":{"start":{"line":43,"column":16},"end":{"line":43,"column":17}},"loc":{"start":{"line":43,"column":36},"end":{"line":50,"column":1}},"line":43},"4":{"name":"(anonymous_4)","decl":{"start":{"line":46,"column":32},"end":{"line":46,"column":33}},"loc":{"start":{"line":46,"column":38},"end":{"line":46,"column":125}},"line":46},"5":{"name":"(anonymous_5)","decl":{"start":{"line":53,"column":18},"end":{"line":53,"column":19}},"loc":{"start":{"line":53,"column":38},"end":{"line":77,"column":1}},"line":53},"6":{"name":"(anonymous_6)","decl":{"start":{"line":80,"column":20},"end":{"line":80,"column":21}},"loc":{"start":{"line":80,"column":40},"end":{"line":118,"column":1}},"line":80},"7":{"name":"(anonymous_7)","decl":{"start":{"line":121,"column":26},"end":{"line":121,"column":27}},"loc":{"start":{"line":121,"column":40},"end":{"line":160,"column":1}},"line":121},"8":{"name":"(anonymous_8)","decl":{"start":{"line":122,"column":36},"end":{"line":122,"column":37}},"loc":{"start":{"line":122,"column":51},"end":{"line":159,"column":3}},"line":122},"9":{"name":"(anonymous_9)","decl":{"start":{"line":163,"column":35},"end":{"line":163,"column":36}},"loc":{"start":{"line":163,"column":55},"end":{"line":188,"column":1}},"line":163},"10":{"name":"(anonymous_10)","decl":{"start":{"line":191,"column":27},"end":{"line":191,"column":28}},"loc":{"start":{"line":191,"column":47},"end":{"line":209,"column":1}},"line":191},"11":{"name":"(anonymous_11)","decl":{"start":{"line":194,"column":40},"end":{"line":194,"column":41}},"loc":{"start":{"line":194,"column":45},"end":{"line":194,"column":50}},"line":194}},"branchMap":{"0":{"loc":{"start":{"line":17,"column":0},"end":{"line":19,"column":1}},"type":"if","locations":[{"start":{"line":17,"column":0},"end":{"line":19,"column":1}},{"start":{},"end":{}}],"line":17},"1":{"loc":{"start":{"line":35,"column":4},"end":{"line":37,"column":5}},"type":"if","locations":[{"start":{"line":35,"column":4},"end":{"line":37,"column":5}},{"start":{},"end":{}}],"line":35},"2":{"loc":{"start":{"line":35,"column":8},"end":{"line":35,"column":27}},"type":"binary-expr","locations":[{"start":{"line":35,"column":8},"end":{"line":35,"column":16}},{"start":{"line":35,"column":20},"end":{"line":35,"column":27}}],"line":35},"3":{"loc":{"start":{"line":56,"column":4},"end":{"line":56,"column":72}},"type":"if","locations":[{"start":{"line":56,"column":4},"end":{"line":56,"column":72}},{"start":{},"end":{}}],"line":56},"4":{"loc":{"start":{"line":83,"column":4},"end":{"line":83,"column":72}},"type":"if","locations":[{"start":{"line":83,"column":4},"end":{"line":83,"column":72}},{"start":{},"end":{}}],"line":83},"5":{"loc":{"start":{"line":87,"column":4},"end":{"line":87,"column":45}},"type":"if","locations":[{"start":{"line":87,"column":4},"end":{"line":87,"column":45}},{"start":{},"end":{}}],"line":87},"6":{"loc":{"start":{"line":88,"column":4},"end":{"line":88,"column":51}},"type":"if","locations":[{"start":{"line":88,"column":4},"end":{"line":88,"column":51}},{"start":{},"end":{}}],"line":88},"7":{"loc":{"start":{"line":89,"column":4},"end":{"line":89,"column":69}},"type":"if","locations":[{"start":{"line":89,"column":4},"end":{"line":89,"column":69}},{"start":{},"end":{}}],"line":89},"8":{"loc":{"start":{"line":91,"column":4},"end":{"line":91,"column":90}},"type":"if","locations":[{"start":{"line":91,"column":4},"end":{"line":91,"column":90}},{"start":{},"end":{}}],"line":91},"9":{"loc":{"start":{"line":92,"column":4},"end":{"line":92,"column":54}},"type":"if","locations":[{"start":{"line":92,"column":4},"end":{"line":92,"column":54}},{"start":{},"end":{}}],"line":92},"10":{"loc":{"start":{"line":93,"column":4},"end":{"line":93,"column":63}},"type":"if","locations":[{"start":{"line":93,"column":4},"end":{"line":93,"column":63}},{"start":{},"end":{}}],"line":93},"11":{"loc":{"start":{"line":94,"column":4},"end":{"line":94,"column":51}},"type":"if","locations":[{"start":{"line":94,"column":4},"end":{"line":94,"column":51}},{"start":{},"end":{}}],"line":94},"12":{"loc":{"start":{"line":95,"column":4},"end":{"line":95,"column":57}},"type":"if","locations":[{"start":{"line":95,"column":4},"end":{"line":95,"column":57}},{"start":{},"end":{}}],"line":95},"13":{"loc":{"start":{"line":123,"column":4},"end":{"line":125,"column":5}},"type":"if","locations":[{"start":{"line":123,"column":4},"end":{"line":125,"column":5}},{"start":{},"end":{}}],"line":123},"14":{"loc":{"start":{"line":126,"column":4},"end":{"line":128,"column":5}},"type":"if","locations":[{"start":{"line":126,"column":4},"end":{"line":128,"column":5}},{"start":{},"end":{}}],"line":126},"15":{"loc":{"start":{"line":132,"column":6},"end":{"line":132,"column":74}},"type":"if","locations":[{"start":{"line":132,"column":6},"end":{"line":132,"column":74}},{"start":{},"end":{}}],"line":132},"16":{"loc":{"start":{"line":165,"column":2},"end":{"line":167,"column":3}},"type":"if","locations":[{"start":{"line":165,"column":2},"end":{"line":167,"column":3}},{"start":{},"end":{}}],"line":165},"17":{"loc":{"start":{"line":165,"column":6},"end":{"line":165,"column":38}},"type":"binary-expr","locations":[{"start":{"line":165,"column":6},"end":{"line":165,"column":22}},{"start":{"line":165,"column":26},"end":{"line":165,"column":38}}],"line":165},"18":{"loc":{"start":{"line":171,"column":4},"end":{"line":171,"column":72}},"type":"if","locations":[{"start":{"line":171,"column":4},"end":{"line":171,"column":72}},{"start":{},"end":{}}],"line":171},"19":{"loc":{"start":{"line":174,"column":4},"end":{"line":176,"column":5}},"type":"if","locations":[{"start":{"line":174,"column":4},"end":{"line":176,"column":5}},{"start":{},"end":{}}],"line":174}},"s":{"0":2,"1":2,"2":2,"3":2,"4":2,"5":2,"6":2,"7":2,"8":2,"9":2,"10":2,"11":2,"12":2,"13":2,"14":0,"15":2,"16":0,"17":0,"18":2,"19":0,"20":0,"21":0,"22":0,"23":0,"24":0,"25":2,"26":0,"27":0,"28":0,"29":0,"30":0,"31":2,"32":0,"33":0,"34":0,"35":0,"36":0,"37":0,"38":2,"39":0,"40":0,"41":0,"42":0,"43":0,"44":0,"45":0,"46":0,"47":0,"48":0,"49":0,"50":0,"51":0,"52":0,"53":0,"54":0,"55":0,"56":0,"57":0,"58":0,"59":0,"60":0,"61":0,"62":0,"63":2,"64":0,"65":0,"66":0,"67":0,"68":0,"69":0,"70":0,"71":0,"72":0,"73":0,"74":0,"75":0,"76":0,"77":0,"78":2,"79":0,"80":0,"81":0,"82":0,"83":0,"84":0,"85":0,"86":0,"87":0,"88":0,"89":0,"90":0,"91":0,"92":0,"93":0,"94":0,"95":2,"96":0,"97":0,"98":0,"99":0,"100":0,"101":0,"102":0,"103":2},"f":{"0":0,"1":0,"2":0,"3":0,"4":0,"5":0,"6":0,"7":0,"8":0,"9":0,"10":0,"11":0},"b":{"0":[0,2],"1":[0,0],"2":[0,0],"3":[0,0],"4":[0,0],"5":[0,0],"6":[0,0],"7":[0,0],"8":[0,0],"9":[0,0],"10":[0,0],"11":[0,0],"12":[0,0],"13":[0,0],"14":[0,0],"15":[0,0],"16":[0,0],"17":[0,0],"18":[0,0],"19":[0,0]},"_coverageSchema":"1a1c01bbd47fc00a2c39e90264f33305004495a9","hash":"4b3405c7a059accdd50658109d3bc5c531934050"}
,"C:\\Users\\anshu\\OneDrive\\Desktop\\team task manager\\backend\\src\\utils\\activity.js": {"path":"C:\\Users\\anshu\\OneDrive\\Desktop\\team task manager\\backend\\src\\utils\\activity.js","statementMap":{"0":{"start":{"line":1,"column":17},"end":{"line":1,"column":46}},"1":{"start":{"line":2,"column":13},"end":{"line":2,"column":38}},"2":{"start":{"line":5,"column":2},"end":{"line":21,"column":3}},"3":{"start":{"line":6,"column":17},"end":{"line":6,"column":44}},"4":{"start":{"line":7,"column":4},"end":{"line":7,"column":22}},"5":{"start":{"line":7,"column":15},"end":{"line":7,"column":22}},"6":{"start":{"line":9,"column":4},"end":{"line":18,"column":7}},"7":{"start":{"line":20,"column":4},"end":{"line":20,"column":52}},"8":{"start":{"line":24,"column":0},"end":{"line":24,"column":29}}},"fnMap":{"0":{"name":"logActivity","decl":{"start":{"line":4,"column":15},"end":{"line":4,"column":26}},"loc":{"start":{"line":4,"column":109},"end":{"line":22,"column":1}},"line":4}},"branchMap":{"0":{"loc":{"start":{"line":4,"column":77},"end":{"line":4,"column":93}},"type":"default-arg","locations":[{"start":{"line":4,"column":89},"end":{"line":4,"column":93}}],"line":4},"1":{"loc":{"start":{"line":4,"column":95},"end":{"line":4,"column":107}},"type":"default-arg","locations":[{"start":{"line":4,"column":105},"end":{"line":4,"column":107}}],"line":4},"2":{"loc":{"start":{"line":7,"column":4},"end":{"line":7,"column":22}},"type":"if","locations":[{"start":{"line":7,"column":4},"end":{"line":7,"column":22}},{"start":{},"end":{}}],"line":7}},"s":{"0":2,"1":2,"2":0,"3":0,"4":0,"5":0,"6":0,"7":0,"8":2},"f":{"0":0},"b":{"0":[0],"1":[0],"2":[0,0]},"_coverageSchema":"1a1c01bbd47fc00a2c39e90264f33305004495a9","hash":"f9f28890331638163e4bf4f4fbea0186819517fd"}
,"C:\\Users\\anshu\\OneDrive\\Desktop\\team task manager\\backend\\src\\utils\\validate.js": {"path":"C:\\Users\\anshu\\OneDrive\\Desktop\\team task manager\\backend\\src\\utils\\validate.js","statementMap":{"0":{"start":{"line":1,"column":12},"end":{"line":1,"column":26}},"1":{"start":{"line":3,"column":21},"end":{"line":11,"column":2}},"2":{"start":{"line":13,"column":20},"end":{"line":16,"column":2}},"3":{"start":{"line":18,"column":29},"end":{"line":20,"column":2}},"4":{"start":{"line":22,"column":28},"end":{"line":25,"column":2}},"5":{"start":{"line":27,"column":22},"end":{"line":30,"column":2}},"6":{"start":{"line":32,"column":21},"end":{"line":34,"column":2}},"7":{"start":{"line":36,"column":19},"end":{"line":44,"column":2}},"8":{"start":{"line":46,"column":0},"end":{"line":54,"column":2}}},"fnMap":{},"branchMap":{},"s":{"0":2,"1":2,"2":2,"3":2,"4":2,"5":2,"6":2,"7":2,"8":2},"f":{},"b":{},"_coverageSchema":"1a1c01bbd47fc00a2c39e90264f33305004495a9","hash":"d238bf0c0584b46ace2bff68f5634bbc91c9ae78"}
}
