TN:
SF:src\app.js
FN:35,(anonymous_0)
FNF:1
FNH:1
FNDA:1,(anonymous_0)
DA:1,2
DA:2,0
DA:4,2
DA:5,2
DA:6,2
DA:7,2
DA:8,2
DA:9,2
DA:10,2
DA:12,2
DA:13,2
DA:15,2
DA:16,2
DA:17,2
DA:18,2
DA:20,2
DA:22,2
DA:23,2
DA:24,2
DA:25,2
DA:27,2
DA:33,2
DA:35,2
DA:36,1
DA:38,2
DA:39,2
DA:40,2
DA:41,2
DA:44,2
DA:45,2
DA:47,2
LF:31
LH:30
BRDA:1,0,0,0
BRDA:1,0,1,2
BRF:2
BRH:1
end_of_record
TN:
SF:src\db.js
FN:18,(anonymous_0)
FN:19,(anonymous_1)
FN:22,initialize
FN:23,(anonymous_3)
FNF:4
FNH:0
FNDA:0,(anonymous_0)
FNDA:0,(anonymous_1)
FNDA:0,initialize
FNDA:0,(anonymous_3)
DA:1,1
DA:2,1
DA:3,1
DA:5,1
DA:6,1
DA:7,1
DA:9,1
DA:10,1
DA:11,1
DA:16,1
DA:18,0
DA:19,0
DA:23,0
DA:24,0
DA:32,0
DA:36,1
LF:16
LH:11
BRDA:5,0,0,1
BRDA:5,0,1,1
BRDA:6,1,0,1
BRDA:6,1,1,0
BRDA:23,2,0,0
BRDA:23,2,1,0
BRF:6
BRH:3
end_of_record
TN:
SF:src\config\db.js
FN:6,(anonymous_0)
FNF:1
FNH:1
FNDA:2,(anonymous_0)
DA:1,2
DA:2,0
DA:4,2
DA:6,2
DA:7,2
DA:8,2
DA:9,2
DA:11,0
DA:12,0
DA:16,2
LF:10
LH:7
BRDA:1,0,0,0
BRDA:1,0,1,2
BRDA:8,1,0,2
BRDA:8,1,1,2
BRF:4
BRH:3
end_of_record
TN:
SF:src\middleware\auth.js
FN:3,authenticate
FNF:1
FNH:1
FNDA:1,authenticate
DA:1,2
DA:4,1
DA:5,1
DA:6,1
DA:8,1
DA:9,1
DA:10,1
DA:11,1
DA:13,0
DA:17,2
LF:10
LH:9
BRDA:4,0,0,1
BRDA:4,0,1,0
BRDA:5,1,0,1
BRDA:5,1,1,0
BRDA:6,2,0,0
BRDA:6,2,1,1
BRDA:9,3,0,1
BRDA:9,3,1,1
BRF:8
BRH:5
end_of_record
TN:
SF:src\middleware\roles.js
FN:1,requireAdmin
FN:8,requireRole
FN:9,(anonymous_2)
FNF:3
FNH:0
FNDA:0,requireAdmin
FNDA:0,requireRole
FNDA:0,(anonymous_2)
DA:2,0
DA:3,0
DA:5,0
DA:9,0
DA:10,0
DA:11,0
DA:12,0
DA:16,2
LF:8
LH:1
BRDA:2,0,0,0
BRDA:2,0,1,0
BRDA:10,1,0,0
BRDA:10,1,1,0
BRDA:11,2,0,0
BRDA:11,2,1,0
BRF:6
BRH:0
end_of_record
TN:
SF:src\models\Activity.js
FNF:0
FNH:0
DA:1,2
DA:3,2
DA:14,2
LF:3
LH:3
BRF:0
BRH:0
end_of_record
TN:
SF:src\models\Attachment.js
FNF:0
FNH:0
DA:1,2
DA:3,2
DA:11,2
LF:3
LH:3
BRF:0
BRH:0
end_of_record
TN:
SF:src\models\Comment.js
FNF:0
FNH:0
DA:1,2
DA:3,2
DA:9,2
LF:3
LH:3
BRF:0
BRH:0
end_of_record
TN:
SF:src\models\Project.js
FNF:0
FNH:0
DA:1,2
DA:3,2
DA:11,2
LF:3
LH:3
BRF:0
BRH:0
end_of_record
TN:
SF:src\models\Subtask.js
FNF:0
FNH:0
DA:1,2
DA:3,2
DA:11,2
LF:3
LH:3
BRF:0
BRH:0
end_of_record
TN:
SF:src\models\Task.js
FNF:0
FNH:0
DA:1,2
DA:3,2
DA:16,2
LF:3
LH:3
BRF:0
BRH:0
end_of_record
TN:
SF:src\models\User.js
FNF:0
FNH:0
DA:1,2
DA:3,2
DA:24,2
LF:3
LH:3
BRF:0
BRH:0
end_of_record
TN:
SF:src\routes\auth.js
FN:12,(anonymous_0)
FN:41,(anonymous_1)
FN:48,(anonymous_2)
FN:81,(anonymous_3)
FN:106,(anonymous_4)
FN:131,(anonymous_5)
FN:156,(anonymous_6)
FN:171,(anonymous_7)
FN:192,(anonymous_8)
FNF:9
FNH:5
FNDA:2,(anonymous_0)
FNDA:1,(anonymous_1)
FNDA:1,(anonymous_2)
FNDA:1,(anonymous_3)
FNDA:0,(anonymous_4)
FNDA:0,(anonymous_5)
FNDA:0,(anonymous_6)
FNDA:0,(anonymous_7)
FNDA:1,(anonymous_8)
DA:1,2
DA:2,2
DA:3,2
DA:4,2
DA:5,2
DA:6,2
DA:7,2
DA:9,2
DA:12,2
DA:13,2
DA:22,2
DA:25,2
DA:26,2
DA:29,2
DA:32,2
DA:33,0
DA:35,2
DA:36,2
DA:38,2
DA:41,2
DA:42,1
DA:43,1
DA:44,1
DA:45,1
DA:48,2
DA:49,1
DA:50,1
DA:52,1
DA:53,1
DA:54,1
DA:56,1
DA:57,1
DA:59,1
DA:67,1
DA:68,1
DA:81,2
DA:82,1
DA:83,1
DA:85,1
DA:86,1
DA:87,1
DA:89,1
DA:90,1
DA:92,1
DA:93,1
DA:106,2
DA:107,0
DA:108,0
DA:110,0
DA:111,0
DA:112,0
DA:114,0
DA:115,0
DA:118,0
DA:119,0
DA:121,0
DA:122,0
DA:123,0
DA:125,0
DA:131,2
DA:132,0
DA:133,0
DA:135,0
DA:136,0
DA:141,0
DA:142,0
DA:145,0
DA:146,0
DA:147,0
DA:150,0
DA:151,0
DA:153,0
DA:156,2
DA:157,0
DA:158,0
DA:159,0
DA:162,0
DA:163,0
DA:164,0
DA:166,0
DA:167,0
DA:171,0
DA:174,0
DA:176,0
DA:188,0
DA:192,2
DA:193,1
DA:194,1
DA:195,1
DA:196,1
DA:198,0
DA:202,2
LF:92
LH:53
BRDA:22,0,0,2
BRDA:22,0,1,2
BRDA:29,1,0,2
BRDA:29,1,1,0
BRDA:32,2,0,0
BRDA:32,2,1,2
BRDA:43,3,0,0
BRDA:43,3,1,1
BRDA:50,4,0,0
BRDA:50,4,1,1
BRDA:54,5,0,0
BRDA:54,5,1,1
BRDA:57,6,0,1
BRDA:57,6,1,0
BRDA:83,7,0,0
BRDA:83,7,1,1
BRDA:87,8,0,0
BRDA:87,8,1,1
BRDA:90,9,0,0
BRDA:90,9,1,1
BRDA:108,10,0,0
BRDA:108,10,1,0
BRDA:114,11,0,0
BRDA:114,11,1,0
BRDA:133,12,0,0
BRDA:133,12,1,0
BRDA:141,13,0,0
BRDA:141,13,1,0
BRDA:158,14,0,0
BRDA:158,14,1,0
BRDA:166,15,0,0
BRDA:166,15,1,0
BRDA:195,16,0,0
BRDA:195,16,1,1
BRF:34
BRH:12
end_of_record
TN:
SF:src\routes\projects.js
FN:13,(anonymous_0)
FN:19,(anonymous_1)
FN:42,(anonymous_2)
FN:62,(anonymous_3)
FN:94,(anonymous_4)
FN:106,(anonymous_5)
FN:125,(anonymous_6)
FN:146,(anonymous_7)
FNF:8
FNH:0
FNDA:0,(anonymous_0)
FNDA:0,(anonymous_1)
FNDA:0,(anonymous_2)
FNDA:0,(anonymous_3)
FNDA:0,(anonymous_4)
FNDA:0,(anonymous_5)
FNDA:0,(anonymous_6)
FNDA:0,(anonymous_7)
DA:1,2
DA:2,2
DA:3,2
DA:4,2
DA:5,2
DA:6,2
DA:7,2
DA:8,2
DA:10,2
DA:11,2
DA:13,2
DA:14,0
DA:15,0
DA:19,0
DA:20,0
DA:21,0
DA:23,0
DA:36,0
DA:38,0
DA:42,2
DA:43,0
DA:44,0
DA:46,0
DA:47,0
DA:54,0
DA:56,0
DA:58,0
DA:62,2
DA:63,0
DA:64,0
DA:66,0
DA:67,0
DA:68,0
DA:70,0
DA:71,0
DA:73,0
DA:74,0
DA:75,0
DA:77,0
DA:88,0
DA:90,0
DA:94,2
DA:95,0
DA:96,0
DA:97,0
DA:99,0
DA:100,0
DA:103,0
DA:104,0
DA:106,0
DA:107,0
DA:109,0
DA:119,0
DA:121,0
DA:125,2
DA:126,0
DA:127,0
DA:131,0
DA:133,0
DA:134,0
DA:136,0
DA:146,0
DA:149,0
DA:153,2
LF:64
LH:16
BRDA:44,0,0,0
BRDA:44,0,1,0
BRDA:49,1,0,0
BRDA:49,1,1,0
BRDA:64,2,0,0
BRDA:64,2,1,0
BRDA:68,3,0,0
BRDA:68,3,1,0
BRDA:71,4,0,0
BRDA:71,4,1,0
BRDA:73,5,0,0
BRDA:73,5,1,0
BRDA:97,6,0,0
BRDA:97,6,1,0
BRDA:99,7,0,0
BRDA:99,7,1,0
BRDA:104,8,0,0
BRDA:104,8,1,0
BRDA:131,9,0,0
BRDA:131,9,1,0
BRF:20
BRH:0
end_of_record
TN:
SF:src\routes\tasks.js
FN:19,(anonymous_0)
FN:28,(anonymous_1)
FN:29,(anonymous_2)
FN:34,isProjectMember
FN:43,(anonymous_4)
FN:47,(anonymous_5)
FN:61,(anonymous_6)
FN:84,(anonymous_7)
FN:87,(anonymous_8)
FN:88,(anonymous_9)
FN:97,(anonymous_10)
FN:98,(anonymous_11)
FN:99,(anonymous_12)
FN:100,(anonymous_13)
FN:104,(anonymous_14)
FN:112,(anonymous_15)
FN:114,(anonymous_16)
FN:133,(anonymous_17)
FN:135,(anonymous_18)
FN:144,(anonymous_19)
FN:156,(anonymous_20)
FN:175,(anonymous_21)
FN:193,(anonymous_22)
FN:228,(anonymous_23)
FN:277,(anonymous_24)
FN:315,(anonymous_25)
FN:339,(anonymous_26)
FN:361,(anonymous_27)
FN:368,(anonymous_28)
FN:374,(anonymous_29)
FN:400,(anonymous_30)
FN:422,(anonymous_31)
FN:437,(anonymous_32)
FN:452,(anonymous_33)
FN:479,(anonymous_34)
FN:501,(anonymous_35)
FN:508,(anonymous_36)
FN:514,(anonymous_37)
FN:542,(anonymous_38)
FN:549,(anonymous_39)
FNF:40
FNH:0
FNDA:0,(anonymous_0)
FNDA:0,(anonymous_1)
FNDA:0,(anonymous_2)
FNDA:0,isProjectMember
FNDA:0,(anonymous_4)
FNDA:0,(anonymous_5)
FNDA:0,(anonymous_6)
FNDA:0,(anonymous_7)
FNDA:0,(anonymous_8)
FNDA:0,(anonymous_9)
FNDA:0,(anonymous_10)
FNDA:0,(anonymous_11)
FNDA:0,(anonymous_12)
FNDA:0,(anonymous_13)
FNDA:0,(anonymous_14)
FNDA:0,(anonymous_15)
FNDA:0,(anonymous_16)
FNDA:0,(anonymous_17)
FNDA:0,(anonymous_18)
FNDA:0,(anonymous_19)
FNDA:0,(anonymous_20)
FNDA:0,(anonymous_21)
FNDA:0,(anonymous_22)
FNDA:0,(anonymous_23)
FNDA:0,(anonymous_24)
FNDA:0,(anonymous_25)
FNDA:0,(anonymous_26)
FNDA:0,(anonymous_27)
FNDA:0,(anonymous_28)
FNDA:0,(anonymous_29)
FNDA:0,(anonymous_30)
FNDA:0,(anonymous_31)
FNDA:0,(anonymous_32)
FNDA:0,(anonymous_33)
FNDA:0,(anonymous_34)
FNDA:0,(anonymous_35)
FNDA:0,(anonymous_36)
FNDA:0,(anonymous_37)
FNDA:0,(anonymous_38)
FNDA:0,(anonymous_39)
DA:1,2
DA:2,2
DA:3,2
DA:4,2
DA:6,2
DA:7,2
DA:8,2
DA:9,2
DA:10,2
DA:11,2
DA:13,2
DA:14,2
DA:15,2
DA:17,2
DA:18,2
DA:19,2
DA:20,2
DA:22,2
DA:23,2
DA:24,0
DA:27,2
DA:28,0
DA:29,0
DA:31,2
DA:35,0
DA:36,0
DA:37,0
DA:39,0
DA:43,2
DA:44,0
DA:46,0
DA:47,0
DA:50,0
DA:61,0
DA:78,0
DA:80,0
DA:84,2
DA:85,0
DA:86,0
DA:87,0
DA:88,0
DA:90,0
DA:94,0
DA:95,0
DA:97,0
DA:98,0
DA:99,0
DA:100,0
DA:103,0
DA:104,0
DA:105,0
DA:106,0
DA:107,0
DA:108,0
DA:111,0
DA:112,0
DA:114,0
DA:126,0
DA:127,0
DA:128,0
DA:129,0
DA:130,0
DA:131,0
DA:133,0
DA:135,0
DA:138,0
DA:140,0
DA:144,2
DA:145,0
DA:146,0
DA:147,0
DA:148,0
DA:151,0
DA:156,0
DA:169,0
DA:171,0
DA:175,2
DA:176,0
DA:177,0
DA:178,0
DA:179,0
DA:182,0
DA:183,0
DA:185,0
DA:186,0
DA:187,0
DA:188,0
DA:189,0
DA:192,0
DA:193,0
DA:195,0
DA:207,0
DA:220,0
DA:222,0
DA:224,0
DA:228,2
DA:229,0
DA:230,0
DA:231,0
DA:232,0
DA:234,0
DA:235,0
DA:238,0
DA:239,0
DA:241,0
DA:242,0
DA:243,0
DA:244,0
DA:247,0
DA:248,0
DA:251,0
DA:252,0
DA:255,0
DA:256,0
DA:257,0
DA:258,0
DA:260,0
DA:262,0
DA:264,0
DA:265,0
DA:266,0
DA:267,0
DA:268,0
DA:270,0
DA:271,0
DA:273,0
DA:277,2
DA:278,0
DA:279,0
DA:281,0
DA:283,0
DA:285,0
DA:287,0
DA:288,0
DA:289,0
DA:290,0
DA:291,0
DA:293,0
DA:294,0
DA:304,0
DA:305,0
DA:308,0
DA:309,0
DA:311,0
DA:315,2
DA:316,0
DA:317,0
DA:318,0
DA:319,0
DA:321,0
DA:335,0
DA:339,2
DA:340,0
DA:341,0
DA:342,0
DA:343,0
DA:344,0
DA:346,0
DA:348,0
DA:350,0
DA:351,0
DA:353,0
DA:354,0
DA:356,0
DA:361,2
DA:362,0
DA:363,0
DA:364,0
DA:365,0
DA:367,0
DA:368,0
DA:370,0
DA:374,2
DA:375,0
DA:376,0
DA:377,0
DA:378,0
DA:380,0
DA:381,0
DA:383,0
DA:384,0
DA:390,0
DA:392,0
DA:394,0
DA:396,0
DA:400,2
DA:401,0
DA:402,0
DA:403,0
DA:404,0
DA:406,0
DA:407,0
DA:409,0
DA:411,0
DA:413,0
DA:414,0
DA:416,0
DA:418,0
DA:422,2
DA:423,0
DA:424,0
DA:425,0
DA:426,0
DA:428,0
DA:429,0
DA:430,0
DA:432,0
DA:437,2
DA:438,0
DA:439,0
DA:440,0
DA:441,0
DA:443,0
DA:446,0
DA:448,0
DA:452,2
DA:453,0
DA:454,0
DA:455,0
DA:456,0
DA:458,0
DA:459,0
DA:461,0
DA:467,0
DA:469,0
DA:471,0
DA:473,0
DA:475,0
DA:479,2
DA:480,0
DA:481,0
DA:482,0
DA:484,0
DA:485,0
DA:488,0
DA:490,0
DA:492,0
DA:494,0
DA:496,0
DA:501,2
DA:502,0
DA:503,0
DA:504,0
DA:505,0
DA:507,0
DA:508,0
DA:510,0
DA:514,2
DA:515,0
DA:516,0
DA:517,0
DA:518,0
DA:520,0
DA:522,0
DA:523,0
DA:530,0
DA:532,0
DA:534,0
DA:536,0
DA:538,0
DA:542,2
DA:543,0
DA:544,0
DA:545,0
DA:546,0
DA:548,0
DA:549,0
DA:550,0
DA:553,0
DA:555,0
DA:557,0
DA:559,0
DA:561,0
DA:565,2
LF:274
LH:40
BRDA:23,0,0,0
BRDA:23,0,1,2
BRDA:65,1,0,0
BRDA:65,1,1,0
BRDA:67,2,0,0
BRDA:67,2,1,0
BRDA:69,3,0,0
BRDA:69,3,1,0
BRDA:70,4,0,0
BRDA:70,4,1,0
BRDA:71,5,0,0
BRDA:71,5,1,0
BRDA:72,6,0,0
BRDA:72,6,1,0
BRDA:73,7,0,0
BRDA:73,7,1,0
BRDA:74,8,0,0
BRDA:74,8,1,0
BRDA:74,8,2,0
BRDA:75,9,0,0
BRDA:75,9,1,0
BRDA:100,10,0,0
BRDA:100,10,1,0
BRDA:100,10,2,0
BRDA:105,11,0,0
BRDA:105,11,1,0
BRDA:106,12,0,0
BRDA:106,12,1,0
BRDA:108,13,0,0
BRDA:108,13,1,0
BRDA:118,14,0,0
BRDA:118,14,1,0
BRDA:120,15,0,0
BRDA:120,15,1,0
BRDA:121,16,0,0
BRDA:121,16,1,0
BRDA:122,17,0,0
BRDA:122,17,1,0
BRDA:122,17,2,0
BRDA:147,18,0,0
BRDA:147,18,1,0
BRDA:161,19,0,0
BRDA:161,19,1,0
BRDA:163,20,0,0
BRDA:163,20,1,0
BRDA:164,21,0,0
BRDA:164,21,1,0
BRDA:166,22,0,0
BRDA:166,22,1,0
BRDA:178,23,0,0
BRDA:178,23,1,0
BRDA:183,24,0,0
BRDA:183,24,1,0
BRDA:186,25,0,0
BRDA:186,25,1,0
BRDA:188,26,0,0
BRDA:188,26,1,0
BRDA:192,27,0,0
BRDA:192,27,1,0
BRDA:193,28,0,0
BRDA:193,28,1,0
BRDA:193,29,0,0
BRDA:193,29,1,0
BRDA:198,30,0,0
BRDA:198,30,1,0
BRDA:200,31,0,0
BRDA:200,31,1,0
BRDA:202,32,0,0
BRDA:202,32,1,0
BRDA:203,33,0,0
BRDA:203,33,1,0
BRDA:204,34,0,0
BRDA:204,34,1,0
BRDA:207,35,0,0
BRDA:207,35,1,0
BRDA:232,36,0,0
BRDA:232,36,1,0
BRDA:234,37,0,0
BRDA:234,37,1,0
BRDA:241,38,0,0
BRDA:241,38,1,0
BRDA:243,39,0,0
BRDA:243,39,1,0
BRDA:247,40,0,0
BRDA:247,40,1,0
BRDA:247,41,0,0
BRDA:247,41,1,0
BRDA:251,42,0,0
BRDA:251,42,1,0
BRDA:251,43,0,0
BRDA:251,43,1,0
BRDA:255,44,0,0
BRDA:255,44,1,0
BRDA:256,45,0,0
BRDA:256,45,1,0
BRDA:257,46,0,0
BRDA:257,46,1,0
BRDA:257,47,0,0
BRDA:257,47,1,0
BRDA:258,48,0,0
BRDA:258,48,1,0
BRDA:262,49,0,0
BRDA:262,49,1,0
BRDA:265,50,0,0
BRDA:265,50,1,0
BRDA:265,51,0,0
BRDA:265,51,1,0
BRDA:267,52,0,0
BRDA:267,52,1,0
BRDA:267,53,0,0
BRDA:267,53,1,0
BRDA:279,54,0,0
BRDA:279,54,1,0
BRDA:288,55,0,0
BRDA:288,55,1,0
BRDA:288,56,0,0
BRDA:288,56,1,0
BRDA:290,57,0,0
BRDA:290,57,1,0
BRDA:291,58,0,0
BRDA:291,58,1,0
BRDA:293,59,0,0
BRDA:293,59,1,0
BRDA:304,60,0,0
BRDA:304,60,1,0
BRDA:308,61,0,0
BRDA:308,61,1,0
BRDA:318,62,0,0
BRDA:318,62,1,0
BRDA:319,63,0,0
BRDA:319,63,1,0
BRDA:327,64,0,0
BRDA:327,64,1,0
BRDA:329,65,0,0
BRDA:329,65,1,0
BRDA:331,66,0,0
BRDA:331,66,1,0
BRDA:343,67,0,0
BRDA:343,67,1,0
BRDA:344,68,0,0
BRDA:344,68,1,0
BRDA:353,69,0,0
BRDA:353,69,1,0
BRDA:364,70,0,0
BRDA:364,70,1,0
BRDA:365,71,0,0
BRDA:365,71,1,0
BRDA:377,72,0,0
BRDA:377,72,1,0
BRDA:378,73,0,0
BRDA:378,73,1,0
BRDA:380,74,0,0
BRDA:380,74,1,0
BRDA:381,75,0,0
BRDA:381,75,1,0
BRDA:390,76,0,0
BRDA:390,76,1,0
BRDA:403,77,0,0
BRDA:403,77,1,0
BRDA:404,78,0,0
BRDA:404,78,1,0
BRDA:406,79,0,0
BRDA:406,79,1,0
BRDA:407,80,0,0
BRDA:407,80,1,0
BRDA:411,81,0,0
BRDA:411,81,1,0
BRDA:413,82,0,0
BRDA:413,82,1,0
BRDA:425,83,0,0
BRDA:425,83,1,0
BRDA:426,84,0,0
BRDA:426,84,1,0
BRDA:429,85,0,0
BRDA:429,85,1,0
BRDA:440,86,0,0
BRDA:440,86,1,0
BRDA:441,87,0,0
BRDA:441,87,1,0
BRDA:455,88,0,0
BRDA:455,88,1,0
BRDA:456,89,0,0
BRDA:456,89,1,0
BRDA:458,90,0,0
BRDA:458,90,1,0
BRDA:459,91,0,0
BRDA:459,91,1,0
BRDA:469,92,0,0
BRDA:469,92,1,0
BRDA:471,93,0,0
BRDA:471,93,1,0
BRDA:482,94,0,0
BRDA:482,94,1,0
BRDA:484,95,0,0
BRDA:484,95,1,0
BRDA:490,96,0,0
BRDA:490,96,1,0
BRDA:504,97,0,0
BRDA:504,97,1,0
BRDA:505,98,0,0
BRDA:505,98,1,0
BRDA:517,99,0,0
BRDA:517,99,1,0
BRDA:518,100,0,0
BRDA:518,100,1,0
BRDA:520,101,0,0
BRDA:520,101,1,0
BRDA:532,102,0,0
BRDA:532,102,1,0
BRDA:545,103,0,0
BRDA:545,103,1,0
BRDA:546,104,0,0
BRDA:546,104,1,0
BRDA:550,105,0,0
BRDA:550,105,1,0
BRDA:555,106,0,0
BRDA:555,106,1,0
BRF:217
BRH:1
end_of_record
TN:
SF:src\routes\users.js
FN:22,(anonymous_0)
FN:23,(anonymous_1)
FN:31,(anonymous_2)
FN:43,(anonymous_3)
FN:46,(anonymous_4)
FN:53,(anonymous_5)
FN:80,(anonymous_6)
FN:121,(anonymous_7)
FN:122,(anonymous_8)
FN:163,(anonymous_9)
FN:191,(anonymous_10)
FN:194,(anonymous_11)
FNF:12
FNH:0
FNDA:0,(anonymous_0)
FNDA:0,(anonymous_1)
FNDA:0,(anonymous_2)
FNDA:0,(anonymous_3)
FNDA:0,(anonymous_4)
FNDA:0,(anonymous_5)
FNDA:0,(anonymous_6)
FNDA:0,(anonymous_7)
FNDA:0,(anonymous_8)
FNDA:0,(anonymous_9)
FNDA:0,(anonymous_10)
FNDA:0,(anonymous_11)
DA:1,2
DA:2,2
DA:3,2
DA:4,2
DA:5,2
DA:6,2
DA:7,2
DA:8,2
DA:9,2
DA:10,2
DA:12,2
DA:13,2
DA:16,2
DA:17,2
DA:18,0
DA:21,2
DA:22,0
DA:24,0
DA:28,2
DA:32,0
DA:33,0
DA:34,0
DA:35,0
DA:36,0
DA:38,0
DA:43,2
DA:44,0
DA:45,0
DA:46,0
DA:48,0
DA:53,2
DA:54,0
DA:55,0
DA:56,0
DA:58,0
DA:75,0
DA:80,2
DA:81,0
DA:82,0
DA:83,0
DA:85,0
DA:87,0
DA:88,0
DA:89,0
DA:91,0
DA:92,0
DA:93,0
DA:94,0
DA:95,0
DA:97,0
DA:99,0
DA:116,0
DA:121,2
DA:122,0
DA:123,0
DA:124,0
DA:126,0
DA:127,0
DA:130,0
DA:131,0
DA:132,0
DA:134,0
DA:135,0
DA:137,0
DA:139,0
DA:157,0
DA:163,2
DA:164,0
DA:165,0
DA:166,0
DA:169,0
DA:170,0
DA:171,0
DA:173,0
DA:174,0
DA:175,0
DA:178,0
DA:179,0
DA:180,0
DA:182,0
DA:184,0
DA:186,0
DA:191,2
DA:192,0
DA:193,0
DA:194,0
DA:196,0
DA:205,0
DA:207,0
DA:211,2
LF:90
LH:23
BRDA:17,0,0,0
BRDA:17,0,1,2
BRDA:35,1,0,0
BRDA:35,1,1,0
BRDA:35,2,0,0
BRDA:35,2,1,0
BRDA:56,3,0,0
BRDA:56,3,1,0
BRDA:83,4,0,0
BRDA:83,4,1,0
BRDA:87,5,0,0
BRDA:87,5,1,0
BRDA:88,6,0,0
BRDA:88,6,1,0
BRDA:89,7,0,0
BRDA:89,7,1,0
BRDA:91,8,0,0
BRDA:91,8,1,0
BRDA:92,9,0,0
BRDA:92,9,1,0
BRDA:93,10,0,0
BRDA:93,10,1,0
BRDA:94,11,0,0
BRDA:94,11,1,0
BRDA:95,12,0,0
BRDA:95,12,1,0
BRDA:123,13,0,0
BRDA:123,13,1,0
BRDA:126,14,0,0
BRDA:126,14,1,0
BRDA:132,15,0,0
BRDA:132,15,1,0
BRDA:165,16,0,0
BRDA:165,16,1,0
BRDA:165,17,0,0
BRDA:165,17,1,0
BRDA:171,18,0,0
BRDA:171,18,1,0
BRDA:174,19,0,0
BRDA:174,19,1,0
BRF:40
BRH:1
end_of_record
TN:
SF:src\utils\activity.js
FN:4,logActivity
FNF:1
FNH:0
FNDA:0,logActivity
DA:1,2
DA:2,2
DA:5,0
DA:6,0
DA:7,0
DA:9,0
DA:20,0
DA:24,2
LF:8
LH:3
BRDA:4,0,0,0
BRDA:4,1,0,0
BRDA:7,2,0,0
BRDA:7,2,1,0
BRF:4
BRH:0
end_of_record
TN:
SF:src\utils\validate.js
FNF:0
FNH:0
DA:1,2
DA:3,2
DA:13,2
DA:18,2
DA:22,2
DA:27,2
DA:32,2
DA:36,2
DA:46,2
LF:9
LH:9
BRF:0
BRH:0
end_of_record
