TN:
SF:src\app.js
FN:18,(anonymous_0)
FNF:1
FNH:1
FNDA:1,(anonymous_0)
DA:1,2
DA:2,2
DA:3,2
DA:4,2
DA:5,2
DA:6,2
DA:7,2
DA:8,2
DA:9,2
DA:11,2
DA:12,2
DA:14,2
DA:15,2
DA:16,2
DA:18,2
DA:19,1
DA:21,2
DA:22,2
DA:23,2
DA:24,2
DA:27,2
DA:28,2
DA:30,2
LF:23
LH:23
BRF:0
BRH:0
end_of_record
TN:
SF:src\db.js
FN:18,(anonymous_0)
FN:19,(anonymous_1)
FN:22,initialize
FN:23,(anonymous_3)
FNF:4
FNH:3
FNDA:1,(anonymous_0)
FNDA:0,(anonymous_1)
FNDA:2,initialize
FNDA:2,(anonymous_3)
DA:1,2
DA:2,2
DA:3,2
DA:5,2
DA:6,2
DA:7,2
DA:9,2
DA:10,2
DA:11,2
DA:16,2
DA:18,1
DA:19,0
DA:23,2
DA:24,0
DA:32,0
DA:36,2
LF:16
LH:13
BRDA:5,0,0,2
BRDA:5,0,1,2
BRDA:6,1,0,2
BRDA:6,1,1,0
BRDA:23,2,0,0
BRDA:23,2,1,2
BRF:6
BRH:4
end_of_record
TN:
SF:src\middleware\auth.js
FN:3,authenticate
FNF:1
FNH:1
FNDA:1,authenticate
DA:1,2
DA:4,1
DA:5,1
DA:6,1
DA:8,1
DA:9,1
DA:10,1
DA:11,1
DA:13,0
DA:17,2
LF:10
LH:9
BRDA:4,0,0,1
BRDA:4,0,1,0
BRDA:5,1,0,1
BRDA:5,1,1,0
BRDA:6,2,0,0
BRDA:6,2,1,1
BRDA:9,3,0,1
BRDA:9,3,1,1
BRF:8
BRH:5
end_of_record
TN:
SF:src\middleware\roles.js
FN:1,requireAdmin
FN:8,requireRole
FN:9,(anonymous_2)
FNF:3
FNH:0
FNDA:0,requireAdmin
FNDA:0,requireRole
FNDA:0,(anonymous_2)
DA:2,0
DA:3,0
DA:5,0
DA:9,0
DA:10,0
DA:11,0
DA:12,0
DA:16,2
LF:8
LH:1
BRDA:2,0,0,0
BRDA:2,0,1,0
BRDA:10,1,0,0
BRDA:10,1,1,0
BRDA:11,2,0,0
BRDA:11,2,1,0
BRF:6
BRH:0
end_of_record
TN:
SF:src\routes\auth.js
FN:11,(anonymous_0)
FN:14,(anonymous_1)
FN:18,(anonymous_2)
FN:23,(anonymous_3)
FN:46,(anonymous_4)
FN:51,(anonymous_5)
FN:62,(anonymous_6)
FN:67,(anonymous_7)
FN:86,(anonymous_8)
FN:91,(anonymous_9)
FN:103,(anonymous_10)
FNF:11
FNH:7
FNDA:1,(anonymous_0)
FNDA:5,(anonymous_1)
FNDA:1,(anonymous_2)
FNDA:5,(anonymous_3)
FNDA:1,(anonymous_4)
FNDA:6,(anonymous_5)
FNDA:0,(anonymous_6)
FNDA:0,(anonymous_7)
FNDA:0,(anonymous_8)
FNDA:0,(anonymous_9)
FNDA:1,(anonymous_10)
DA:1,2
DA:2,2
DA:3,2
DA:4,2
DA:5,2
DA:6,2
DA:7,2
DA:9,2
DA:11,2
DA:12,1
DA:13,1
DA:14,5
DA:15,1
DA:18,2
DA:19,1
DA:20,1
DA:22,1
DA:23,5
DA:24,1
DA:26,1
DA:27,1
DA:28,1
DA:29,1
DA:38,1
DA:39,1
DA:41,1
DA:42,1
DA:43,1
DA:46,2
DA:47,1
DA:48,1
DA:50,1
DA:51,6
DA:52,1
DA:54,1
DA:55,1
DA:57,1
DA:58,1
DA:59,1
DA:62,2
DA:63,0
DA:64,0
DA:66,0
DA:67,0
DA:68,0
DA:70,0
DA:71,0
DA:74,0
DA:75,0
DA:76,0
DA:77,0
DA:78,0
DA:80,0
DA:86,2
DA:87,0
DA:88,0
DA:90,0
DA:91,0
DA:93,0
DA:95,0
DA:96,0
DA:97,0
DA:98,0
DA:100,0
DA:103,2
DA:104,1
DA:107,2
LF:67
LH:44
BRDA:13,0,0,0
BRDA:13,0,1,1
BRDA:20,1,0,0
BRDA:20,1,1,1
BRDA:24,2,0,0
BRDA:24,2,1,1
BRDA:27,3,0,1
BRDA:27,3,1,0
BRDA:42,4,0,1
BRDA:42,4,1,1
BRDA:48,5,0,0
BRDA:48,5,1,1
BRDA:52,6,0,0
BRDA:52,6,1,1
BRDA:55,7,0,0
BRDA:55,7,1,1
BRDA:58,8,0,1
BRDA:58,8,1,1
BRDA:64,9,0,0
BRDA:64,9,1,0
BRDA:70,10,0,0
BRDA:70,10,1,0
BRDA:88,11,0,0
BRDA:88,11,1,0
BRDA:91,12,0,0
BRDA:91,12,1,0
BRDA:93,13,0,0
BRDA:93,13,1,0
BRF:28
BRH:11
end_of_record
TN:
SF:src\routes\projects.js
FN:10,(anonymous_0)
FN:12,(anonymous_1)
FN:12,(anonymous_2)
FN:13,(anonymous_3)
FN:14,(anonymous_4)
FN:15,(anonymous_5)
FN:16,(anonymous_6)
FN:22,(anonymous_7)
FN:32,(anonymous_8)
FN:45,(anonymous_9)
FN:50,(anonymous_10)
FN:53,(anonymous_11)
FN:56,(anonymous_12)
FN:65,(anonymous_13)
FN:68,(anonymous_14)
FN:75,(anonymous_15)
FN:83,(anonymous_16)
FN:85,(anonymous_17)
FN:88,(anonymous_18)
FN:92,(anonymous_19)
FN:93,(anonymous_20)
FN:93,(anonymous_21)
FN:95,(anonymous_22)
FN:97,(anonymous_23)
FN:99,(anonymous_24)
FN:107,(anonymous_25)
FNF:26
FNH:0
FNDA:0,(anonymous_0)
FNDA:0,(anonymous_1)
FNDA:0,(anonymous_2)
FNDA:0,(anonymous_3)
FNDA:0,(anonymous_4)
FNDA:0,(anonymous_5)
FNDA:0,(anonymous_6)
FNDA:0,(anonymous_7)
FNDA:0,(anonymous_8)
FNDA:0,(anonymous_9)
FNDA:0,(anonymous_10)
FNDA:0,(anonymous_11)
FNDA:0,(anonymous_12)
FNDA:0,(anonymous_13)
FNDA:0,(anonymous_14)
FNDA:0,(anonymous_15)
FNDA:0,(anonymous_16)
FNDA:0,(anonymous_17)
FNDA:0,(anonymous_18)
FNDA:0,(anonymous_19)
FNDA:0,(anonymous_20)
FNDA:0,(anonymous_21)
FNDA:0,(anonymous_22)
FNDA:0,(anonymous_23)
FNDA:0,(anonymous_24)
FNDA:0,(anonymous_25)
DA:1,2
DA:2,2
DA:3,2
DA:4,2
DA:5,2
DA:7,2
DA:8,2
DA:10,2
DA:11,0
DA:12,0
DA:14,0
DA:15,0
DA:16,0
DA:17,0
DA:22,0
DA:29,0
DA:32,2
DA:33,0
DA:34,0
DA:36,0
DA:37,0
DA:38,0
DA:39,0
DA:40,0
DA:42,0
DA:45,2
DA:46,0
DA:47,0
DA:49,0
DA:50,0
DA:51,0
DA:53,0
DA:54,0
DA:56,0
DA:57,0
DA:58,0
DA:59,0
DA:62,0
DA:65,2
DA:66,0
DA:67,0
DA:68,0
DA:69,0
DA:71,0
DA:72,0
DA:75,0
DA:76,0
DA:78,0
DA:79,0
DA:80,0
DA:83,2
DA:84,0
DA:85,0
DA:86,0
DA:88,0
DA:89,0
DA:91,0
DA:92,0
DA:93,0
DA:95,0
DA:97,0
DA:98,0
DA:99,0
DA:101,0
DA:107,0
DA:115,2
LF:66
LH:13
BRDA:12,0,0,0
BRDA:12,0,1,0
BRDA:22,1,0,0
BRDA:22,1,1,0
BRDA:34,2,0,0
BRDA:34,2,1,0
BRDA:37,3,0,0
BRDA:37,3,1,0
BRDA:47,4,0,0
BRDA:47,4,1,0
BRDA:51,5,0,0
BRDA:51,5,1,0
BRDA:54,6,0,0
BRDA:54,6,1,0
BRDA:56,7,0,0
BRDA:56,7,1,0
BRDA:57,8,0,0
BRDA:57,8,1,0
BRDA:69,9,0,0
BRDA:69,9,1,0
BRDA:71,10,0,0
BRDA:71,10,1,0
BRDA:75,11,0,0
BRDA:75,11,1,0
BRDA:76,12,0,0
BRDA:76,12,1,0
BRDA:85,13,0,0
BRDA:85,13,1,0
BRDA:86,14,0,0
BRDA:86,14,1,0
BRDA:89,15,0,0
BRDA:89,15,1,0
BRDA:107,16,0,0
BRDA:107,16,1,0
BRF:34
BRH:0
end_of_record
TN:
SF:src\routes\tasks.js
FN:8,(anonymous_0)
FN:15,(anonymous_1)
FN:16,(anonymous_2)
FN:20,isProjectMember
FN:21,(anonymous_4)
FN:24,(anonymous_5)
FN:26,(anonymous_6)
FN:27,(anonymous_7)
FN:37,(anonymous_8)
FN:38,(anonymous_9)
FN:39,(anonymous_10)
FN:42,(anonymous_11)
FN:46,(anonymous_12)
FN:47,(anonymous_13)
FN:50,(anonymous_14)
FN:51,(anonymous_15)
FN:52,(anonymous_16)
FN:53,(anonymous_17)
FN:57,(anonymous_18)
FN:58,(anonymous_19)
FN:66,(anonymous_20)
FN:68,(anonymous_21)
FN:74,(anonymous_22)
FN:75,(anonymous_23)
FN:87,(anonymous_24)
FN:87,(anonymous_25)
FN:92,(anonymous_26)
FN:99,(anonymous_27)
FN:100,(anonymous_28)
FN:107,(anonymous_29)
FN:108,(anonymous_30)
FN:110,(anonymous_31)
FN:115,(anonymous_32)
FN:124,(anonymous_33)
FN:129,(anonymous_34)
FN:130,(anonymous_35)
FN:162,(anonymous_36)
FN:164,(anonymous_37)
FN:172,(anonymous_38)
FN:202,(anonymous_39)
FN:206,(anonymous_40)
FN:207,(anonymous_41)
FN:221,(anonymous_42)
FN:223,(anonymous_43)
FN:237,(anonymous_44)
FN:243,(anonymous_45)
FN:245,(anonymous_46)
FN:259,(anonymous_47)
FN:261,(anonymous_48)
FN:266,(anonymous_49)
FN:267,(anonymous_50)
FN:272,(anonymous_51)
FN:274,(anonymous_52)
FN:278,(anonymous_53)
FN:283,(anonymous_54)
FN:285,(anonymous_55)
FN:300,(anonymous_56)
FN:302,(anonymous_57)
FN:305,(anonymous_58)
FN:316,(anonymous_59)
FN:318,(anonymous_60)
FN:352,(anonymous_61)
FN:355,(anonymous_62)
FN:359,(anonymous_63)
FN:378,(anonymous_64)
FN:380,(anonymous_65)
FN:386,(anonymous_66)
FN:390,(anonymous_67)
FN:391,(anonymous_68)
FN:392,(anonymous_69)
FN:411,(anonymous_70)
FN:413,(anonymous_71)
FN:420,(anonymous_72)
FN:428,(anonymous_73)
FN:430,(anonymous_74)
FN:433,(anonymous_75)
FN:442,(anonymous_76)
FN:444,(anonymous_77)
FN:446,(anonymous_78)
FNF:79
FNH:0
FNDA:0,(anonymous_0)
FNDA:0,(anonymous_1)
FNDA:0,(anonymous_2)
FNDA:0,isProjectMember
FNDA:0,(anonymous_4)
FNDA:0,(anonymous_5)
FNDA:0,(anonymous_6)
FNDA:0,(anonymous_7)
FNDA:0,(anonymous_8)
FNDA:0,(anonymous_9)
FNDA:0,(anonymous_10)
FNDA:0,(anonymous_11)
FNDA:0,(anonymous_12)
FNDA:0,(anonymous_13)
FNDA:0,(anonymous_14)
FNDA:0,(anonymous_15)
FNDA:0,(anonymous_16)
FNDA:0,(anonymous_17)
FNDA:0,(anonymous_18)
FNDA:0,(anonymous_19)
FNDA:0,(anonymous_20)
FNDA:0,(anonymous_21)
FNDA:0,(anonymous_22)
FNDA:0,(anonymous_23)
FNDA:0,(anonymous_24)
FNDA:0,(anonymous_25)
FNDA:0,(anonymous_26)
FNDA:0,(anonymous_27)
FNDA:0,(anonymous_28)
FNDA:0,(anonymous_29)
FNDA:0,(anonymous_30)
FNDA:0,(anonymous_31)
FNDA:0,(anonymous_32)
FNDA:0,(anonymous_33)
FNDA:0,(anonymous_34)
FNDA:0,(anonymous_35)
FNDA:0,(anonymous_36)
FNDA:0,(anonymous_37)
FNDA:0,(anonymous_38)
FNDA:0,(anonymous_39)
FNDA:0,(anonymous_40)
FNDA:0,(anonymous_41)
FNDA:0,(anonymous_42)
FNDA:0,(anonymous_43)
FNDA:0,(anonymous_44)
FNDA:0,(anonymous_45)
FNDA:0,(anonymous_46)
FNDA:0,(anonymous_47)
FNDA:0,(anonymous_48)
FNDA:0,(anonymous_49)
FNDA:0,(anonymous_50)
FNDA:0,(anonymous_51)
FNDA:0,(anonymous_52)
FNDA:0,(anonymous_53)
FNDA:0,(anonymous_54)
FNDA:0,(anonymous_55)
FNDA:0,(anonymous_56)
FNDA:0,(anonymous_57)
FNDA:0,(anonymous_58)
FNDA:0,(anonymous_59)
FNDA:0,(anonymous_60)
FNDA:0,(anonymous_61)
FNDA:0,(anonymous_62)
FNDA:0,(anonymous_63)
FNDA:0,(anonymous_64)
FNDA:0,(anonymous_65)
FNDA:0,(anonymous_66)
FNDA:0,(anonymous_67)
FNDA:0,(anonymous_68)
FNDA:0,(anonymous_69)
FNDA:0,(anonymous_70)
FNDA:0,(anonymous_71)
FNDA:0,(anonymous_72)
FNDA:0,(anonymous_73)
FNDA:0,(anonymous_74)
FNDA:0,(anonymous_75)
FNDA:0,(anonymous_76)
FNDA:0,(anonymous_77)
FNDA:0,(anonymous_78)
DA:1,2
DA:2,2
DA:3,2
DA:4,2
DA:6,2
DA:7,2
DA:8,2
DA:9,2
DA:11,2
DA:12,2
DA:13,2
DA:14,2
DA:15,0
DA:16,0
DA:18,2
DA:21,0
DA:24,2
DA:25,0
DA:26,0
DA:27,0
DA:37,0
DA:38,0
DA:39,0
DA:42,0
DA:43,0
DA:46,2
DA:47,0
DA:48,0
DA:50,0
DA:51,0
DA:52,0
DA:53,0
DA:56,0
DA:57,0
DA:58,0
DA:59,0
DA:60,0
DA:61,0
DA:62,0
DA:65,0
DA:66,0
DA:68,0
DA:74,0
DA:75,0
DA:80,0
DA:81,0
DA:82,0
DA:83,0
DA:84,0
DA:85,0
DA:87,0
DA:89,0
DA:92,2
DA:93,0
DA:94,0
DA:95,0
DA:98,0
DA:99,0
DA:100,0
DA:107,0
DA:108,0
DA:110,0
DA:112,0
DA:115,2
DA:116,0
DA:117,0
DA:118,0
DA:121,0
DA:122,0
DA:124,0
DA:125,0
DA:127,0
DA:129,0
DA:130,0
DA:131,0
DA:144,0
DA:145,0
DA:147,0
DA:159,0
DA:162,2
DA:163,0
DA:164,0
DA:165,0
DA:167,0
DA:168,0
DA:171,0
DA:172,0
DA:173,0
DA:174,0
DA:177,0
DA:178,0
DA:179,0
DA:181,0
DA:184,0
DA:185,0
DA:186,0
DA:188,0
DA:191,0
DA:192,0
DA:193,0
DA:194,0
DA:196,0
DA:197,0
DA:198,0
DA:202,2
DA:203,0
DA:204,0
DA:206,0
DA:207,0
DA:208,0
DA:210,0
DA:211,0
DA:212,0
DA:213,0
DA:216,0
DA:217,0
DA:218,0
DA:221,2
DA:222,0
DA:223,0
DA:224,0
DA:225,0
DA:226,0
DA:229,0
DA:237,0
DA:243,2
DA:244,0
DA:245,0
DA:246,0
DA:247,0
DA:248,0
DA:249,0
DA:252,0
DA:253,0
DA:254,0
DA:255,0
DA:259,2
DA:260,0
DA:261,0
DA:262,0
DA:263,0
DA:265,0
DA:266,0
DA:267,0
DA:268,0
DA:272,2
DA:273,0
DA:274,0
DA:275,0
DA:276,0
DA:278,0
DA:279,0
DA:283,2
DA:284,0
DA:285,0
DA:286,0
DA:287,0
DA:288,0
DA:290,0
DA:291,0
DA:292,0
DA:293,0
DA:294,0
DA:295,0
DA:296,0
DA:300,2
DA:301,0
DA:302,0
DA:303,0
DA:304,0
DA:305,0
DA:306,0
DA:308,0
DA:309,0
DA:310,0
DA:311,0
DA:312,0
DA:316,2
DA:317,0
DA:318,0
DA:319,0
DA:320,0
DA:322,0
DA:323,0
DA:325,0
DA:326,0
DA:327,0
DA:328,0
DA:331,0
DA:342,0
DA:343,0
DA:345,0
DA:346,0
DA:347,0
DA:348,0
DA:352,2
DA:353,0
DA:354,0
DA:355,0
DA:357,0
DA:358,0
DA:359,0
DA:360,0
DA:361,0
DA:362,0
DA:363,0
DA:364,0
DA:365,0
DA:366,0
DA:367,0
DA:368,0
DA:370,0
DA:371,0
DA:372,0
DA:373,0
DA:374,0
DA:378,2
DA:379,0
DA:380,0
DA:381,0
DA:382,0
DA:384,0
DA:386,0
DA:387,0
DA:389,0
DA:390,0
DA:391,0
DA:392,0
DA:393,0
DA:394,0
DA:402,0
DA:403,0
DA:405,0
DA:406,0
DA:407,0
DA:411,2
DA:412,0
DA:413,0
DA:414,0
DA:415,0
DA:417,0
DA:418,0
DA:419,0
DA:420,0
DA:421,0
DA:422,0
DA:423,0
DA:424,0
DA:425,0
DA:428,2
DA:429,0
DA:430,0
DA:431,0
DA:432,0
DA:433,0
DA:434,0
DA:435,0
DA:436,0
DA:437,0
DA:438,0
DA:442,2
DA:443,0
DA:444,0
DA:445,0
DA:446,0
DA:447,0
DA:449,0
DA:450,0
DA:451,0
DA:452,0
DA:453,0
DA:454,0
DA:457,2
LF:273
LH:32
BRDA:21,0,0,0
BRDA:21,0,1,0
BRDA:26,1,0,0
BRDA:26,1,1,0
BRDA:31,2,0,0
BRDA:31,2,1,0
BRDA:33,3,0,0
BRDA:33,3,1,0
BRDA:37,4,0,0
BRDA:37,4,1,0
BRDA:38,5,0,0
BRDA:38,5,1,0
BRDA:39,6,0,0
BRDA:39,6,1,0
BRDA:40,7,0,0
BRDA:40,7,1,0
BRDA:40,7,2,0
BRDA:42,8,0,0
BRDA:42,8,1,0
BRDA:42,9,0,0
BRDA:42,9,1,0
BRDA:53,10,0,0
BRDA:53,10,1,0
BRDA:53,10,2,0
BRDA:59,11,0,0
BRDA:59,11,1,0
BRDA:60,12,0,0
BRDA:60,12,1,0
BRDA:62,13,0,0
BRDA:62,13,1,0
BRDA:66,14,0,0
BRDA:66,14,1,0
BRDA:66,15,0,0
BRDA:66,15,1,0
BRDA:72,16,0,0
BRDA:72,16,1,0
BRDA:74,17,0,0
BRDA:74,17,1,0
BRDA:75,18,0,0
BRDA:75,18,1,0
BRDA:76,19,0,0
BRDA:76,19,1,0
BRDA:76,19,2,0
BRDA:87,20,0,0
BRDA:87,20,1,0
BRDA:87,21,0,0
BRDA:87,21,1,0
BRDA:94,22,0,0
BRDA:94,22,1,0
BRDA:105,23,0,0
BRDA:105,23,1,0
BRDA:107,24,0,0
BRDA:107,24,1,0
BRDA:108,25,0,0
BRDA:108,25,1,0
BRDA:110,26,0,0
BRDA:110,26,1,0
BRDA:110,27,0,0
BRDA:110,27,1,0
BRDA:117,28,0,0
BRDA:117,28,1,0
BRDA:122,29,0,0
BRDA:122,29,1,0
BRDA:125,30,0,0
BRDA:125,30,1,0
BRDA:129,31,0,0
BRDA:129,31,1,0
BRDA:129,32,0,0
BRDA:129,32,1,0
BRDA:130,33,0,0
BRDA:130,33,1,0
BRDA:130,34,0,0
BRDA:130,34,1,0
BRDA:135,35,0,0
BRDA:135,35,1,0
BRDA:137,36,0,0
BRDA:137,36,1,0
BRDA:139,37,0,0
BRDA:139,37,1,0
BRDA:140,38,0,0
BRDA:140,38,1,0
BRDA:147,39,0,0
BRDA:147,39,1,0
BRDA:165,40,0,0
BRDA:165,40,1,0
BRDA:167,41,0,0
BRDA:167,41,1,0
BRDA:171,42,0,0
BRDA:171,42,1,0
BRDA:173,43,0,0
BRDA:173,43,1,0
BRDA:177,44,0,0
BRDA:177,44,1,0
BRDA:178,45,0,0
BRDA:178,45,1,0
BRDA:184,46,0,0
BRDA:184,46,1,0
BRDA:185,47,0,0
BRDA:185,47,1,0
BRDA:191,48,0,0
BRDA:191,48,1,0
BRDA:192,49,0,0
BRDA:192,49,1,0
BRDA:193,50,0,0
BRDA:193,50,1,0
BRDA:193,51,0,0
BRDA:193,51,1,0
BRDA:197,52,0,0
BRDA:197,52,1,0
BRDA:204,53,0,0
BRDA:204,53,1,0
BRDA:208,54,0,0
BRDA:208,54,1,0
BRDA:210,55,0,0
BRDA:210,55,1,0
BRDA:211,56,0,0
BRDA:211,56,1,0
BRDA:212,57,0,0
BRDA:212,57,1,0
BRDA:217,58,0,0
BRDA:217,58,1,0
BRDA:224,59,0,0
BRDA:224,59,1,0
BRDA:225,60,0,0
BRDA:225,60,1,0
BRDA:235,61,0,0
BRDA:235,61,1,0
BRDA:237,62,0,0
BRDA:237,62,1,0
BRDA:246,63,0,0
BRDA:246,63,1,0
BRDA:248,64,0,0
BRDA:248,64,1,0
BRDA:254,65,0,0
BRDA:254,65,1,0
BRDA:262,66,0,0
BRDA:262,66,1,0
BRDA:263,67,0,0
BRDA:263,67,1,0
BRDA:267,68,0,0
BRDA:267,68,1,0
BRDA:267,69,0,0
BRDA:267,69,1,0
BRDA:275,70,0,0
BRDA:275,70,1,0
BRDA:276,71,0,0
BRDA:276,71,1,0
BRDA:286,72,0,0
BRDA:286,72,1,0
BRDA:287,73,0,0
BRDA:287,73,1,0
BRDA:288,74,0,0
BRDA:288,74,1,0
BRDA:295,75,0,0
BRDA:295,75,1,0
BRDA:303,76,0,0
BRDA:303,76,1,0
BRDA:306,77,0,0
BRDA:306,77,1,0
BRDA:311,78,0,0
BRDA:311,78,1,0
BRDA:319,79,0,0
BRDA:319,79,1,0
BRDA:320,80,0,0
BRDA:320,80,1,0
BRDA:326,81,0,0
BRDA:326,81,1,0
BRDA:340,82,0,0
BRDA:340,82,1,0
BRDA:342,83,0,0
BRDA:342,83,1,0
BRDA:354,84,0,0
BRDA:354,84,1,0
BRDA:355,85,0,0
BRDA:355,85,1,0
BRDA:366,86,0,0
BRDA:366,86,1,0
BRDA:381,87,0,0
BRDA:381,87,1,0
BRDA:382,88,0,0
BRDA:382,88,1,0
BRDA:384,89,0,0
BRDA:384,89,1,0
BRDA:384,89,2,0
BRDA:384,89,3,0
BRDA:387,90,0,0
BRDA:387,90,1,0
BRDA:391,91,0,0
BRDA:391,91,1,0
BRDA:391,92,0,0
BRDA:391,92,1,0
BRDA:397,93,0,0
BRDA:397,93,1,0
BRDA:406,94,0,0
BRDA:406,94,1,0
BRDA:414,95,0,0
BRDA:414,95,1,0
BRDA:415,96,0,0
BRDA:415,96,1,0
BRDA:417,97,0,0
BRDA:417,97,1,0
BRDA:418,98,0,0
BRDA:418,98,1,0
BRDA:420,99,0,0
BRDA:420,99,1,0
BRDA:424,100,0,0
BRDA:424,100,1,0
BRDA:431,101,0,0
BRDA:431,101,1,0
BRDA:434,102,0,0
BRDA:434,102,1,0
BRDA:437,103,0,0
BRDA:437,103,1,0
BRDA:445,104,0,0
BRDA:445,104,1,0
BRDA:447,105,0,0
BRDA:447,105,1,0
BRDA:449,106,0,0
BRDA:449,106,1,0
BRDA:450,107,0,0
BRDA:450,107,1,0
BRDA:453,108,0,0
BRDA:453,108,1,0
BRF:223
BRH:0
end_of_record
TN:
SF:src\routes\users.js
FN:8,(anonymous_0)
FN:9,(anonymous_1)
FNF:2
FNH:0
FNDA:0,(anonymous_0)
FNDA:0,(anonymous_1)
DA:1,2
DA:2,2
DA:3,2
DA:5,2
DA:6,2
DA:8,2
DA:9,0
DA:10,0
DA:13,2
LF:9
LH:7
BRF:0
BRH:0
end_of_record
TN:
SF:src\utils\validate.js
FNF:0
FNH:0
DA:1,2
DA:3,2
DA:13,2
DA:18,2
DA:22,2
DA:27,2
DA:32,2
DA:36,2
DA:45,2
LF:9
LH:9
BRF:0
BRH:0
end_of_record
